#
# There is insufficient memory for the Java Runtime Environment to continue.
# Native memory allocation (malloc) failed to allocate 2035856 bytes for Chunk::new
# Possible reasons:
#   The system is out of physical RAM or swap space
#   In 32 bit mode, the process size limit was hit
# Possible solutions:
#   Reduce memory load on the system
#   Increase physical memory or swap space
#   Check if swap backing store is full
#   Use 64 bit Java on a 64 bit OS
#   Decrease Java heap size (-Xmx/-Xms)
#   Decrease number of Java threads
#   Decrease Java thread stack sizes (-Xss)
#   Set larger code cache with -XX:ReservedCodeCacheSize=
# This output file may be truncated or incomplete.
#
#  Out of Memory Error (allocation.cpp:390), pid=6580, tid=0x0000000000001654
#
# JRE version: OpenJDK Runtime Environment (8.0_152-b01) (build 1.8.0_152-release-915-b01)
# Java VM: OpenJDK 64-Bit Server VM (25.152-b01 mixed mode windows-amd64 compressed oops)
# Failed to write core dump. Minidumps are not enabled by default on client versions of Windows
#

---------------  T H R E A D  ---------------

Current thread (0x00000000174dd000):  JavaThread "C2 CompilerThread1" daemon [_thread_in_native, id=5716, stack(0x0000000019380000,0x0000000019480000)]

Stack: [0x0000000019380000,0x0000000019480000]
[error occurred during error reporting (printing stack bounds), id 0xc0000005]

Native frames: (J=compiled Java code, j=interpreted, Vv=VM code, C=native code)


Current CompileTask:
C2:   9922 1681       4       java.net.URLClassLoader$1::run (5 bytes)


---------------  P R O C E S S  ---------------

Java Threads: ( => current thread )
  0x000000001a53c800 JavaThread "Cache worker for file hash cache (E:\zdh_git_workspace\english\.gradle\4.1\fileHashes)" [_thread_blocked, id=3220, stack(0x000000001d4f0000,0x000000001d5f0000)]
  0x000000001a47c800 JavaThread "File lock request listener" [_thread_in_native, id=6380, stack(0x000000001cc20000,0x000000001cd20000)]
  0x0000000018e6a800 JavaThread "Cache worker for file hash cache (C:\Users\admin\.gradle\caches\4.1\fileHashes)" [_thread_blocked, id=6256, stack(0x000000001d370000,0x000000001d470000)]
  0x0000000019877000 JavaThread "Stdin handler" [_thread_blocked, id=580, stack(0x000000001cff0000,0x000000001d0f0000)]
  0x000000001a44c800 JavaThread "Asynchronous log dispatcher for DefaultDaemonConnection: socket connection from /127.0.0.1:50730 to /127.0.0.1:50731" [_thread_blocked, id=4180, stack(0x000000001afd0000,0x000000001b0d0000)]
  0x000000001a43d800 JavaThread "Daemon worker" [_thread_blocked, id=5676, stack(0x000000001ce60000,0x000000001cf60000)]
  0x000000001af19800 JavaThread "Cancel handler" [_thread_blocked, id=3084, stack(0x000000001cd40000,0x000000001ce40000)]
  0x0000000018c9d800 JavaThread "Handler for socket connection from /127.0.0.1:50730 to /127.0.0.1:50731" [_thread_in_native, id=5244, stack(0x000000001c890000,0x000000001c990000)]
  0x0000000018c96800 JavaThread "Daemon" [_thread_blocked, id=6704, stack(0x000000001c790000,0x000000001c890000)]
  0x0000000018cc4000 JavaThread "Daemon periodic checks" [_thread_blocked, id=6556, stack(0x000000001c650000,0x000000001c750000)]
  0x0000000018c10800 JavaThread "Incoming local TCP Connector on port 50730" [_thread_in_native, id=5460, stack(0x000000001c440000,0x000000001c540000)]
  0x0000000018b77000 JavaThread "Service Thread" daemon [_thread_blocked, id=2276, stack(0x0000000019550000,0x0000000019650000)]
  0x0000000018b4d800 JavaThread "C1 CompilerThread2" daemon [_thread_blocked, id=6360, stack(0x00000000191e0000,0x00000000192e0000)]
=>0x00000000174dd000 JavaThread "C2 CompilerThread1" daemon [_thread_in_native, id=5716, stack(0x0000000019380000,0x0000000019480000)]
  0x0000000018b01000 JavaThread "C2 CompilerThread0" daemon [_thread_in_native, id=1996, stack(0x00000000188e0000,0x00000000189e0000)]
  0x0000000018aea800 JavaThread "Attach Listener" daemon [_thread_blocked, id=3388, stack(0x00000000190b0000,0x00000000191b0000)]
  0x00000000174ce000 JavaThread "Signal Dispatcher" daemon [_thread_blocked, id=6820, stack(0x0000000018f00000,0x0000000019000000)]
  0x00000000174ba000 JavaThread "Finalizer" daemon [_thread_blocked, id=6592, stack(0x00000000189e0000,0x0000000018ae0000)]
  0x0000000017473000 JavaThread "Reference Handler" daemon [_thread_blocked, id=1300, stack(0x0000000018720000,0x0000000018820000)]
  0x0000000002468000 JavaThread "main" [_thread_blocked, id=1936, stack(0x00000000026d0000,0x00000000027d0000)]

Other Threads:
  0x000000001746b800 VMThread [stack: 0x0000000018540000,0x0000000018640000] [id=6120]
  0x0000000018b51000 WatcherThread [stack: 0x0000000019700000,0x0000000019800000] [id=3836]

VM state:at safepoint (normal execution)

VM Mutex/Monitor currently owned by a thread:  ([mutex/lock_event])
[0x00000000005cddd0] Threads_lock - owner thread: 0x000000001746b800
[0x00000000005ce2d0] Heap_lock - owner thread: 0x000000001a43d800

Heap:
 PSYoungGen      total 71680K, used 5088K [0x00000000d5580000, 0x00000000da080000, 0x0000000100000000)
  eden space 66560K, 0% used [0x00000000d5580000,0x00000000d5580000,0x00000000d9680000)
  from space 5120K, 99% used [0x00000000d9b80000,0x00000000da078330,0x00000000da080000)
  to   space 5120K, 0% used [0x00000000d9680000,0x00000000d9680000,0x00000000d9b80000)
 ParOldGen       total 87552K, used 8230K [0x0000000080000000, 0x0000000085580000, 0x00000000d5580000)
  object space 87552K, 9% used [0x0000000080000000,0x0000000080809928,0x0000000085580000)
 Metaspace       used 20653K, capacity 21092K, committed 21248K, reserved 1067008K
  class space    used 2847K, capacity 3007K, committed 3072K, reserved 1048576K

Card table byte_map: [0x0000000011b90000,0x0000000011fa0000] byte_map_base: 0x0000000011790000

Marking Bits: (ParMarkBitMap*) 0x0000000055e83950
 Begin Bits: [0x00000000126e0000, 0x00000000146e0000)
 End Bits:   [0x00000000146e0000, 0x00000000166e0000)

Polling page: 0x0000000000160000

CodeCache: size=245760Kb used=5752Kb max_used=6092Kb free=240007Kb
 bounds [0x00000000027d0000, 0x0000000002dd0000, 0x00000000117d0000]
 total_blobs=2040 nmethods=1650 adapters=303
 compilation: enabled

Compilation events (10 events):
Event: 9.885 Thread 0x0000000018b4d800 1767       3       sun.misc.ProxyGenerator::getParameterDescriptors (47 bytes)
Event: 9.886 Thread 0x0000000018b4d800 nmethod 1767 0x000000000296e690 code [0x000000000296e8e0, 0x000000000296f6b8]
Event: 9.886 Thread 0x0000000018b4d800 1768       3       org.codehaus.groovy.reflection.ReflectionCache::setAssignableFrom (1 bytes)
Event: 9.886 Thread 0x0000000018b4d800 nmethod 1768 0x000000000291fc90 code [0x000000000291fde0, 0x000000000291ff10]
Event: 9.886 Thread 0x0000000018b4d800 1769       3       java.util.concurrent.atomic.AtomicInteger::<init> (5 bytes)
Event: 9.886 Thread 0x0000000018b4d800 nmethod 1769 0x0000000002a33c50 code [0x0000000002a33dc0, 0x0000000002a33fd0]
Event: 9.889 Thread 0x0000000018b4d800 1770       3       org.codehaus.groovy.util.ReferenceManager$CallBackedManager::afterReferenceCreation (5 bytes)
Event: 9.889 Thread 0x0000000018b4d800 nmethod 1770 0x0000000002b9ddd0 code [0x0000000002b9df40, 0x0000000002b9e0e8]
Event: 9.889 Thread 0x0000000018b4d800 1771       3       org.codehaus.groovy.util.ReferenceManager$CallBackedManager::removeStallEntries0 (51 bytes)
Event: 9.890 Thread 0x0000000018b4d800 nmethod 1771 0x0000000002923710 code [0x00000000029238e0, 0x00000000029242b8]

GC Heap History (6 events):
Event: 5.892 GC heap before
{Heap before GC invocations=1 (full 0):
 PSYoungGen      total 38400K, used 33280K [0x00000000d5580000, 0x00000000d8000000, 0x0000000100000000)
  eden space 33280K, 100% used [0x00000000d5580000,0x00000000d7600000,0x00000000d7600000)
  from space 5120K, 0% used [0x00000000d7b00000,0x00000000d7b00000,0x00000000d8000000)
  to   space 5120K, 0% used [0x00000000d7600000,0x00000000d7600000,0x00000000d7b00000)
 ParOldGen       total 87552K, used 0K [0x0000000080000000, 0x0000000085580000, 0x00000000d5580000)
  object space 87552K, 0% used [0x0000000080000000,0x0000000080000000,0x0000000085580000)
 Metaspace       used 7013K, capacity 7256K, committed 7424K, reserved 1056768K
  class space    used 845K, capacity 909K, committed 1024K, reserved 1048576K
Event: 5.933 GC heap after
Heap after GC invocations=1 (full 0):
 PSYoungGen      total 38400K, used 4720K [0x00000000d5580000, 0x00000000d8000000, 0x0000000100000000)
  eden space 33280K, 0% used [0x00000000d5580000,0x00000000d5580000,0x00000000d7600000)
  from space 5120K, 92% used [0x00000000d7600000,0x00000000d7a9c130,0x00000000d7b00000)
  to   space 5120K, 0% used [0x00000000d7b00000,0x00000000d7b00000,0x00000000d8000000)
 ParOldGen       total 87552K, used 8K [0x0000000080000000, 0x0000000085580000, 0x00000000d5580000)
  object space 87552K, 0% used [0x0000000080000000,0x0000000080002000,0x0000000085580000)
 Metaspace       used 7013K, capacity 7256K, committed 7424K, reserved 1056768K
  class space    used 845K, capacity 909K, committed 1024K, reserved 1048576K
}
Event: 8.414 GC heap before
{Heap before GC invocations=2 (full 0):
 PSYoungGen      total 38400K, used 37988K [0x00000000d5580000, 0x00000000d8000000, 0x0000000100000000)
  eden space 33280K, 99% used [0x00000000d5580000,0x00000000d75fcf58,0x00000000d7600000)
  from space 5120K, 92% used [0x00000000d7600000,0x00000000d7a9c130,0x00000000d7b00000)
  to   space 5120K, 0% used [0x00000000d7b00000,0x00000000d7b00000,0x00000000d8000000)
 ParOldGen       total 87552K, used 8K [0x0000000080000000, 0x0000000085580000, 0x00000000d5580000)
  object space 87552K, 0% used [0x0000000080000000,0x0000000080002000,0x0000000085580000)
 Metaspace       used 12516K, capacity 12876K, committed 13184K, reserved 1060864K
  class space    used 1688K, capacity 1834K, committed 1920K, reserved 1048576K
Event: 8.422 GC heap after
Heap after GC invocations=2 (full 0):
 PSYoungGen      total 38400K, used 5112K [0x00000000d5580000, 0x00000000d8000000, 0x0000000100000000)
  eden space 33280K, 0% used [0x00000000d5580000,0x00000000d5580000,0x00000000d7600000)
  from space 5120K, 99% used [0x00000000d7b00000,0x00000000d7ffe030,0x00000000d8000000)
  to   space 5120K, 0% used [0x00000000d7600000,0x00000000d7600000,0x00000000d7b00000)
 ParOldGen       total 87552K, used 1197K [0x0000000080000000, 0x0000000085580000, 0x00000000d5580000)
  object space 87552K, 1% used [0x0000000080000000,0x000000008012b750,0x0000000085580000)
 Metaspace       used 12516K, capacity 12876K, committed 13184K, reserved 1060864K
  class space    used 1688K, capacity 1834K, committed 1920K, reserved 1048576K
}
Event: 8.848 GC heap before
{Heap before GC invocations=3 (full 0):
 PSYoungGen      total 38400K, used 38392K [0x00000000d5580000, 0x00000000d8000000, 0x0000000100000000)
  eden space 33280K, 100% used [0x00000000d5580000,0x00000000d7600000,0x00000000d7600000)
  from space 5120K, 99% used [0x00000000d7b00000,0x00000000d7ffe030,0x00000000d8000000)
  to   space 5120K, 0% used [0x00000000d7600000,0x00000000d7600000,0x00000000d7b00000)
 ParOldGen       total 87552K, used 1197K [0x0000000080000000, 0x0000000085580000, 0x00000000d5580000)
  object space 87552K, 1% used [0x0000000080000000,0x000000008012b750,0x0000000085580000)
 Metaspace       used 16058K, capacity 16496K, committed 16768K, reserved 1062912K
  class space    used 2261K, capacity 2380K, committed 2432K, reserved 1048576K
Event: 8.880 GC heap after
Heap after GC invocations=3 (full 0):
 PSYoungGen      total 38400K, used 5108K [0x00000000d5580000, 0x00000000da080000, 0x0000000100000000)
  eden space 33280K, 0% used [0x00000000d5580000,0x00000000d5580000,0x00000000d7600000)
  from space 5120K, 99% used [0x00000000d7600000,0x00000000d7afd060,0x00000000d7b00000)
  to   space 5120K, 0% used [0x00000000d9b80000,0x00000000d9b80000,0x00000000da080000)
 ParOldGen       total 87552K, used 4378K [0x0000000080000000, 0x0000000085580000, 0x00000000d5580000)
  object space 87552K, 5% used [0x0000000080000000,0x00000000804468f8,0x0000000085580000)
 Metaspace       used 16058K, capacity 16496K, committed 16768K, reserved 1062912K
  class space    used 2261K, capacity 2380K, committed 2432K, reserved 1048576K
}

Deoptimization events (10 events):
Event: 9.465 Thread 0x000000001a43d800 Uncommon trap: reason=class_check action=maybe_recompile pc=0x00000000029aa2a0 method=java.lang.String.equals(Ljava/lang/Object;)Z @ 8
Event: 9.465 Thread 0x000000001a43d800 Uncommon trap: reason=class_check action=maybe_recompile pc=0x00000000029aa2a0 method=java.lang.String.equals(Ljava/lang/Object;)Z @ 8
Event: 9.465 Thread 0x000000001a43d800 Uncommon trap: reason=class_check action=maybe_recompile pc=0x00000000029aa2a0 method=java.lang.String.equals(Ljava/lang/Object;)Z @ 8
Event: 9.465 Thread 0x000000001a43d800 Uncommon trap: reason=class_check action=maybe_recompile pc=0x00000000029aa2a0 method=java.lang.String.equals(Ljava/lang/Object;)Z @ 8
Event: 9.572 Thread 0x000000001a43d800 Uncommon trap: reason=class_check action=maybe_recompile pc=0x00000000029b15fc method=sun.misc.URLClassPath.getLoader(I)Lsun/misc/URLClassPath$Loader; @ 94
Event: 9.572 Thread 0x000000001a43d800 Uncommon trap: reason=class_check action=maybe_recompile pc=0x0000000002d338f4 method=sun.misc.URLClassPath.getResource(Ljava/lang/String;Z)Lsun/misc/Resource; @ 62
Event: 9.609 Thread 0x000000001a43d800 Uncommon trap: reason=bimorphic action=maybe_recompile pc=0x0000000002d27958 method=java.io.BufferedInputStream.read([BII)I @ 101
Event: 9.610 Thread 0x000000001a43d800 Uncommon trap: reason=bimorphic action=maybe_recompile pc=0x0000000002d27958 method=java.io.BufferedInputStream.read([BII)I @ 101
Event: 9.610 Thread 0x000000001a43d800 Uncommon trap: reason=bimorphic action=maybe_recompile pc=0x0000000002d27958 method=java.io.BufferedInputStream.read([BII)I @ 101
Event: 9.610 Thread 0x000000001a43d800 Uncommon trap: reason=bimorphic action=maybe_recompile pc=0x0000000002d27958 method=java.io.BufferedInputStream.read([BII)I @ 101

Classes redefined (0 events):
No events

Internal exceptions (10 events):
Event: 9.045 Thread 0x000000001a43d800 Exception <a 'java/lang/NoSuchMethodError': <clinit>> (0x00000000d5b0d4c8) thrown at [D:\src\AOSP-openjdk-cygwin\jdk8u\hotspot\src\share\vm\prims\jni.cpp, line 1613]
Event: 9.046 Thread 0x000000001a43d800 Exception <a 'java/lang/NoSuchMethodError': <clinit>> (0x00000000d5b17a08) thrown at [D:\src\AOSP-openjdk-cygwin\jdk8u\hotspot\src\share\vm\prims\jni.cpp, line 1613]
Event: 9.046 Thread 0x000000001a43d800 Exception <a 'java/lang/NoSuchMethodError': <clinit>> (0x00000000d5b24850) thrown at [D:\src\AOSP-openjdk-cygwin\jdk8u\hotspot\src\share\vm\prims\jni.cpp, line 1613]
Event: 9.047 Thread 0x000000001a43d800 Exception <a 'java/lang/NoSuchMethodError': <clinit>> (0x00000000d5b312a0) thrown at [D:\src\AOSP-openjdk-cygwin\jdk8u\hotspot\src\share\vm\prims\jni.cpp, line 1613]
Event: 9.048 Thread 0x000000001a43d800 Exception <a 'java/lang/NoSuchMethodError': <clinit>> (0x00000000d5b3e850) thrown at [D:\src\AOSP-openjdk-cygwin\jdk8u\hotspot\src\share\vm\prims\jni.cpp, line 1613]
Event: 9.055 Thread 0x000000001a43d800 Exception <a 'java/lang/NoSuchMethodError': <clinit>> (0x00000000d5b96540) thrown at [D:\src\AOSP-openjdk-cygwin\jdk8u\hotspot\src\share\vm\prims\jni.cpp, line 1613]
Event: 9.055 Thread 0x000000001a43d800 Exception <a 'java/lang/NoSuchMethodError': <clinit>> (0x00000000d5b9a200) thrown at [D:\src\AOSP-openjdk-cygwin\jdk8u\hotspot\src\share\vm\prims\jni.cpp, line 1613]
Event: 9.055 Thread 0x000000001a43d800 Exception <a 'java/lang/NoSuchMethodError': <clinit>> (0x00000000d5b9bd08) thrown at [D:\src\AOSP-openjdk-cygwin\jdk8u\hotspot\src\share\vm\prims\jni.cpp, line 1613]
Event: 9.162 Thread 0x000000001a43d800 Implicit null exception at 0x0000000002aa0d56 to 0x0000000002aa10e9
Event: 9.162 Thread 0x000000001a43d800 Implicit null exception at 0x00000000029dbf16 to 0x00000000029dc2a1

Events (10 events):
Event: 9.892 loading class org/w3c/dom/Attr
Event: 9.892 loading class org/w3c/dom/Attr done
Event: 9.892 loading class org/w3c/dom/TypeInfo
Event: 9.892 loading class org/w3c/dom/TypeInfo done
Event: 9.892 loading class org/w3c/dom/NamedNodeMap
Event: 9.892 loading class org/w3c/dom/NamedNodeMap done
Event: 9.892 loading class org/w3c/dom/UserDataHandler
Event: 9.892 loading class org/w3c/dom/UserDataHandler done
Event: 9.892 loading class org/w3c/dom/Document
Event: 9.892 loading class org/w3c/dom/Document done


Dynamic libraries:
0x000000013f9d0000 - 0x000000013fa01000 	C:\Program Files\Android\Android Studio\jre\bin\java.exe
0x0000000076fc0000 - 0x000000007716a000 	C:\Windows\SYSTEM32\ntdll.dll
0x00000000769e0000 - 0x0000000076aff000 	C:\Windows\system32\kernel32.dll
0x000007fefd330000 - 0x000007fefd39a000 	C:\Windows\system32\KERNELBASE.dll
0x000007fefd770000 - 0x000007fefd84b000 	C:\Windows\system32\ADVAPI32.dll
0x000007feff1a0000 - 0x000007feff23f000 	C:\Windows\system32\msvcrt.dll
0x000007fefdf60000 - 0x000007fefdf7f000 	C:\Windows\SYSTEM32\sechost.dll
0x000007fefde30000 - 0x000007fefdf5d000 	C:\Windows\system32\RPCRT4.dll
0x0000000076780000 - 0x000000007687a000 	C:\Windows\system32\USER32.dll
0x000007fefd9a0000 - 0x000007fefda07000 	C:\Windows\system32\GDI32.dll
0x000007feff070000 - 0x000007feff07e000 	C:\Windows\system32\LPK.dll
0x000007fefdd30000 - 0x000007fefddfb000 	C:\Windows\system32\USP10.dll
0x000007fefb9f0000 - 0x000007fefbbe4000 	C:\Windows\WinSxS\amd64_microsoft.windows.common-controls_6595b64144ccf1df_6.0.7601.18837_none_fa3b1e3d17594757\COMCTL32.dll
0x000007fefef50000 - 0x000007fefefc1000 	C:\Windows\system32\SHLWAPI.dll
0x000007fefde00000 - 0x000007fefde2e000 	C:\Windows\system32\IMM32.DLL
0x000007fefda20000 - 0x000007fefdb29000 	C:\Windows\system32\MSCTF.dll
0x0000000053370000 - 0x0000000053442000 	C:\Program Files\Android\Android Studio\jre\jre\bin\msvcr100.dll
0x00000000556c0000 - 0x0000000055efe000 	C:\Program Files\Android\Android Studio\jre\jre\bin\server\jvm.dll
0x000007fef81c0000 - 0x000007fef81c9000 	C:\Windows\system32\WSOCK32.dll
0x000007fefd950000 - 0x000007fefd99d000 	C:\Windows\system32\WS2_32.dll
0x000007fefda10000 - 0x000007fefda18000 	C:\Windows\system32\NSI.dll
0x000007fefd2b0000 - 0x000007fefd2eb000 	C:\Windows\system32\WINMM.dll
0x000007fefc320000 - 0x000007fefc32c000 	C:\Windows\system32\VERSION.dll
0x0000000077190000 - 0x0000000077197000 	C:\Windows\system32\PSAPI.DLL
0x000007fefbee0000 - 0x000007fefbeef000 	C:\Program Files\Android\Android Studio\jre\jre\bin\verify.dll
0x000007fef50b0000 - 0x000007fef50d9000 	C:\Program Files\Android\Android Studio\jre\jre\bin\java.dll
0x000007fef50f0000 - 0x000007fef5106000 	C:\Program Files\Android\Android Studio\jre\jre\bin\zip.dll
0x000007fefdf80000 - 0x000007fefed0a000 	C:\Windows\system32\SHELL32.dll
0x000007fefdb30000 - 0x000007fefdd2c000 	C:\Windows\system32\ole32.dll
0x000007fefd200000 - 0x000007fefd20f000 	C:\Windows\system32\profapi.dll
0x000007fef5090000 - 0x000007fef50aa000 	C:\Program Files\Android\Android Studio\jre\jre\bin\net.dll
0x000007fefc9f0000 - 0x000007fefca45000 	C:\Windows\system32\mswsock.dll
0x000007fefc9e0000 - 0x000007fefc9e7000 	C:\Windows\System32\wship6.dll
0x000007fef3670000 - 0x000007fef3681000 	C:\Program Files\Android\Android Studio\jre\jre\bin\nio.dll
0x000007fef35f0000 - 0x000007fef360e000 	C:\Users\admin\.gradle\native\25\windows-amd64\native-platform.dll
0x000007fefbef0000 - 0x000007fefbefd000 	C:\Program Files\Android\Android Studio\jre\jre\bin\management.dll
0x000007fefca50000 - 0x000007fefca68000 	C:\Windows\system32\CRYPTSP.dll
0x000007fefc750000 - 0x000007fefc797000 	C:\Windows\system32\rsaenh.dll
0x000007fefc500000 - 0x000007fefc51e000 	C:\Windows\system32\USERENV.dll
0x000007fefd0f0000 - 0x000007fefd0ff000 	C:\Windows\system32\CRYPTBASE.dll
0x000007fefad20000 - 0x000007fefad47000 	C:\Windows\system32\IPHLPAPI.DLL
0x000007fefad00000 - 0x000007fefad0b000 	C:\Windows\system32\WINNSI.DLL
0x000007fef9da0000 - 0x000007fef9db1000 	C:\Windows\system32\dhcpcsvc6.DLL
0x000007fefa760000 - 0x000007fefa778000 	C:\Windows\system32\dhcpcsvc.DLL

VM Arguments:
jvm_args: -XX:MaxPermSize=512m -XX:+HeapDumpOnOutOfMemoryError -Xmx2048m -Dfile.encoding=UTF-8 -Duser.country=CN -Duser.language=zh -Duser.variant 
java_command: org.gradle.launcher.daemon.bootstrap.GradleDaemon 4.1
java_class_path (initial): C:\Program Files\Android\Android Studio\gradle\gradle-4.1\lib\gradle-launcher-4.1.jar
Launcher Type: SUN_STANDARD

Environment Variables:
JAVA_HOME=D:\jdkjava\jdk1.8.0_31
CLASSPATH=.;D:\jdkjava\jdk1.8.0_31\lib\tools.jar;D:\jdkjava\jdk1.8.0_31\lib\dt.jar
PATH=E:\ffmpeg\bin;D:\jdkjava\jdk1.8.0_31\bin;C:\Python27\Scripts;C:\Python27;E:\Android\sdk\platform-tools;C:\Program Files (x86)\Git\cmd;D:\sdk\platform-tools;C:\ProgramData\Oracle\Java\javapath;D:\jdkjava\jdk1.8.0_31\bin;C:\Program Files (x86)\NVIDIA Corporation\PhysX\Common;C:\Windows\system32;C:\Windows;C:\Windows\System32\Wbem;C:\Windows\System32\WindowsPowerShell\v1.0\;C:\Program Files (x86)\Common Files\microsoft shared\TigerKin;C:\Program Files (x86)\Git\cmd;D:\Program Files\nodejs\;C:\Program Files\PuTTY\;C:\Program Files\TortoiseSVN\bin;C:\Users\admin\AppData\Roaming\npm;C:\Program Files (x86)\SSH Communications Security\SSH Secure Shell;C:\Users\admin\AppData\Local\Programs\Fiddler
USERNAME=admin
OS=Windows_NT
PROCESSOR_IDENTIFIER=Intel64 Family 6 Model 60 Stepping 3, GenuineIntel



---------------  S Y S T E M  ---------------

OS: Windows 7 , 64 bit Build 7601 (6.1.7601.23915)

CPU:total 4 (initial active 4) (4 cores per cpu, 1 threads per core) family 6 model 60 stepping 3, cmov, cx8, fxsr, mmx, sse, sse2, sse3, ssse3, sse4.1, sse4.2, popcnt, avx, avx2, aes, clmul, erms, rtm, lzcnt, tsc, tscinvbit, bmi1, bmi2

Memory: 4k page, physical 8286452k(725532k free), swap 9333168k(5744k free)

vm_info: OpenJDK 64-Bit Server VM (25.152-b01) for windows-amd64 JRE (1.8.0_152-release-915-b01), built by "builder" with MS VC++ 10.0 (VS2010)

time: Wed Jan 17 15:50:59 2018
elapsed time: 9 seconds (0d 0h 0m 9s)

