#
# There is insufficient memory for the Java Runtime Environment to continue.
# Native memory allocation (malloc) failed to allocate 1516944 bytes for Chunk::new
# Possible reasons:
#   The system is out of physical RAM or swap space
#   In 32 bit mode, the process size limit was hit
# Possible solutions:
#   Reduce memory load on the system
#   Increase physical memory or swap space
#   Check if swap backing store is full
#   Use 64 bit Java on a 64 bit OS
#   Decrease Java heap size (-Xmx/-Xms)
#   Decrease number of Java threads
#   Decrease Java thread stack sizes (-Xss)
#   Set larger code cache with -XX:ReservedCodeCacheSize=
# This output file may be truncated or incomplete.
#
#  Out of Memory Error (allocation.cpp:390), pid=6652, tid=0x0000000000001e24
#
# JRE version: OpenJDK Runtime Environment (8.0_152-b01) (build 1.8.0_152-release-915-b01)
# Java VM: OpenJDK 64-Bit Server VM (25.152-b01 mixed mode windows-amd64 compressed oops)
# Failed to write core dump. Minidumps are not enabled by default on client versions of Windows
#

---------------  T H R E A D  ---------------

Current thread (0x0000000057ebf000):  JavaThread "C2 CompilerThread0" daemon [_thread_in_native, id=7716, stack(0x00000000599c0000,0x0000000059ac0000)]

Stack: [0x00000000599c0000,0x0000000059ac0000]
[error occurred during error reporting (printing stack bounds), id 0xc0000005]

Native frames: (J=compiled Java code, j=interpreted, Vv=VM code, C=native code)


Current CompileTask:
C2: 306839 24744       4       proguard.classfile.util.ClassReferenceInitializer::visitAnyRefConstant (263 bytes)


---------------  P R O C E S S  ---------------

Java Threads: ( => current thread )
  0x000000005fbdb800 JavaThread "Cache worker for Java compile cache (E:\zdh_git_workspace\english\.gradle\4.1\javaCompile)" [_thread_blocked, id=6136, stack(0x000000006ac50000,0x000000006ad50000)]
  0x0000000064fe4000 JavaThread "RMI TCP Connection(idle)" daemon [_thread_blocked, id=6244, stack(0x000000005d3f0000,0x000000005d4f0000)]
  0x000000005e850800 JavaThread "RMI TCP Connection(idle)" daemon [_thread_blocked, id=7532, stack(0x000000006a520000,0x000000006a620000)]
  0x0000000064fe2800 JavaThread "RMI Reaper" [_thread_blocked, id=7688, stack(0x000000006a400000,0x000000006a500000)]
  0x0000000064fe1000 JavaThread "RMI TCP Accept-0" daemon [_thread_in_native, id=6556, stack(0x00000000674c0000,0x00000000675c0000)]
  0x0000000064fe2000 JavaThread "GC Daemon" daemon [_thread_blocked, id=6880, stack(0x00000000692e0000,0x00000000693e0000)]
  0x0000000064fdf800 JavaThread "RMI Scheduler(0)" daemon [_thread_blocked, id=3756, stack(0x00000000691e0000,0x00000000692e0000)]
  0x000000005e84f000 JavaThread "Task worker for ':' Thread 3" [_thread_blocked, id=7988, stack(0x0000000067370000,0x0000000067470000)]
  0x000000005e84e800 JavaThread "Task worker for ':' Thread 2" [_thread_blocked, id=5408, stack(0x0000000062c60000,0x0000000062d60000)]
  0x000000005fbdf800 JavaThread "Task worker for ':'" [_thread_blocked, id=6316, stack(0x00000000670c0000,0x00000000671c0000)]
  0x000000005fbde800 JavaThread "Cache worker for task history cache (E:\zdh_git_workspace\english\.gradle\4.1\taskHistory)" [_thread_blocked, id=7860, stack(0x0000000066420000,0x0000000066520000)]
  0x000000005fbde000 JavaThread "Cache worker for file content cache (E:\zdh_git_workspace\english\.gradle\4.1\fileContent)" [_thread_blocked, id=3680, stack(0x0000000066f80000,0x0000000067080000)]
  0x000000005fbdc800 JavaThread "build operations Thread 4" [_thread_blocked, id=3596, stack(0x000000005df80000,0x000000005e080000)]
  0x000000005fbd8800 JavaThread "build operations Thread 3" [_thread_blocked, id=2272, stack(0x0000000062aa0000,0x0000000062ba0000)]
  0x000000005bf20000 JavaThread "build operations Thread 2" [_thread_blocked, id=8104, stack(0x00000000623a0000,0x00000000624a0000)]
  0x000000005bf26000 JavaThread "build operations" [_thread_blocked, id=4956, stack(0x00000000629a0000,0x0000000062aa0000)]
  0x000000005bf1f000 JavaThread "Cache worker for Artifact transforms cache (C:\Users\admin\.gradle\caches\transforms-1)" [_thread_blocked, id=7104, stack(0x0000000062850000,0x0000000062950000)]
  0x000000005bf21800 JavaThread "Cache worker for file hash cache (E:\zdh_git_workspace\english\.gradle\4.1\fileHashes)" [_thread_blocked, id=3488, stack(0x000000005dbd0000,0x000000005dcd0000)]
  0x000000005bf1d000 JavaThread "Asynchronous log dispatcher for DefaultDaemonConnection: socket connection from /127.0.0.1:58037 to /127.0.0.1:58065" [_thread_blocked, id=7308, stack(0x0000000059fb0000,0x000000005a0b0000)]
  0x000000005bf20800 JavaThread "Cancel handler" [_thread_blocked, id=7972, stack(0x0000000059be0000,0x0000000059ce0000)]
  0x000000005bf1b800 JavaThread "Handler for socket connection from /127.0.0.1:58037 to /127.0.0.1:58065" [_thread_in_native, id=5888, stack(0x000000005d8b0000,0x000000005d9b0000)]
  0x000000005bf23800 JavaThread "Memory manager" [_thread_blocked, id=6684, stack(0x0000000063250000,0x0000000063350000)]
  0x000000005bf23000 JavaThread "pool-1-thread-1" [_thread_blocked, id=3672, stack(0x000000005f5c0000,0x000000005f6c0000)]
  0x000000005bb16000 JavaThread "File lock request listener" [_thread_in_native, id=3728, stack(0x000000005e0e0000,0x000000005e1e0000)]
  0x000000005ba8d800 JavaThread "Cache worker for file hash cache (C:\Users\admin\.gradle\caches\4.1\fileHashes)" [_thread_blocked, id=5240, stack(0x000000005d750000,0x000000005d850000)]
  0x000000005b945800 JavaThread "Daemon worker" [_thread_in_Java, id=6828, stack(0x000000005da80000,0x000000005db80000)]
  0x000000005b3e4000 JavaThread "Daemon" [_thread_blocked, id=5936, stack(0x000000005a1b0000,0x000000005a2b0000)]
  0x000000005b076000 JavaThread "Daemon periodic checks" [_thread_blocked, id=7924, stack(0x000000005d210000,0x000000005d310000)]
  0x000000005b071000 JavaThread "Incoming local TCP Connector on port 58037" [_thread_in_native, id=7892, stack(0x000000005d000000,0x000000005d100000)]
  0x000000005943e800 JavaThread "Service Thread" daemon [_thread_blocked, id=5128, stack(0x000000005a0b0000,0x000000005a1b0000)]
  0x00000000593c3000 JavaThread "C1 CompilerThread2" daemon [_thread_blocked, id=6872, stack(0x0000000059eb0000,0x0000000059fb0000)]
  0x00000000593bf000 JavaThread "C2 CompilerThread1" daemon [_thread_in_native, id=1804, stack(0x0000000059cf0000,0x0000000059df0000)]
=>0x0000000057ebf000 JavaThread "C2 CompilerThread0" daemon [_thread_in_native, id=7716, stack(0x00000000599c0000,0x0000000059ac0000)]
  0x00000000593aa800 JavaThread "Attach Listener" daemon [_thread_blocked, id=7252, stack(0x0000000059ae0000,0x0000000059be0000)]
  0x0000000057eae000 JavaThread "Signal Dispatcher" daemon [_thread_blocked, id=7552, stack(0x0000000059850000,0x0000000059950000)]
  0x0000000057e9a000 JavaThread "Finalizer" daemon [_thread_blocked, id=3568, stack(0x00000000592a0000,0x00000000593a0000)]
  0x0000000057e53000 JavaThread "Reference Handler" daemon [_thread_blocked, id=6516, stack(0x0000000059120000,0x0000000059220000)]
  0x0000000002448000 JavaThread "main" [_thread_blocked, id=3964, stack(0x00000000025b0000,0x00000000026b0000)]

Other Threads:
  0x0000000057e4b800 VMThread [stack: 0x0000000058fa0000,0x00000000590a0000] [id=4132]
  0x0000000059441000 WatcherThread [stack: 0x000000005a2d0000,0x000000005a3d0000] [id=7400]

VM state:not at safepoint (normal execution)

VM Mutex/Monitor currently owned by a thread: None

Heap:
 PSYoungGen      total 577536K, used 342819K [0x00000000d5580000, 0x0000000100000000, 0x0000000100000000)
  eden space 473600K, 50% used [0x00000000d5580000,0x00000000e3f38d60,0x00000000f2400000)
  from space 103936K, 99% used [0x00000000f2400000,0x00000000f8910010,0x00000000f8980000)
  to   space 121344K, 0% used [0x00000000f8980000,0x00000000f8980000,0x0000000100000000)
 ParOldGen       total 428544K, used 213795K [0x0000000080000000, 0x000000009a280000, 0x00000000d5580000)
  object space 428544K, 49% used [0x0000000080000000,0x000000008d0c8ef8,0x000000009a280000)
 Metaspace       used 100510K, capacity 107048K, committed 107264K, reserved 1142784K
  class space    used 12482K, capacity 13981K, committed 14080K, reserved 1048576K

Card table byte_map: [0x0000000002af0000,0x0000000002f00000] byte_map_base: 0x00000000026f0000

Marking Bits: (ParMarkBitMap*) 0x0000000008443950
 Begin Bits: [0x0000000003840000, 0x0000000005840000)
 End Bits:   [0x0000000005840000, 0x0000000007840000)

Polling page: 0x0000000000360000

CodeCache: size=245760Kb used=73573Kb max_used=73573Kb free=172186Kb
 bounds [0x00000000084c0000, 0x000000000cd10000, 0x00000000174c0000]
 total_blobs=20389 nmethods=19481 adapters=817
 compilation: enabled

Compilation events (10 events):
Event: 306.780 Thread 0x00000000593bf000 nmethod 24962 0x000000000c9798d0 code [0x000000000c979a00, 0x000000000c979a78]
Event: 306.780 Thread 0x00000000593bf000 24964       4       proguard.classfile.instruction.ConstantInstruction::length (12 bytes)
Event: 306.781 Thread 0x00000000593bf000 nmethod 24964 0x000000000c90a250 code [0x000000000c90a380, 0x000000000c90a438]
Event: 306.781 Thread 0x00000000593bf000 24965       4       proguard.classfile.instruction.SimpleInstruction::length (7 bytes)
Event: 306.781 Thread 0x00000000593bf000 nmethod 24965 0x000000000c90d550 code [0x000000000c90d680, 0x000000000c90d718]
Event: 306.781 Thread 0x00000000593bf000 24963       4       proguard.classfile.util.SimplifiedVisitor::visitAnyAnnotationsAttribute (7 bytes)
Event: 306.781 Thread 0x00000000593bf000 nmethod 24963 0x000000000c90d2d0 code [0x000000000c90d420, 0x000000000c90d498]
Event: 306.781 Thread 0x00000000593bf000 24966       4       proguard.classfile.instruction.SimpleInstruction::accept (14 bytes)
Event: 306.782 Thread 0x00000000593bf000 nmethod 24966 0x000000000c90d010 code [0x000000000c90d160, 0x000000000c90d1f8]
Event: 306.782 Thread 0x00000000593bf000 24974       4       proguard.classfile.attribute.visitor.AllAttributeVisitor::visitProgramClass (31 bytes)

GC Heap History (10 events):
Event: 243.553 GC heap before
{Heap before GC invocations=24 (full 4):
 PSYoungGen      total 473088K, used 453291K [0x00000000d5580000, 0x00000000f8600000, 0x0000000100000000)
  eden space 422400K, 100% used [0x00000000d5580000,0x00000000ef200000,0x00000000ef200000)
  from space 50688K, 60% used [0x00000000ef200000,0x00000000f102af98,0x00000000f2380000)
  to   space 51200K, 0% used [0x00000000f5400000,0x00000000f5400000,0x00000000f8600000)
 ParOldGen       total 233984K, used 110659K [0x0000000080000000, 0x000000008e480000, 0x00000000d5580000)
  object space 233984K, 47% used [0x0000000080000000,0x0000000086c10fb0,0x000000008e480000)
 Metaspace       used 96460K, capacity 102906K, committed 103040K, reserved 1138688K
  class space    used 12161K, capacity 13626K, committed 13696K, reserved 1048576K
Event: 243.591 GC heap after
Heap after GC invocations=24 (full 4):
 PSYoungGen      total 509440K, used 33838K [0x00000000d5580000, 0x00000000f8180000, 0x0000000100000000)
  eden space 462848K, 0% used [0x00000000d5580000,0x00000000d5580000,0x00000000f1980000)
  from space 46592K, 72% used [0x00000000f5400000,0x00000000f750b8c0,0x00000000f8180000)
  to   space 53248K, 0% used [0x00000000f1980000,0x00000000f1980000,0x00000000f4d80000)
 ParOldGen       total 233984K, used 110667K [0x0000000080000000, 0x000000008e480000, 0x00000000d5580000)
  object space 233984K, 47% used [0x0000000080000000,0x0000000086c12fb0,0x000000008e480000)
 Metaspace       used 96460K, capacity 102906K, committed 103040K, reserved 1138688K
  class space    used 12161K, capacity 13626K, committed 13696K, reserved 1048576K
}
Event: 258.128 GC heap before
{Heap before GC invocations=25 (full 4):
 PSYoungGen      total 509440K, used 496686K [0x00000000d5580000, 0x00000000f8180000, 0x0000000100000000)
  eden space 462848K, 100% used [0x00000000d5580000,0x00000000f1980000,0x00000000f1980000)
  from space 46592K, 72% used [0x00000000f5400000,0x00000000f750b8c0,0x00000000f8180000)
  to   space 53248K, 0% used [0x00000000f1980000,0x00000000f1980000,0x00000000f4d80000)
 ParOldGen       total 233984K, used 110667K [0x0000000080000000, 0x000000008e480000, 0x00000000d5580000)
  object space 233984K, 47% used [0x0000000080000000,0x0000000086c12fb0,0x000000008e480000)
 Metaspace       used 98816K, capacity 105274K, committed 105472K, reserved 1140736K
  class space    used 12279K, capacity 13754K, committed 13824K, reserved 1048576K
Event: 258.217 GC heap after
Heap after GC invocations=25 (full 4):
 PSYoungGen      total 516096K, used 53237K [0x00000000d5580000, 0x00000000fda80000, 0x0000000100000000)
  eden space 462848K, 0% used [0x00000000d5580000,0x00000000d5580000,0x00000000f1980000)
  from space 53248K, 99% used [0x00000000f1980000,0x00000000f4d7d558,0x00000000f4d80000)
  to   space 76800K, 0% used [0x00000000f8f80000,0x00000000f8f80000,0x00000000fda80000)
 ParOldGen       total 233984K, used 153031K [0x0000000080000000, 0x000000008e480000, 0x00000000d5580000)
  object space 233984K, 65% used [0x0000000080000000,0x0000000089571ea8,0x000000008e480000)
 Metaspace       used 98816K, capacity 105274K, committed 105472K, reserved 1140736K
  class space    used 12279K, capacity 13754K, committed 13824K, reserved 1048576K
}
Event: 304.165 GC heap before
{Heap before GC invocations=26 (full 4):
 PSYoungGen      total 516096K, used 516085K [0x00000000d5580000, 0x00000000fda80000, 0x0000000100000000)
  eden space 462848K, 100% used [0x00000000d5580000,0x00000000f1980000,0x00000000f1980000)
  from space 53248K, 99% used [0x00000000f1980000,0x00000000f4d7d558,0x00000000f4d80000)
  to   space 76800K, 0% used [0x00000000f8f80000,0x00000000f8f80000,0x00000000fda80000)
 ParOldGen       total 233984K, used 153031K [0x0000000080000000, 0x000000008e480000, 0x00000000d5580000)
  object space 233984K, 65% used [0x0000000080000000,0x0000000089571ea8,0x000000008e480000)
 Metaspace       used 100152K, capacity 106664K, committed 106880K, reserved 1142784K
  class space    used 12438K, capacity 13917K, committed 13952K, reserved 1048576K
Event: 304.289 GC heap after
Heap after GC invocations=26 (full 4):
 PSYoungGen      total 550400K, used 76797K [0x00000000d5580000, 0x0000000100000000, 0x0000000100000000)
  eden space 473600K, 0% used [0x00000000d5580000,0x00000000d5580000,0x00000000f2400000)
  from space 76800K, 99% used [0x00000000f8f80000,0x00000000fda7f458,0x00000000fda80000)
  to   space 110080K, 0% used [0x00000000f2400000,0x00000000f2400000,0x00000000f8f80000)
 ParOldGen       total 233984K, used 207625K [0x0000000080000000, 0x000000008e480000, 0x00000000d5580000)
  object space 233984K, 88% used [0x0000000080000000,0x000000008cac26c0,0x000000008e480000)
 Metaspace       used 100152K, capacity 106664K, committed 106880K, reserved 1142784K
  class space    used 12438K, capacity 13917K, committed 13952K, reserved 1048576K
}
Event: 304.289 GC heap before
{Heap before GC invocations=27 (full 5):
 PSYoungGen      total 550400K, used 76797K [0x00000000d5580000, 0x0000000100000000, 0x0000000100000000)
  eden space 473600K, 0% used [0x00000000d5580000,0x00000000d5580000,0x00000000f2400000)
  from space 76800K, 99% used [0x00000000f8f80000,0x00000000fda7f458,0x00000000fda80000)
  to   space 110080K, 0% used [0x00000000f2400000,0x00000000f2400000,0x00000000f8f80000)
 ParOldGen       total 233984K, used 207625K [0x0000000080000000, 0x000000008e480000, 0x00000000d5580000)
  object space 233984K, 88% used [0x0000000080000000,0x000000008cac26c0,0x000000008e480000)
 Metaspace       used 100152K, capacity 106664K, committed 106880K, reserved 1142784K
  class space    used 12438K, capacity 13917K, committed 13952K, reserved 1048576K
Event: 304.874 GC heap after
Heap after GC invocations=27 (full 5):
 PSYoungGen      total 550400K, used 0K [0x00000000d5580000, 0x0000000100000000, 0x0000000100000000)
  eden space 473600K, 0% used [0x00000000d5580000,0x00000000d5580000,0x00000000f2400000)
  from space 76800K, 0% used [0x00000000f8f80000,0x00000000f8f80000,0x00000000fda80000)
  to   space 110080K, 0% used [0x00000000f2400000,0x00000000f2400000,0x00000000f8f80000)
 ParOldGen       total 428544K, used 213795K [0x0000000080000000, 0x000000009a280000, 0x00000000d5580000)
  object space 428544K, 49% used [0x0000000080000000,0x000000008d0c8ef8,0x000000009a280000)
 Metaspace       used 100152K, capacity 106664K, committed 106880K, reserved 1142784K
  class space    used 12438K, capacity 13917K, committed 13952K, reserved 1048576K
}
Event: 306.188 GC heap before
{Heap before GC invocations=28 (full 5):
 PSYoungGen      total 550400K, used 473600K [0x00000000d5580000, 0x0000000100000000, 0x0000000100000000)
  eden space 473600K, 100% used [0x00000000d5580000,0x00000000f2400000,0x00000000f2400000)
  from space 76800K, 0% used [0x00000000f8f80000,0x00000000f8f80000,0x00000000fda80000)
  to   space 110080K, 0% used [0x00000000f2400000,0x00000000f2400000,0x00000000f8f80000)
 ParOldGen       total 428544K, used 213795K [0x0000000080000000, 0x000000009a280000, 0x00000000d5580000)
  object space 428544K, 49% used [0x0000000080000000,0x000000008d0c8ef8,0x000000009a280000)
 Metaspace       used 100369K, capacity 106888K, committed 107264K, reserved 1142784K
  class space    used 12468K, capacity 13949K, committed 14080K, reserved 1048576K
Event: 306.333 GC heap after
Heap after GC invocations=28 (full 5):
 PSYoungGen      total 577536K, used 103488K [0x00000000d5580000, 0x0000000100000000, 0x0000000100000000)
  eden space 473600K, 0% used [0x00000000d5580000,0x00000000d5580000,0x00000000f2400000)
  from space 103936K, 99% used [0x00000000f2400000,0x00000000f8910010,0x00000000f8980000)
  to   space 121344K, 0% used [0x00000000f8980000,0x00000000f8980000,0x0000000100000000)
 ParOldGen       total 428544K, used 213795K [0x0000000080000000, 0x000000009a280000, 0x00000000d5580000)
  object space 428544K, 49% used [0x0000000080000000,0x000000008d0c8ef8,0x000000009a280000)
 Metaspace       used 100369K, capacity 106888K, committed 107264K, reserved 1142784K
  class space    used 12468K, capacity 13949K, committed 14080K, reserved 1048576K
}

Deoptimization events (10 events):
Event: 306.752 Thread 0x000000005b945800 Uncommon trap: reason=bimorphic action=maybe_recompile pc=0x000000000c34e0a8 method=proguard.classfile.util.SimplifiedVisitor.visitConstantValueAttribute(Lproguard/classfile/Clazz;Lproguard/classfile/Field;Lproguard/classfile/attribute/ConstantValueAttrib
Event: 306.752 Thread 0x000000005b945800 Uncommon trap: reason=bimorphic action=maybe_recompile pc=0x000000000c86c130 method=proguard.classfile.attribute.annotation.AnnotationsAttribute.annotationsAccept(Lproguard/classfile/Clazz;Lproguard/classfile/attribute/annotation/visitor/AnnotationVisitor
Event: 306.752 Thread 0x000000005b945800 Uncommon trap: reason=bimorphic action=maybe_recompile pc=0x000000000c86c130 method=proguard.classfile.attribute.annotation.AnnotationsAttribute.annotationsAccept(Lproguard/classfile/Clazz;Lproguard/classfile/attribute/annotation/visitor/AnnotationVisitor
Event: 306.752 Thread 0x000000005b945800 Uncommon trap: reason=unstable_if action=reinterpret pc=0x000000000c77c640 method=proguard.classfile.attribute.visitor.AllAttributeVisitor.visitProgramMember(Lproguard/classfile/ProgramClass;Lproguard/classfile/ProgramMember;)V @ 13
Event: 306.753 Thread 0x000000005b945800 Uncommon trap: reason=class_check action=maybe_recompile pc=0x000000000c4f6f90 method=proguard.classfile.util.SimplifiedVisitor.visitConstantElementValue(Lproguard/classfile/Clazz;Lproguard/classfile/attribute/annotation/Annotation;Lproguard/classfile/att
Event: 306.754 Thread 0x000000005b945800 Uncommon trap: reason=class_check action=maybe_recompile pc=0x000000000c4f6f90 method=proguard.classfile.util.SimplifiedVisitor.visitConstantElementValue(Lproguard/classfile/Clazz;Lproguard/classfile/attribute/annotation/Annotation;Lproguard/classfile/att
Event: 306.754 Thread 0x000000005b945800 Uncommon trap: reason=class_check action=maybe_recompile pc=0x000000000c4f6f90 method=proguard.classfile.util.SimplifiedVisitor.visitConstantElementValue(Lproguard/classfile/Clazz;Lproguard/classfile/attribute/annotation/Annotation;Lproguard/classfile/att
Event: 306.754 Thread 0x000000005b945800 Uncommon trap: reason=class_check action=maybe_recompile pc=0x000000000c4f6f90 method=proguard.classfile.util.SimplifiedVisitor.visitConstantElementValue(Lproguard/classfile/Clazz;Lproguard/classfile/attribute/annotation/Annotation;Lproguard/classfile/att
Event: 306.771 Thread 0x000000005b945800 Uncommon trap: reason=unstable_if action=reinterpret pc=0x000000000c97e7b8 method=proguard.classfile.instruction.SimpleInstruction.constantSize()I @ 6
Event: 306.771 Thread 0x000000005b945800 Uncommon trap: reason=unstable_if action=reinterpret pc=0x000000000c97d894 method=proguard.classfile.instruction.SimpleInstruction.constantSize()I @ 6

Classes redefined (0 events):
No events

Internal exceptions (10 events):
Event: 215.652 Thread 0x000000005e850800 Exception <a 'java/lang/ClassNotFoundException': com/android/builder/dependency/level2/AndroidDependencyBeanInfo> (0x00000000e894d510) thrown at [D:\src\AOSP-openjdk-cygwin\jdk8u\hotspot\src\share\vm\classfile\systemDictionary.cpp, line 210]
Event: 215.652 Thread 0x000000005e850800 Exception <a 'java/lang/ClassNotFoundException': com/android/builder/dependency/level2/ExtractedDependencyBeanInfo> (0x00000000e8964750) thrown at [D:\src\AOSP-openjdk-cygwin\jdk8u\hotspot\src\share\vm\classfile\systemDictionary.cpp, line 210]
Event: 215.652 Thread 0x000000005e850800 Exception <a 'java/lang/ClassNotFoundException': com/android/builder/dependency/level2/DependencyBeanInfo> (0x00000000e8979858) thrown at [D:\src\AOSP-openjdk-cygwin\jdk8u\hotspot\src\share\vm\classfile\systemDictionary.cpp, line 210]
Event: 215.652 Thread 0x000000005e850800 Exception <a 'java/lang/ClassNotFoundException': com/android/builder/dependency/level2/DependencyCustomizer> (0x00000000e898eb50) thrown at [D:\src\AOSP-openjdk-cygwin\jdk8u\hotspot\src\share\vm\classfile\systemDictionary.cpp, line 210]
Event: 215.653 Thread 0x000000005e850800 Exception <a 'java/lang/ClassNotFoundException': com/android/builder/dependency/level2/ExtractedDependencyCustomizer> (0x00000000e89b1730) thrown at [D:\src\AOSP-openjdk-cygwin\jdk8u\hotspot\src\share\vm\classfile\systemDictionary.cpp, line 210]
Event: 215.653 Thread 0x000000005e850800 Exception <a 'java/lang/ClassNotFoundException': com/android/builder/dependency/level2/AndroidDependencyCustomizer> (0x00000000e89d5960) thrown at [D:\src\AOSP-openjdk-cygwin\jdk8u\hotspot\src\share\vm\classfile\systemDictionary.cpp, line 210]
Event: 247.548 Thread 0x000000005fbdf800 Implicit null exception at 0x000000000b343e17 to 0x000000000b3444ad
Event: 250.550 Thread 0x000000005fbdf800 Implicit null exception at 0x000000000c21d5b1 to 0x000000000c21d8bd
Event: 257.863 Thread 0x000000005fbdf800 Implicit null exception at 0x000000000863a30c to 0x000000000863a32b
Event: 258.915 Thread 0x000000005fbdf800 Implicit null exception at 0x000000000c824f02 to 0x000000000c8258bd

Events (10 events):
Event: 306.754 Thread 0x000000005b945800 DEOPT UNPACKING pc=0x000000000850556a sp=0x000000005db79f30 mode 2
Event: 306.754 Thread 0x000000005b945800 Uncommon trap: trap_request=0xffffffde fr.pc=0x000000000c4f6f90
Event: 306.754 Thread 0x000000005b945800 DEOPT PACKING pc=0x000000000c4f6f90 sp=0x000000005db79f90
Event: 306.754 Thread 0x000000005b945800 DEOPT UNPACKING pc=0x000000000850556a sp=0x000000005db79f30 mode 2
Event: 306.771 Thread 0x000000005b945800 Uncommon trap: trap_request=0xffffff65 fr.pc=0x000000000c97e7b8
Event: 306.771 Thread 0x000000005b945800 DEOPT PACKING pc=0x000000000c97e7b8 sp=0x000000005db79dc0
Event: 306.771 Thread 0x000000005b945800 DEOPT UNPACKING pc=0x000000000850556a sp=0x000000005db79c98 mode 2
Event: 306.771 Thread 0x000000005b945800 Uncommon trap: trap_request=0xffffff65 fr.pc=0x000000000c97d894
Event: 306.771 Thread 0x000000005b945800 DEOPT PACKING pc=0x000000000c97d894 sp=0x000000005db79db0
Event: 306.771 Thread 0x000000005b945800 DEOPT UNPACKING pc=0x000000000850556a sp=0x000000005db79d48 mode 2


Dynamic libraries:
0x000000013ff50000 - 0x000000013ff81000 	C:\Program Files\Android\Android Studio\jre\bin\java.exe
0x0000000077060000 - 0x000000007720a000 	C:\Windows\SYSTEM32\ntdll.dll
0x0000000076820000 - 0x000000007693f000 	C:\Windows\system32\kernel32.dll
0x000007fefd430000 - 0x000007fefd49a000 	C:\Windows\system32\KERNELBASE.dll
0x000007fefd710000 - 0x000007fefd7eb000 	C:\Windows\system32\ADVAPI32.dll
0x000007feff250000 - 0x000007feff2ef000 	C:\Windows\system32\msvcrt.dll
0x000007fefe070000 - 0x000007fefe08f000 	C:\Windows\SYSTEM32\sechost.dll
0x000007fefd9f0000 - 0x000007fefdb1d000 	C:\Windows\system32\RPCRT4.dll
0x0000000076c00000 - 0x0000000076cfa000 	C:\Windows\system32\USER32.dll
0x000007fefdb20000 - 0x000007fefdb87000 	C:\Windows\system32\GDI32.dll
0x000007fefe240000 - 0x000007fefe24e000 	C:\Windows\system32\LPK.dll
0x000007fefe170000 - 0x000007fefe23b000 	C:\Windows\system32\USP10.dll
0x000007fefbad0000 - 0x000007fefbcc4000 	C:\Windows\WinSxS\amd64_microsoft.windows.common-controls_6595b64144ccf1df_6.0.7601.18837_none_fa3b1e3d17594757\COMCTL32.dll
0x000007feff2f0000 - 0x000007feff361000 	C:\Windows\system32\SHLWAPI.dll
0x000007fefdc30000 - 0x000007fefdc5e000 	C:\Windows\system32\IMM32.DLL
0x000007fefdf60000 - 0x000007fefe069000 	C:\Windows\system32\MSCTF.dll
0x00000000675e0000 - 0x00000000676b2000 	C:\Program Files\Android\Android Studio\jre\jre\bin\msvcr100.dll
0x0000000007c80000 - 0x00000000084be000 	C:\Program Files\Android\Android Studio\jre\jre\bin\server\jvm.dll
0x000007fef8c40000 - 0x000007fef8c49000 	C:\Windows\system32\WSOCK32.dll
0x000007fefe0a0000 - 0x000007fefe0ed000 	C:\Windows\system32\WS2_32.dll
0x000007fefe090000 - 0x000007fefe098000 	C:\Windows\system32\NSI.dll
0x000007fefd4b0000 - 0x000007fefd4eb000 	C:\Windows\system32\WINMM.dll
0x000007fefc3c0000 - 0x000007fefc3cc000 	C:\Windows\system32\VERSION.dll
0x0000000077220000 - 0x0000000077227000 	C:\Windows\system32\PSAPI.DLL
0x000007fefbaa0000 - 0x000007fefbaaf000 	C:\Program Files\Android\Android Studio\jre\jre\bin\verify.dll
0x000007fefb490000 - 0x000007fefb4b9000 	C:\Program Files\Android\Android Studio\jre\jre\bin\java.dll
0x000007fefb470000 - 0x000007fefb486000 	C:\Program Files\Android\Android Studio\jre\jre\bin\zip.dll
0x000007fefe4c0000 - 0x000007feff24a000 	C:\Windows\system32\SHELL32.dll
0x000007fefd7f0000 - 0x000007fefd9ec000 	C:\Windows\system32\ole32.dll
0x000007fefd2a0000 - 0x000007fefd2af000 	C:\Windows\system32\profapi.dll
0x000007fef84e0000 - 0x000007fef84fa000 	C:\Program Files\Android\Android Studio\jre\jre\bin\net.dll
0x000007fefcac0000 - 0x000007fefcb15000 	C:\Windows\system32\mswsock.dll
0x000007fefcab0000 - 0x000007fefcab7000 	C:\Windows\System32\wship6.dll
0x000007fef5160000 - 0x000007fef5171000 	C:\Program Files\Android\Android Studio\jre\jre\bin\nio.dll
0x000007fef29c0000 - 0x000007fef29de000 	C:\Users\admin\.gradle\native\25\windows-amd64\native-platform.dll
0x000007fefb4e0000 - 0x000007fefb4ed000 	C:\Program Files\Android\Android Studio\jre\jre\bin\management.dll
0x000007fefcb20000 - 0x000007fefcb38000 	C:\Windows\system32\CRYPTSP.dll
0x000007fefc820000 - 0x000007fefc867000 	C:\Windows\system32\rsaenh.dll
0x000007fefc5b0000 - 0x000007fefc5ce000 	C:\Windows\system32\USERENV.dll
0x000007fefd190000 - 0x000007fefd19f000 	C:\Windows\system32\CRYPTBASE.dll
0x000007fefadd0000 - 0x000007fefadf7000 	C:\Windows\system32\IPHLPAPI.DLL
0x000007fefadb0000 - 0x000007fefadbb000 	C:\Windows\system32\WINNSI.DLL
0x000007fefabc0000 - 0x000007fefabd1000 	C:\Windows\system32\dhcpcsvc6.DLL
0x000007fefaba0000 - 0x000007fefabb8000 	C:\Windows\system32\dhcpcsvc.DLL
0x000007feee180000 - 0x000007feee1a4000 	C:\Program Files\Android\Android Studio\jre\jre\bin\sunec.dll
0x000007fefc490000 - 0x000007fefc497000 	C:\Windows\System32\wshtcpip.dll
0x000007fefc940000 - 0x000007fefc99b000 	C:\Windows\system32\DNSAPI.dll
0x000007fef5200000 - 0x000007fef5208000 	C:\Windows\system32\rasadhlp.dll
0x000007fefabf0000 - 0x000007fefac43000 	C:\Windows\System32\fwpuclnt.dll
0x000007fef2a00000 - 0x000007fef2a0b000 	C:\Program Files\Android\Android Studio\jre\jre\bin\sunmscapi.dll
0x000007fefd4f0000 - 0x000007fefd65d000 	C:\Windows\system32\CRYPT32.dll
0x000007fefd340000 - 0x000007fefd34f000 	C:\Windows\system32\MSASN1.dll
0x000007fefd130000 - 0x000007fefd187000 	C:\Windows\system32\apphelp.dll
0x000007fef50c0000 - 0x000007fef50de000 	C:\Users\admin\AppData\Local\Temp\native-platform8663914333431000530dir\native-platform.dll

VM Arguments:
jvm_args: -XX:MaxPermSize=512m -XX:+HeapDumpOnOutOfMemoryError -Xmx2048m -Dfile.encoding=UTF-8 -Duser.country=CN -Duser.language=zh -Duser.variant 
java_command: org.gradle.launcher.daemon.bootstrap.GradleDaemon 4.1
java_class_path (initial): C:\Program Files\Android\Android Studio\gradle\gradle-4.1\lib\gradle-launcher-4.1.jar
Launcher Type: SUN_STANDARD

Environment Variables:
JAVA_HOME=D:\jdkjava\jdk1.8.0_31
CLASSPATH=.;D:\jdkjava\jdk1.8.0_31\lib\tools.jar;D:\jdkjava\jdk1.8.0_31\lib\dt.jar
PATH=E:\ffmpeg\bin;D:\jdkjava\jdk1.8.0_31\bin;C:\Python27\Scripts;C:\Python27;E:\Android\sdk\platform-tools;C:\Program Files (x86)\Git\cmd;D:\sdk\platform-tools;C:\ProgramData\Oracle\Java\javapath;D:\jdkjava\jdk1.8.0_31\bin;C:\Program Files (x86)\NVIDIA Corporation\PhysX\Common;C:\Windows\system32;C:\Windows;C:\Windows\System32\Wbem;C:\Windows\System32\WindowsPowerShell\v1.0\;C:\Program Files (x86)\Common Files\microsoft shared\TigerKin;C:\Program Files (x86)\Git\cmd;C:\Program Files\PuTTY\;C:\Program Files\TortoiseSVN\bin;C:\Program Files\nodejs\;C:\Program Files (x86)\SSH Communications Security\SSH Secure Shell;C:\Users\admin\AppData\Local\Programs\Fiddler;C:\Users\admin\AppData\Roaming\npm
USERNAME=admin
OS=Windows_NT
PROCESSOR_IDENTIFIER=Intel64 Family 6 Model 60 Stepping 3, GenuineIntel



---------------  S Y S T E M  ---------------

OS: Windows 7 , 64 bit Build 7601 (6.1.7601.23915)

CPU:total 4 (initial active 4) (4 cores per cpu, 1 threads per core) family 6 model 60 stepping 3, cmov, cx8, fxsr, mmx, sse, sse2, sse3, ssse3, sse4.1, sse4.2, popcnt, avx, avx2, aes, clmul, erms, rtm, lzcnt, tsc, tscinvbit, bmi1, bmi2

Memory: 4k page, physical 8286452k(816508k free), swap 9333168k(6576k free)

vm_info: OpenJDK 64-Bit Server VM (25.152-b01) for windows-amd64 JRE (1.8.0_152-release-915-b01), built by "builder" with MS VC++ 10.0 (VS2010)

time: Fri Feb 23 10:34:55 2018
elapsed time: 306 seconds (0d 0h 5m 6s)

