#
# There is insufficient memory for the Java Runtime Environment to continue.
# Native memory allocation (malloc) failed to allocate 1827664 bytes for Chunk::new
# Possible reasons:
#   The system is out of physical RAM or swap space
#   In 32 bit mode, the process size limit was hit
# Possible solutions:
#   Reduce memory load on the system
#   Increase physical memory or swap space
#   Check if swap backing store is full
#   Use 64 bit Java on a 64 bit OS
#   Decrease Java heap size (-Xmx/-Xms)
#   Decrease number of Java threads
#   Decrease Java thread stack sizes (-Xss)
#   Set larger code cache with -XX:ReservedCodeCacheSize=
# This output file may be truncated or incomplete.
#
#  Out of Memory Error (allocation.cpp:390), pid=1980, tid=4128
#
# JRE version: Java(TM) SE Runtime Environment (8.0_66-b18) (build 1.8.0_66-b18)
# Java VM: Java HotSpot(TM) 64-Bit Server VM (25.66-b18 mixed mode windows-amd64 compressed oops)
# Failed to write core dump. Minidumps are not enabled by default on client versions of Windows
#

---------------  T H R E A D  ---------------

Current thread (0x0000000058c0a800):  JavaThread "C2 CompilerThread0" daemon [_thread_in_native, id=4128, stack(0x0000000058710000,0x0000000058810000)]

Stack: [0x0000000058710000,0x0000000058810000]
[error occurred during error reporting (printing stack bounds), id 0xc0000005]

Native frames: (J=compiled Java code, j=interpreted, Vv=VM code, C=native code)


Current CompileTask:
C2: 421265 25892       4       com.android.dx.dex.cf.CfTranslator::translate0 (265 bytes)


---------------  P R O C E S S  ---------------

Java Threads: ( => current thread )
  0x000000005ae57800 JavaThread "pool-73-thread-4" [_thread_in_Java, id=5512, stack(0x000000006cfe0000,0x000000006d0e0000)]
  0x000000005ae54800 JavaThread "pool-73-thread-3" [_thread_in_Java, id=7012, stack(0x000000006b8c0000,0x000000006b9c0000)]
  0x000000005ae56000 JavaThread "pool-73-thread-2" [_thread_blocked, id=6376, stack(0x000000006cb70000,0x000000006cc70000)]
  0x000000005ae51000 JavaThread "pool-74-thread-1" [_thread_blocked, id=6636, stack(0x0000000068160000,0x0000000068260000)]
  0x000000005ae55800 JavaThread "pool-73-thread-1" [_thread_in_Java, id=2628, stack(0x000000006ca40000,0x000000006cb40000)]
  0x000000005e4ca000 JavaThread "pool-5-thread-4" [_thread_blocked, id=7536, stack(0x000000006c1b0000,0x000000006c2b0000)]
  0x000000005e4c6800 JavaThread "pool-5-thread-3" [_thread_blocked, id=6644, stack(0x000000006bd80000,0x000000006be80000)]
  0x000000005e4cc800 JavaThread "pool-10-thread-4" [_thread_blocked, id=7836, stack(0x000000006c930000,0x000000006ca30000)]
  0x000000005e4cb800 JavaThread "pool-10-thread-3" [_thread_blocked, id=7912, stack(0x000000006c7f0000,0x000000006c8f0000)]
  0x000000005e4cb000 JavaThread "pool-10-thread-2" [_thread_blocked, id=7212, stack(0x000000006c680000,0x000000006c780000)]
  0x000000005e4c8800 JavaThread "pool-11-thread-1" [_thread_blocked, id=6076, stack(0x000000006bf60000,0x000000006c060000)]
  0x000000005e4c8000 JavaThread "pool-10-thread-1" [_thread_blocked, id=6620, stack(0x000000006c090000,0x000000006c190000)]
  0x000000005a872000 JavaThread "pool-5-thread-2" [_thread_in_native, id=7252, stack(0x000000006b9e0000,0x000000006bae0000)]
  0x000000005a875800 JavaThread "pool-5-thread-1" [_thread_blocked, id=7288, stack(0x000000005f2b0000,0x000000005f3b0000)]
  0x000000005e4c5800 JavaThread "RMI TCP Connection(idle)" daemon [_thread_blocked, id=7480, stack(0x000000005d830000,0x000000005d930000)]
  0x000000005a876800 JavaThread "RMI Reaper" [_thread_blocked, id=8000, stack(0x0000000068290000,0x0000000068390000)]
  0x000000005a878000 JavaThread "RMI TCP Accept-0" daemon [_thread_in_native, id=7996, stack(0x0000000068780000,0x0000000068880000)]
  0x000000005a875000 JavaThread "GC Daemon" daemon [_thread_blocked, id=7988, stack(0x0000000068650000,0x0000000068750000)]
  0x000000005a873800 JavaThread "RMI Scheduler(0)" daemon [_thread_blocked, id=7980, stack(0x0000000068060000,0x0000000068160000)]
  0x0000000060afb800 JavaThread "Cache worker for Java compile cache (E:\zdh_git_workspace\english\.gradle\4.1\javaCompile)" [_thread_blocked, id=804, stack(0x0000000066000000,0x0000000066100000)]
  0x0000000060afb000 JavaThread "pool-2-thread-4" [_thread_blocked, id=6336, stack(0x0000000067680000,0x0000000067780000)]
  0x0000000060afa000 JavaThread "pool-2-thread-3" [_thread_in_native, id=5540, stack(0x0000000067510000,0x0000000067610000)]
  0x0000000060af9800 JavaThread "pool-2-thread-2" [_thread_blocked, id=1164, stack(0x0000000067360000,0x0000000067460000)]
  0x000000005c5b7000 JavaThread "pool-2-thread-1" [_thread_in_native, id=264, stack(0x00000000671c0000,0x00000000672c0000)]
  0x0000000060af8000 JavaThread "Task worker for ':' Thread 3" [_thread_blocked, id=6048, stack(0x0000000066840000,0x0000000066940000)]
  0x0000000060af7000 JavaThread "Task worker for ':' Thread 2" [_thread_blocked, id=7128, stack(0x0000000066110000,0x0000000066210000)]
  0x0000000060af6800 JavaThread "Task worker for ':'" [_thread_blocked, id=1424, stack(0x0000000063f60000,0x0000000064060000)]
  0x0000000060af5800 JavaThread "Cache worker for task history cache (E:\zdh_git_workspace\english\.gradle\4.1\taskHistory)" [_thread_blocked, id=3016, stack(0x0000000064af0000,0x0000000064bf0000)]
  0x000000005a9d6800 JavaThread "Cache worker for file content cache (E:\zdh_git_workspace\english\.gradle\4.1\fileContent)" [_thread_blocked, id=1092, stack(0x000000005b3e0000,0x000000005b4e0000)]
  0x000000005a9d9000 JavaThread "build operations Thread 4" [_thread_blocked, id=1100, stack(0x00000000623b0000,0x00000000624b0000)]
  0x000000005a9d9800 JavaThread "build operations Thread 3" [_thread_blocked, id=6528, stack(0x0000000061790000,0x0000000061890000)]
  0x000000005a9d8000 JavaThread "build operations Thread 2" [_thread_blocked, id=2980, stack(0x00000000615f0000,0x00000000616f0000)]
  0x000000005a9da800 JavaThread "build operations" [_thread_blocked, id=6788, stack(0x00000000614f0000,0x00000000615f0000)]
  0x000000005a9d7800 JavaThread "Cache worker for Artifact transforms cache (C:\Users\admin\.gradle\caches\transforms-1)" [_thread_blocked, id=6064, stack(0x0000000060ec0000,0x0000000060fc0000)]
  0x000000005a9d6000 JavaThread "Cache worker for file hash cache (E:\zdh_git_workspace\english\.gradle\4.1\fileHashes)" [_thread_blocked, id=3848, stack(0x00000000610b0000,0x00000000611b0000)]
  0x000000005c5bc800 JavaThread "Asynchronous log dispatcher for DefaultDaemonConnection: socket connection from /127.0.0.1:54090 to /127.0.0.1:54344" [_thread_blocked, id=6880, stack(0x000000005b5e0000,0x000000005b6e0000)]
  0x000000005c5b9800 JavaThread "Daemon worker Thread 2" [_thread_blocked, id=5048, stack(0x000000005d2d0000,0x000000005d3d0000)]
  0x000000005c5ba800 JavaThread "Cancel handler" [_thread_blocked, id=6468, stack(0x000000005d1c0000,0x000000005d2c0000)]
  0x000000005c5bb000 JavaThread "Handler for socket connection from /127.0.0.1:54090 to /127.0.0.1:54344" [_thread_in_native, id=588, stack(0x000000005ce60000,0x000000005cf60000)]
  0x000000005c5bc000 JavaThread "Daemon Thread 2" [_thread_blocked, id=3148, stack(0x000000005cce0000,0x000000005cde0000)]
  0x000000005c5b6800 JavaThread "Memory manager" [_thread_blocked, id=6308, stack(0x000000005e060000,0x000000005e160000)]
  0x000000005a9db000 JavaThread "pool-1-thread-1" [_thread_blocked, id=3820, stack(0x0000000061c20000,0x0000000061d20000)]
  0x000000005a9d5000 JavaThread "File lock request listener" [_thread_in_native, id=3856, stack(0x000000005d950000,0x000000005da50000)]
  0x000000005a9d4800 JavaThread "Cache worker for file hash cache (C:\Users\admin\.gradle\caches\4.1\fileHashes)" [_thread_blocked, id=6128, stack(0x000000005d520000,0x000000005d620000)]
  0x000000005a799000 JavaThread "Daemon periodic checks" [_thread_blocked, id=5620, stack(0x000000005b9c0000,0x000000005bac0000)]
  0x000000005a974800 JavaThread "Incoming local TCP Connector on port 54090" [_thread_in_native, id=6908, stack(0x00000000592f0000,0x00000000593f0000)]
  0x000000005afeb000 JavaThread "Daemon health stats" [_thread_blocked, id=4376, stack(0x000000005b4e0000,0x000000005b5e0000)]
  0x0000000058ca8000 JavaThread "Service Thread" daemon [_thread_blocked, id=1136, stack(0x0000000059810000,0x0000000059910000)]
  0x0000000058c2a000 JavaThread "C1 CompilerThread2" daemon [_thread_blocked, id=6612, stack(0x0000000059620000,0x0000000059720000)]
  0x0000000058c28000 JavaThread "C2 CompilerThread1" daemon [_thread_in_native, id=5856, stack(0x0000000059400000,0x0000000059500000)]
=>0x0000000058c0a800 JavaThread "C2 CompilerThread0" daemon [_thread_in_native, id=4128, stack(0x0000000058710000,0x0000000058810000)]
  0x000000005781e800 JavaThread "Attach Listener" daemon [_thread_blocked, id=2760, stack(0x00000000591f0000,0x00000000592f0000)]
  0x0000000057811000 JavaThread "Signal Dispatcher" daemon [_thread_blocked, id=7120, stack(0x0000000059090000,0x0000000059190000)]
  0x00000000577ba000 JavaThread "Finalizer" daemon [_thread_blocked, id=6464, stack(0x0000000058b00000,0x0000000058c00000)]
  0x00000000577b3000 JavaThread "Reference Handler" daemon [_thread_blocked, id=6656, stack(0x00000000589f0000,0x0000000058af0000)]
  0x000000000258f800 JavaThread "main" [_thread_blocked, id=4420, stack(0x0000000002840000,0x0000000002940000)]

Other Threads:
  0x00000000577ad800 VMThread [stack: 0x0000000058860000,0x0000000058960000] [id=6360]
  0x0000000058cea800 WatcherThread [stack: 0x00000000599b0000,0x0000000059ab0000] [id=1288]

VM state:not at safepoint (normal execution)

VM Mutex/Monitor currently owned by a thread: None

Heap:
 PSYoungGen      total 595456K, used 107968K [0x00000000d5580000, 0x0000000100000000, 0x0000000100000000)
  eden space 499200K, 9% used [0x00000000d5580000,0x00000000d82bf7a0,0x00000000f3d00000)
  from space 96256K, 64% used [0x00000000f3d00000,0x00000000f7930b40,0x00000000f9b00000)
  to   space 98304K, 0% used [0x00000000fa000000,0x00000000fa000000,0x0000000100000000)
 ParOldGen       total 331264K, used 213676K [0x0000000080000000, 0x0000000094380000, 0x00000000d5580000)
  object space 331264K, 64% used [0x0000000080000000,0x000000008d0ab220,0x0000000094380000)
 Metaspace       used 100105K, capacity 106660K, committed 106776K, reserved 1142784K
  class space    used 12646K, capacity 14083K, committed 14120K, reserved 1048576K

Card table byte_map: [0x0000000011d00000,0x0000000012110000] byte_map_base: 0x0000000011900000

Marking Bits: (ParMarkBitMap*) 0x000000007035a5b0
 Begin Bits: [0x0000000012a20000, 0x0000000014a20000)
 End Bits:   [0x0000000014a20000, 0x0000000016a20000)

Polling page: 0x0000000000170000

CodeCache: size=245760Kb used=74358Kb max_used=74420Kb free=171401Kb
 bounds [0x0000000002940000, 0x0000000007270000, 0x0000000011940000]
 total_blobs=21143 nmethods=20239 adapters=813
 compilation: enabled

Compilation events (10 events):
Event: 421.034 Thread 0x0000000058c2a000 25966       2       com.android.dx.cf.code.Simulator$SimVisitor::visitSwitch (54 bytes)
Event: 421.034 Thread 0x0000000058c2a000 nmethod 25966 0x0000000006d5e1d0 code [0x0000000006d5e360, 0x0000000006d5e6a8]
Event: 421.034 Thread 0x0000000058c2a000 25967       2       com.android.dx.cf.code.BaseMachine::auxSwitchArg (20 bytes)
Event: 421.034 Thread 0x0000000058c2a000 nmethod 25967 0x0000000006d65390 code [0x0000000006d65500, 0x0000000006d65708]
Event: 421.034 Thread 0x0000000058c2a000 25968       2       com.android.dx.rop.code.Insn$BaseVisitor::visitSwitchInsn (1 bytes)
Event: 421.034 Thread 0x0000000058c2a000 nmethod 25968 0x0000000006d65050 code [0x0000000006d651a0, 0x0000000006d652f0]
Event: 421.067 Thread 0x0000000058c2a000 25970       2       com.android.dx.rop.cst.CstLiteralBits::<init> (5 bytes)
Event: 421.068 Thread 0x0000000058c2a000 nmethod 25970 0x0000000006d64d10 code [0x0000000006d64e60, 0x0000000006d64fb0]
Event: 421.121 Thread 0x0000000058c28000 nmethod 25935 0x0000000007257a90 code [0x00000000072592a0, 0x00000000072608b0]
Event: 421.121 Thread 0x0000000058c28000 25964 % !   4       java.util.concurrent.ConcurrentHashMap::transfer @ 99 (832 bytes)

GC Heap History (10 events):
Event: 416.897 GC heap before
{Heap before GC invocations=39 (full 5):
 PSYoungGen      total 484864K, used 484839K [0x00000000d5580000, 0x00000000fed00000, 0x0000000100000000)
  eden space 409088K, 100% used [0x00000000d5580000,0x00000000ee500000,0x00000000ee500000)
  from space 75776K, 99% used [0x00000000ee500000,0x00000000f2ef9d10,0x00000000f2f00000)
  to   space 94720K, 0% used [0x00000000f9080000,0x00000000f9080000,0x00000000fed00000)
 ParOldGen       total 296960K, used 206111K [0x0000000080000000, 0x0000000092200000, 0x00000000d5580000)
  object space 296960K, 69% used [0x0000000080000000,0x000000008c947fa8,0x0000000092200000)
 Metaspace       used 99976K, capacity 106520K, committed 106776K, reserved 1142784K
  class space    used 12641K, capacity 14081K, committed 14120K, reserved 1048576K
Event: 417.010 GC heap after
Heap after GC invocations=39 (full 5):
 PSYoungGen      total 576512K, used 74642K [0x00000000d5580000, 0x0000000100000000, 0x0000000100000000)
  eden space 481792K, 0% used [0x00000000d5580000,0x00000000d5580000,0x00000000f2c00000)
  from space 94720K, 78% used [0x00000000f9080000,0x00000000fd9649f0,0x00000000fed00000)
  to   space 102912K, 0% used [0x00000000f2c00000,0x00000000f2c00000,0x00000000f9080000)
 ParOldGen       total 296960K, used 250967K [0x0000000080000000, 0x0000000092200000, 0x00000000d5580000)
  object space 296960K, 84% used [0x0000000080000000,0x000000008f515e10,0x0000000092200000)
 Metaspace       used 99976K, capacity 106520K, committed 106776K, reserved 1142784K
  class space    used 12641K, capacity 14081K, committed 14120K, reserved 1048576K
}
Event: 418.659 GC heap before
{Heap before GC invocations=40 (full 5):
 PSYoungGen      total 576512K, used 556434K [0x00000000d5580000, 0x0000000100000000, 0x0000000100000000)
  eden space 481792K, 100% used [0x00000000d5580000,0x00000000f2c00000,0x00000000f2c00000)
  from space 94720K, 78% used [0x00000000f9080000,0x00000000fd9649f0,0x00000000fed00000)
  to   space 102912K, 0% used [0x00000000f2c00000,0x00000000f2c00000,0x00000000f9080000)
 ParOldGen       total 296960K, used 250967K [0x0000000080000000, 0x0000000092200000, 0x00000000d5580000)
  object space 296960K, 84% used [0x0000000080000000,0x000000008f515e10,0x0000000092200000)
 Metaspace       used 100049K, capacity 106648K, committed 106776K, reserved 1142784K
  class space    used 12645K, capacity 14081K, committed 14120K, reserved 1048576K
Event: 418.731 GC heap after
Heap after GC invocations=40 (full 5):
 PSYoungGen      total 584704K, used 40880K [0x00000000d5580000, 0x00000000ffc00000, 0x0000000100000000)
  eden space 481792K, 0% used [0x00000000d5580000,0x00000000d5580000,0x00000000f2c00000)
  from space 102912K, 39% used [0x00000000f2c00000,0x00000000f53ec028,0x00000000f9080000)
  to   space 96768K, 0% used [0x00000000f9d80000,0x00000000f9d80000,0x00000000ffc00000)
 ParOldGen       total 296960K, used 293386K [0x0000000080000000, 0x0000000092200000, 0x00000000d5580000)
  object space 296960K, 98% used [0x0000000080000000,0x0000000091e82ba8,0x0000000092200000)
 Metaspace       used 100049K, capacity 106648K, committed 106776K, reserved 1142784K
  class space    used 12645K, capacity 14081K, committed 14120K, reserved 1048576K
}
Event: 418.731 GC heap before
{Heap before GC invocations=41 (full 6):
 PSYoungGen      total 584704K, used 40880K [0x00000000d5580000, 0x00000000ffc00000, 0x0000000100000000)
  eden space 481792K, 0% used [0x00000000d5580000,0x00000000d5580000,0x00000000f2c00000)
  from space 102912K, 39% used [0x00000000f2c00000,0x00000000f53ec028,0x00000000f9080000)
  to   space 96768K, 0% used [0x00000000f9d80000,0x00000000f9d80000,0x00000000ffc00000)
 ParOldGen       total 296960K, used 293386K [0x0000000080000000, 0x0000000092200000, 0x00000000d5580000)
  object space 296960K, 98% used [0x0000000080000000,0x0000000091e82ba8,0x0000000092200000)
 Metaspace       used 100049K, capacity 106648K, committed 106776K, reserved 1142784K
  class space    used 12645K, capacity 14081K, committed 14120K, reserved 1048576K
Event: 419.122 GC heap after
Heap after GC invocations=41 (full 6):
 PSYoungGen      total 584704K, used 0K [0x00000000d5580000, 0x00000000ffc00000, 0x0000000100000000)
  eden space 481792K, 0% used [0x00000000d5580000,0x00000000d5580000,0x00000000f2c00000)
  from space 102912K, 0% used [0x00000000f2c00000,0x00000000f2c00000,0x00000000f9080000)
  to   space 96768K, 0% used [0x00000000f9d80000,0x00000000f9d80000,0x00000000ffc00000)
 ParOldGen       total 331264K, used 194418K [0x0000000080000000, 0x0000000094380000, 0x00000000d5580000)
  object space 331264K, 58% used [0x0000000080000000,0x000000008bddc820,0x0000000094380000)
 Metaspace       used 100049K, capacity 106648K, committed 106776K, reserved 1142784K
  class space    used 12645K, capacity 14081K, committed 14120K, reserved 1048576K
}
Event: 419.884 GC heap before
{Heap before GC invocations=42 (full 6):
 PSYoungGen      total 584704K, used 481792K [0x00000000d5580000, 0x00000000ffc00000, 0x0000000100000000)
  eden space 481792K, 100% used [0x00000000d5580000,0x00000000f2c00000,0x00000000f2c00000)
  from space 102912K, 0% used [0x00000000f2c00000,0x00000000f2c00000,0x00000000f9080000)
  to   space 96768K, 0% used [0x00000000f9d80000,0x00000000f9d80000,0x00000000ffc00000)
 ParOldGen       total 331264K, used 194418K [0x0000000080000000, 0x0000000094380000, 0x00000000d5580000)
  object space 331264K, 58% used [0x0000000080000000,0x000000008bddc820,0x0000000094380000)
 Metaspace       used 100078K, capacity 106648K, committed 106776K, reserved 1142784K
  class space    used 12645K, capacity 14081K, committed 14120K, reserved 1048576K
Event: 419.946 GC heap after
Heap after GC invocations=42 (full 6):
 PSYoungGen      total 592896K, used 54651K [0x00000000d5580000, 0x00000000ff900000, 0x0000000100000000)
  eden space 499200K, 0% used [0x00000000d5580000,0x00000000d5580000,0x00000000f3d00000)
  from space 93696K, 58% used [0x00000000f9d80000,0x00000000fd2defc0,0x00000000ff900000)
  to   space 96256K, 0% used [0x00000000f3d00000,0x00000000f3d00000,0x00000000f9b00000)
 ParOldGen       total 331264K, used 194426K [0x0000000080000000, 0x0000000094380000, 0x00000000d5580000)
  object space 331264K, 58% used [0x0000000080000000,0x000000008bdde820,0x0000000094380000)
 Metaspace       used 100078K, capacity 106648K, committed 106776K, reserved 1142784K
  class space    used 12645K, capacity 14081K, committed 14120K, reserved 1048576K
}
Event: 421.130 GC heap before
{Heap before GC invocations=43 (full 6):
 PSYoungGen      total 592896K, used 553851K [0x00000000d5580000, 0x00000000ff900000, 0x0000000100000000)
  eden space 499200K, 100% used [0x00000000d5580000,0x00000000f3d00000,0x00000000f3d00000)
  from space 93696K, 58% used [0x00000000f9d80000,0x00000000fd2defc0,0x00000000ff900000)
  to   space 96256K, 0% used [0x00000000f3d00000,0x00000000f3d00000,0x00000000f9b00000)
 ParOldGen       total 331264K, used 194426K [0x0000000080000000, 0x0000000094380000, 0x00000000d5580000)
  object space 331264K, 58% used [0x0000000080000000,0x000000008bdde820,0x0000000094380000)
 Metaspace       used 100105K, capacity 106660K, committed 106776K, reserved 1142784K
  class space    used 12646K, capacity 14083K, committed 14120K, reserved 1048576K
Event: 421.195 GC heap after
Heap after GC invocations=43 (full 6):
 PSYoungGen      total 595456K, used 61634K [0x00000000d5580000, 0x0000000100000000, 0x0000000100000000)
  eden space 499200K, 0% used [0x00000000d5580000,0x00000000d5580000,0x00000000f3d00000)
  from space 96256K, 64% used [0x00000000f3d00000,0x00000000f7930b40,0x00000000f9b00000)
  to   space 98304K, 0% used [0x00000000fa000000,0x00000000fa000000,0x0000000100000000)
 ParOldGen       total 331264K, used 213676K [0x0000000080000000, 0x0000000094380000, 0x00000000d5580000)
  object space 331264K, 64% used [0x0000000080000000,0x000000008d0ab220,0x0000000094380000)
 Metaspace       used 100105K, capacity 106660K, committed 106776K, reserved 1142784K
  class space    used 12646K, capacity 14083K, committed 14120K, reserved 1048576K
}

Deoptimization events (10 events):
Event: 420.800 Thread 0x000000005ae57800 Uncommon trap: reason=class_check action=maybe_recompile pc=0x000000000723e074 method=com.android.dx.cf.code.BytecodeArray.parseInstruction(ILcom/android/dx/cf/code/BytecodeArray$Visitor;)I @ 1258
Event: 420.801 Thread 0x000000005ae57800 Uncommon trap: reason=class_check action=maybe_recompile pc=0x000000000723e074 method=com.android.dx.cf.code.BytecodeArray.parseInstruction(ILcom/android/dx/cf/code/BytecodeArray$Visitor;)I @ 1258
Event: 420.801 Thread 0x000000005ae57800 Uncommon trap: reason=class_check action=maybe_recompile pc=0x000000000723e074 method=com.android.dx.cf.code.BytecodeArray.parseInstruction(ILcom/android/dx/cf/code/BytecodeArray$Visitor;)I @ 1258
Event: 420.851 Thread 0x000000005ae54000 Uncommon trap: reason=unstable_if action=reinterpret pc=0x00000000030a4518 method=java.util.concurrent.ConcurrentHashMap.transfer([Ljava/util/concurrent/ConcurrentHashMap$Node;[Ljava/util/concurrent/ConcurrentHashMap$Node;)V @ 34
Event: 420.852 Thread 0x000000005ae53000 Uncommon trap: reason=unstable_if action=reinterpret pc=0x00000000030a4588 method=java.util.concurrent.ConcurrentHashMap.transfer([Ljava/util/concurrent/ConcurrentHashMap$Node;[Ljava/util/concurrent/ConcurrentHashMap$Node;)V @ 277
Event: 420.852 Thread 0x000000005ae53000 Uncommon trap: reason=unstable_if action=reinterpret pc=0x0000000006e14fd0 method=java.util.concurrent.ConcurrentHashMap.putVal(Ljava/lang/Object;Ljava/lang/Object;Z)Ljava/lang/Object; @ 113
Event: 420.888 Thread 0x000000005ae55800 Uncommon trap: reason=bimorphic action=maybe_recompile pc=0x0000000005491f9c method=com.android.dx.ssa.back.FirstFitLocalCombiningAllocator.findNextUnreservedRopReg(IILcom/android/dx/ssa/back/FirstFitLocalCombiningAllocator$Alignment;)I @ 60
Event: 420.923 Thread 0x000000005ae54800 Uncommon trap: reason=unstable_if action=reinterpret pc=0x0000000002ee50a0 method=java.util.concurrent.ConcurrentHashMap.transfer([Ljava/util/concurrent/ConcurrentHashMap$Node;[Ljava/util/concurrent/ConcurrentHashMap$Node;)V @ 277
Event: 420.923 Thread 0x000000005ae57800 Uncommon trap: reason=unstable_if action=reinterpret pc=0x0000000002ee4fbc method=java.util.concurrent.ConcurrentHashMap.transfer([Ljava/util/concurrent/ConcurrentHashMap$Node;[Ljava/util/concurrent/ConcurrentHashMap$Node;)V @ 356
Event: 420.923 Thread 0x000000005ae57800 Uncommon trap: reason=unstable_if action=reinterpret pc=0x00000000030a71d0 method=java.util.concurrent.ConcurrentHashMap.transfer([Ljava/util/concurrent/ConcurrentHashMap$Node;[Ljava/util/concurrent/ConcurrentHashMap$Node;)V @ 356

Internal exceptions (10 events):
Event: 420.378 Thread 0x000000005c5b7000 Exception <a 'sun/nio/fs/WindowsException'> (0x00000000da3b5790) thrown at [C:\re\workspace\8-2-build-windows-amd64-cygwin\jdk8u66\5298\hotspot\src\share\vm\prims\jni.cpp, line 709]
Event: 420.398 Thread 0x0000000060afa000 Exception <a 'sun/nio/fs/WindowsException'> (0x00000000da3e4368) thrown at [C:\re\workspace\8-2-build-windows-amd64-cygwin\jdk8u66\5298\hotspot\src\share\vm\prims\jni.cpp, line 709]
Event: 420.597 Thread 0x000000005c5b7000 Exception <a 'sun/nio/fs/WindowsException'> (0x00000000daa4b830) thrown at [C:\re\workspace\8-2-build-windows-amd64-cygwin\jdk8u66\5298\hotspot\src\share\vm\prims\jni.cpp, line 709]
Event: 420.700 Thread 0x000000005ae54800 Implicit null exception at 0x0000000006f8666e to 0x0000000006f873b1
Event: 420.700 Thread 0x000000005ae54800 Implicit null exception at 0x000000000719757c to 0x0000000007197881
Event: 420.700 Thread 0x000000005ae54800 Implicit null exception at 0x0000000006f8995c to 0x0000000006f8a975
Event: 420.700 Thread 0x000000005ae54800 Implicit null exception at 0x0000000006c8dca8 to 0x0000000006c8df99
Event: 420.704 Thread 0x0000000060afa000 Exception <a 'sun/nio/fs/WindowsException'> (0x00000000dc50c4d0) thrown at [C:\re\workspace\8-2-build-windows-amd64-cygwin\jdk8u66\5298\hotspot\src\share\vm\prims\jni.cpp, line 709]
Event: 421.068 Thread 0x000000005c5b7000 Exception <a 'sun/nio/fs/WindowsException'> (0x00000000ed346ce8) thrown at [C:\re\workspace\8-2-build-windows-amd64-cygwin\jdk8u66\5298\hotspot\src\share\vm\prims\jni.cpp, line 709]
Event: 421.071 Thread 0x0000000060afa000 Exception <a 'sun/nio/fs/WindowsException'> (0x00000000ee02b868) thrown at [C:\re\workspace\8-2-build-windows-amd64-cygwin\jdk8u66\5298\hotspot\src\share\vm\prims\jni.cpp, line 709]

Events (10 events):
Event: 420.971 Thread 0x000000005ae54800 DEOPT PACKING pc=0x0000000006e726ce sp=0x000000006b9bee00
Event: 420.971 Thread 0x000000005ae54800 DEOPT UNPACKING pc=0x000000000298787f sp=0x000000006b9bebe8 mode 0
Event: 421.011 Thread 0x000000005ae57800 DEOPT PACKING pc=0x0000000006e726ce sp=0x000000006d0deed0
Event: 421.011 Thread 0x000000005ae57800 DEOPT UNPACKING pc=0x000000000298787f sp=0x000000006d0decb8 mode 0
Event: 421.039 Thread 0x000000005e4ca000 DEOPT PACKING pc=0x0000000003e94dc6 sp=0x000000006c2ae470
Event: 421.039 Thread 0x000000005e4ca000 DEOPT UNPACKING pc=0x000000000298787f sp=0x000000006c2ae138 mode 0
Event: 421.073 Thread 0x000000005ae57800 DEOPT PACKING pc=0x0000000006e726ce sp=0x000000006d0deed0
Event: 421.073 Thread 0x000000005ae57800 DEOPT UNPACKING pc=0x000000000298787f sp=0x000000006d0decb8 mode 0
Event: 421.130 Executing VM operation: ParallelGCFailedAllocation
Event: 421.195 Executing VM operation: ParallelGCFailedAllocation done


Dynamic libraries:
0x000000013fe20000 - 0x000000013fe57000 	D:\jdkjava\jdk1.8.0_31\bin\java.exe
0x00000000779d0000 - 0x0000000077b7a000 	C:\Windows\SYSTEM32\ntdll.dll
0x0000000077190000 - 0x00000000772af000 	C:\Windows\system32\kernel32.dll
0x000007fefdce0000 - 0x000007fefdd4a000 	C:\Windows\system32\KERNELBASE.dll
0x000007fefebd0000 - 0x000007fefecab000 	C:\Windows\system32\ADVAPI32.dll
0x000007fefe1b0000 - 0x000007fefe24f000 	C:\Windows\system32\msvcrt.dll
0x000007fefe850000 - 0x000007fefe86f000 	C:\Windows\SYSTEM32\sechost.dll
0x000007fefe080000 - 0x000007fefe1ad000 	C:\Windows\system32\RPCRT4.dll
0x00000000774d0000 - 0x00000000775ca000 	C:\Windows\system32\USER32.dll
0x000007fefe510000 - 0x000007fefe577000 	C:\Windows\system32\GDI32.dll
0x000007fefe610000 - 0x000007fefe61e000 	C:\Windows\system32\LPK.dll
0x000007fefe440000 - 0x000007fefe50b000 	C:\Windows\system32\USP10.dll
0x000007fefc440000 - 0x000007fefc634000 	C:\Windows\WinSxS\amd64_microsoft.windows.common-controls_6595b64144ccf1df_6.0.7601.18837_none_fa3b1e3d17594757\COMCTL32.dll
0x000007fefe6c0000 - 0x000007fefe731000 	C:\Windows\system32\SHLWAPI.dll
0x000007fefe620000 - 0x000007fefe64e000 	C:\Windows\system32\IMM32.DLL
0x000007fefe740000 - 0x000007fefe849000 	C:\Windows\system32\MSCTF.dll
0x000000005b300000 - 0x000000005b3d2000 	D:\jdkjava\jdk1.8.0_31\jre\bin\msvcr100.dll
0x000000006fb50000 - 0x00000000703d9000 	D:\jdkjava\jdk1.8.0_31\jre\bin\server\jvm.dll
0x000007fef6e50000 - 0x000007fef6e59000 	C:\Windows\system32\WSOCK32.dll
0x000007fefe670000 - 0x000007fefe6bd000 	C:\Windows\system32\WS2_32.dll
0x000007fefe430000 - 0x000007fefe438000 	C:\Windows\system32\NSI.dll
0x000007fefdf10000 - 0x000007fefdf4b000 	C:\Windows\system32\WINMM.dll
0x000007fefcd30000 - 0x000007fefcd3c000 	C:\Windows\system32\VERSION.dll
0x0000000077ba0000 - 0x0000000077ba7000 	C:\Windows\system32\PSAPI.DLL
0x0000000068910000 - 0x000000006891f000 	D:\jdkjava\jdk1.8.0_31\jre\bin\verify.dll
0x000000005b750000 - 0x000000005b779000 	D:\jdkjava\jdk1.8.0_31\jre\bin\java.dll
0x000000005bc10000 - 0x000000005bc26000 	D:\jdkjava\jdk1.8.0_31\jre\bin\zip.dll
0x000007fefeeb0000 - 0x000007feffc3a000 	C:\Windows\system32\SHELL32.dll
0x000007fefe870000 - 0x000007fefea6c000 	C:\Windows\system32\ole32.dll
0x000007fefdc10000 - 0x000007fefdc1f000 	C:\Windows\system32\profapi.dll
0x000000005b730000 - 0x000000005b74a000 	D:\jdkjava\jdk1.8.0_31\jre\bin\net.dll
0x000007fefd400000 - 0x000007fefd455000 	C:\Windows\system32\mswsock.dll
0x000007fefd3f0000 - 0x000007fefd3f7000 	C:\Windows\System32\wship6.dll
0x000000005b710000 - 0x000000005b721000 	D:\jdkjava\jdk1.8.0_31\jre\bin\nio.dll
0x000007fef5830000 - 0x000007fef584e000 	C:\Users\admin\.gradle\native\25\windows-amd64\native-platform.dll
0x0000000064c10000 - 0x0000000064c1d000 	D:\jdkjava\jdk1.8.0_31\jre\bin\management.dll
0x000007fefd460000 - 0x000007fefd478000 	C:\Windows\system32\CRYPTSP.dll
0x000007fefd160000 - 0x000007fefd1a7000 	C:\Windows\system32\rsaenh.dll
0x000007fefcf10000 - 0x000007fefcf2e000 	C:\Windows\system32\USERENV.dll
0x000007fefdb00000 - 0x000007fefdb0f000 	C:\Windows\system32\CRYPTBASE.dll
0x000007fefb900000 - 0x000007fefb927000 	C:\Windows\system32\IPHLPAPI.DLL
0x000007fefb8f0000 - 0x000007fefb8fb000 	C:\Windows\system32\WINNSI.DLL
0x000007fefb470000 - 0x000007fefb481000 	C:\Windows\system32\dhcpcsvc6.DLL
0x000007fefb450000 - 0x000007fefb468000 	C:\Windows\system32\dhcpcsvc.DLL
0x0000000001e00000 - 0x0000000001e24000 	D:\jdkjava\jdk1.8.0_31\jre\bin\sunec.dll
0x000007fefce00000 - 0x000007fefce07000 	C:\Windows\System32\wshtcpip.dll
0x000007fefd280000 - 0x000007fefd2db000 	C:\Windows\system32\DNSAPI.dll
0x000007fef4d30000 - 0x000007fef4d38000 	C:\Windows\system32\rasadhlp.dll
0x000007fefb4a0000 - 0x000007fefb4f3000 	C:\Windows\System32\fwpuclnt.dll
0x000007fefbbf0000 - 0x000007fefbc05000 	C:\Windows\system32\NLAapi.dll
0x000007feeeb90000 - 0x000007feeeba5000 	C:\Windows\system32\napinsp.dll
0x000007feeeb70000 - 0x000007feeeb89000 	C:\Windows\system32\pnrpnsp.dll
0x000007fef2da0000 - 0x000007fef2dab000 	C:\Windows\System32\winrnr.dll
0x000007fefdaa0000 - 0x000007fefdaf7000 	C:\Windows\system32\apphelp.dll
0x000007fef57a0000 - 0x000007fef57be000 	C:\Users\admin\AppData\Local\Temp\native-platform4058146841052682419dir\native-platform.dll

VM Arguments:
jvm_args: -XX:MaxPermSize=512m -XX:+HeapDumpOnOutOfMemoryError -Xmx2048m -Dfile.encoding=UTF-8 -Duser.country=CN -Duser.language=zh -Duser.variant 
java_command: org.gradle.launcher.daemon.bootstrap.GradleDaemon 4.1
java_class_path (initial): C:\Program Files\Android\Android Studio\gradle\gradle-4.1\lib\gradle-launcher-4.1.jar
Launcher Type: SUN_STANDARD

Environment Variables:
JAVA_HOME=D:\jdkjava\jdk1.8.0_31
CLASSPATH=.;D:\jdkjava\jdk1.8.0_31\lib\tools.jar;D:\jdkjava\jdk1.8.0_31\lib\dt.jar
PATH=E:\ffmpeg\bin;D:\jdkjava\jdk1.8.0_31\bin;C:\Python27\Scripts;C:\Python27;E:\Android\sdk\platform-tools;C:\Program Files (x86)\Git\cmd;D:\sdk\platform-tools;C:\ProgramData\Oracle\Java\javapath;D:\jdkjava\jdk1.8.0_31\bin;C:\Program Files (x86)\NVIDIA Corporation\PhysX\Common;C:\Windows\system32;C:\Windows;C:\Windows\System32\Wbem;C:\Windows\System32\WindowsPowerShell\v1.0\;C:\Program Files (x86)\Common Files\microsoft shared\TigerKin;C:\Program Files (x86)\Git\cmd;D:\Program Files\nodejs\;C:\Program Files\PuTTY\;C:\Program Files\TortoiseSVN\bin;C:\Users\admin\AppData\Roaming\npm;C:\Program Files (x86)\SSH Communications Security\SSH Secure Shell;C:\Users\admin\AppData\Local\Programs\Fiddler
USERNAME=admin
OS=Windows_NT
PROCESSOR_IDENTIFIER=Intel64 Family 6 Model 60 Stepping 3, GenuineIntel



---------------  S Y S T E M  ---------------

OS: Windows 7 , 64 bit Build 7601 (6.1.7601.23915)

CPU:total 4 (4 cores per cpu, 1 threads per core) family 6 model 60 stepping 3, cmov, cx8, fxsr, mmx, sse, sse2, sse3, ssse3, sse4.1, sse4.2, popcnt, avx, avx2, aes, clmul, erms, rtm, lzcnt, tsc, tscinvbit, bmi1, bmi2

Memory: 4k page, physical 8286452k(1171172k free), swap 9333168k(5776k free)

vm_info: Java HotSpot(TM) 64-Bit Server VM (25.66-b18) for windows-amd64 JRE (1.8.0_66-b18), built on Nov  9 2015 10:51:13 by "java_re" with MS VC++ 10.0 (VS2010)

time: Wed Jan 17 08:48:20 2018
elapsed time: 421 seconds (0d 0h 7m 1s)

