#
# There is insufficient memory for the Java Runtime Environment to continue.
# Native memory allocation (malloc) failed to allocate 494272 bytes for Chunk::new
# Possible reasons:
#   The system is out of physical RAM or swap space
#   In 32 bit mode, the process size limit was hit
# Possible solutions:
#   Reduce memory load on the system
#   Increase physical memory or swap space
#   Check if swap backing store is full
#   Use 64 bit Java on a 64 bit OS
#   Decrease Java heap size (-Xmx/-Xms)
#   Decrease number of Java threads
#   Decrease Java thread stack sizes (-Xss)
#   Set larger code cache with -XX:ReservedCodeCacheSize=
# This output file may be truncated or incomplete.
#
#  Out of Memory Error (allocation.cpp:390), pid=1316, tid=0x0000000000001e00
#
# JRE version: OpenJDK Runtime Environment (8.0_152-b01) (build 1.8.0_152-release-915-b01)
# Java VM: OpenJDK 64-Bit Server VM (25.152-b01 mixed mode windows-amd64 compressed oops)
# Failed to write core dump. Minidumps are not enabled by default on client versions of Windows
#

---------------  T H R E A D  ---------------

Current thread (0x000000001762f000):  JavaThread "C2 CompilerThread0" daemon [_thread_in_native, id=7680, stack(0x0000000019140000,0x0000000019240000)]

Stack: [0x0000000019140000,0x0000000019240000]
[error occurred during error reporting (printing stack bounds), id 0xc0000005]

Native frames: (J=compiled Java code, j=interpreted, Vv=VM code, C=native code)


Current CompileTask:
C2:1307743 8585       4       com.squareup.javapoet.ClassName::emit (10 bytes)


---------------  P R O C E S S  ---------------

Java Threads: ( => current thread )
  0x000000001c501000 JavaThread "RMI RenewClean-[localhost:54659,org.jetbrains.kotlin.daemon.common.LoopbackNetworkInterface$ClientLoopbackSocketFactory@22b685fd]" daemon [_thread_blocked, id=3696, stack(0x0000000021380000,0x0000000021480000)]
  0x000000001ed37000 JavaThread "RMI TCP Connection(17)-127.0.0.1" daemon [_thread_in_Java, id=5616, stack(0x0000000020f70000,0x0000000021070000)]
  0x000000001ed3a000 JavaThread "RMI TCP Connection(16)-127.0.0.1" daemon [_thread_in_native, id=3560, stack(0x0000000020af0000,0x0000000020bf0000)]
  0x000000001ed38800 JavaThread "RMI TCP Connection(15)-127.0.0.1" daemon [_thread_in_native, id=4160, stack(0x000000001afd0000,0x000000001b0d0000)]
  0x0000000019c52800 JavaThread "RMI Scheduler(0)" daemon [_thread_blocked, id=2628, stack(0x000000001a330000,0x000000001a430000)]
  0x0000000002318800 JavaThread "DestroyJavaVM" [_thread_blocked, id=4108, stack(0x0000000002790000,0x0000000002890000)]
  0x0000000019ce7800 JavaThread "GC Daemon" daemon [_thread_blocked, id=6556, stack(0x000000001ab00000,0x000000001ac00000)]
  0x0000000019c59000 JavaThread "RMI Reaper" [_thread_blocked, id=3272, stack(0x000000001a910000,0x000000001aa10000)]
  0x0000000018df8800 JavaThread "Timer-0" daemon [_thread_blocked, id=4944, stack(0x0000000019860000,0x0000000019960000)]
  0x0000000019bc0000 JavaThread "RMI TCP Accept-17003" daemon [_thread_in_native, id=3668, stack(0x000000001a440000,0x000000001a540000)]
  0x0000000018aa3000 JavaThread "Service Thread" daemon [_thread_blocked, id=3676, stack(0x0000000019700000,0x0000000019800000)]
  0x0000000018a24800 JavaThread "C1 CompilerThread2" daemon [_thread_in_native, id=7464, stack(0x0000000019550000,0x0000000019650000)]
  0x0000000018a22800 JavaThread "C2 CompilerThread1" daemon [_thread_in_native, id=3340, stack(0x0000000019400000,0x0000000019500000)]
=>0x000000001762f000 JavaThread "C2 CompilerThread0" daemon [_thread_in_native, id=7680, stack(0x0000000019140000,0x0000000019240000)]
  0x0000000018a0a800 JavaThread "Attach Listener" daemon [_thread_blocked, id=7928, stack(0x0000000018e30000,0x0000000018f30000)]
  0x000000001762a000 JavaThread "Signal Dispatcher" daemon [_thread_blocked, id=5604, stack(0x0000000018fe0000,0x00000000190e0000)]
  0x0000000017609800 JavaThread "Finalizer" daemon [_thread_blocked, id=1092, stack(0x0000000018690000,0x0000000018790000)]
  0x00000000175c2800 JavaThread "Reference Handler" daemon [_thread_blocked, id=2692, stack(0x0000000018900000,0x0000000018a00000)]

Other Threads:
  0x00000000175ba000 VMThread [stack: 0x0000000018790000,0x0000000018890000] [id=5840]
  0x0000000018aa4800 WatcherThread [stack: 0x00000000192d0000,0x00000000193d0000] [id=5636]

VM state:not at safepoint (normal execution)

VM Mutex/Monitor currently owned by a thread: None

Heap:
 PSYoungGen      total 503296K, used 214972K [0x00000000d5580000, 0x00000000fc280000, 0x0000000100000000)
  eden space 412672K, 52% used [0x00000000d5580000,0x00000000e276f1a0,0x00000000ee880000)
  from space 90624K, 0% used [0x00000000f4e80000,0x00000000f4e80000,0x00000000fa700000)
  to   space 104448K, 0% used [0x00000000ee880000,0x00000000ee880000,0x00000000f4e80000)
 ParOldGen       total 381440K, used 138671K [0x0000000080000000, 0x0000000097480000, 0x00000000d5580000)
  object space 381440K, 36% used [0x0000000080000000,0x000000008876bdd8,0x0000000097480000)
 Metaspace       used 44141K, capacity 44944K, committed 46464K, reserved 1089536K
  class space    used 5326K, capacity 5582K, committed 5760K, reserved 1048576K

Card table byte_map: [0x0000000011c50000,0x0000000012060000] byte_map_base: 0x0000000011850000

Marking Bits: (ParMarkBitMap*) 0x0000000055e83950
 Begin Bits: [0x0000000012830000, 0x0000000014830000)
 End Bits:   [0x0000000014830000, 0x0000000016830000)

Polling page: 0x0000000000270000

CodeCache: size=245760Kb used=26567Kb max_used=26844Kb free=219192Kb
 bounds [0x0000000002890000, 0x0000000004300000, 0x0000000011890000]
 total_blobs=7011 nmethods=6521 adapters=401
 compilation: enabled

Compilation events (10 events):
Event: 1307.560 Thread 0x0000000018a22800 8694       4       com.squareup.javapoet.Util::characterLiteralWithoutSingleQuotes (131 bytes)
Event: 1307.560 Thread 0x0000000018a24800 nmethod 8698 0x00000000039d3090 code [0x00000000039d3660, 0x00000000039d85c8]
Event: 1307.560 Thread 0x0000000018a24800 8699       3       butterknife.compiler.FieldViewBinding::getDescription (28 bytes)
Event: 1307.561 Thread 0x0000000018a24800 nmethod 8699 0x00000000039d2390 code [0x00000000039d2560, 0x00000000039d2d98]
Event: 1307.562 Thread 0x0000000018a22800 nmethod 8694 0x0000000003af5290 code [0x0000000003af5400, 0x0000000003af5638]
Event: 1307.562 Thread 0x0000000018a22800 8700       4       com.squareup.javapoet.CodeBlock$Builder::build (10 bytes)
Event: 1307.565 Thread 0x0000000018a22800 nmethod 8700 0x0000000003403510 code [0x00000000034036a0, 0x0000000003403ad8]
Event: 1307.565 Thread 0x0000000018a22800 8587       4       java.util.ArrayList::listIterator (49 bytes)
Event: 1307.566 Thread 0x0000000018a22800 nmethod 8587 0x00000000037176d0 code [0x0000000003717820, 0x0000000003717958]
Event: 1307.566 Thread 0x0000000018a22800 8588       4       java.util.Collections$UnmodifiableList::listIterator (6 bytes)

GC Heap History (10 events):
Event: 253.075 GC heap before
{Heap before GC invocations=29 (full 6):
 PSYoungGen      total 433664K, used 334336K [0x00000000d5580000, 0x00000000f5b00000, 0x0000000100000000)
  eden space 334336K, 100% used [0x00000000d5580000,0x00000000e9c00000,0x00000000e9c00000)
  from space 99328K, 0% used [0x00000000ef980000,0x00000000ef980000,0x00000000f5a80000)
  to   space 95744K, 0% used [0x00000000e9c00000,0x00000000e9c00000,0x00000000ef980000)
 ParOldGen       total 381440K, used 126567K [0x0000000080000000, 0x0000000097480000, 0x00000000d5580000)
  object space 381440K, 33% used [0x0000000080000000,0x0000000087b99c78,0x0000000097480000)
 Metaspace       used 43982K, capacity 44890K, committed 45056K, reserved 1089536K
  class space    used 5342K, capacity 5601K, committed 5632K, reserved 1048576K
Event: 253.112 GC heap after
Heap after GC invocations=29 (full 6):
 PSYoungGen      total 430080K, used 33243K [0x00000000d5580000, 0x00000000fa700000, 0x0000000100000000)
  eden space 334336K, 0% used [0x00000000d5580000,0x00000000d5580000,0x00000000e9c00000)
  from space 95744K, 34% used [0x00000000e9c00000,0x00000000ebc76dc8,0x00000000ef980000)
  to   space 90624K, 0% used [0x00000000f4e80000,0x00000000f4e80000,0x00000000fa700000)
 ParOldGen       total 381440K, used 126575K [0x0000000080000000, 0x0000000097480000, 0x00000000d5580000)
  object space 381440K, 33% used [0x0000000080000000,0x0000000087b9bc78,0x0000000097480000)
 Metaspace       used 43982K, capacity 44890K, committed 45056K, reserved 1089536K
  class space    used 5342K, capacity 5601K, committed 5632K, reserved 1048576K
}
Event: 253.851 GC heap before
{Heap before GC invocations=30 (full 6):
 PSYoungGen      total 430080K, used 367579K [0x00000000d5580000, 0x00000000fa700000, 0x0000000100000000)
  eden space 334336K, 100% used [0x00000000d5580000,0x00000000e9c00000,0x00000000e9c00000)
  from space 95744K, 34% used [0x00000000e9c00000,0x00000000ebc76dc8,0x00000000ef980000)
  to   space 90624K, 0% used [0x00000000f4e80000,0x00000000f4e80000,0x00000000fa700000)
 ParOldGen       total 381440K, used 126575K [0x0000000080000000, 0x0000000097480000, 0x00000000d5580000)
  object space 381440K, 33% used [0x0000000080000000,0x0000000087b9bc78,0x0000000097480000)
 Metaspace       used 43995K, capacity 44890K, committed 45056K, reserved 1089536K
  class space    used 5342K, capacity 5601K, committed 5632K, reserved 1048576K
Event: 253.940 GC heap after
Heap after GC invocations=30 (full 6):
 PSYoungGen      total 503296K, used 88668K [0x00000000d5580000, 0x00000000fc280000, 0x0000000100000000)
  eden space 412672K, 0% used [0x00000000d5580000,0x00000000d5580000,0x00000000ee880000)
  from space 90624K, 97% used [0x00000000f4e80000,0x00000000fa517020,0x00000000fa700000)
  to   space 104448K, 0% used [0x00000000ee880000,0x00000000ee880000,0x00000000f4e80000)
 ParOldGen       total 381440K, used 158714K [0x0000000080000000, 0x0000000097480000, 0x00000000d5580000)
  object space 381440K, 41% used [0x0000000080000000,0x0000000089afea00,0x0000000097480000)
 Metaspace       used 43995K, capacity 44890K, committed 45056K, reserved 1089536K
  class space    used 5342K, capacity 5601K, committed 5632K, reserved 1048576K
}
Event: 1305.589 GC heap before
{Heap before GC invocations=31 (full 6):
 PSYoungGen      total 503296K, used 501340K [0x00000000d5580000, 0x00000000fc280000, 0x0000000100000000)
  eden space 412672K, 100% used [0x00000000d5580000,0x00000000ee880000,0x00000000ee880000)
  from space 90624K, 97% used [0x00000000f4e80000,0x00000000fa517020,0x00000000fa700000)
  to   space 104448K, 0% used [0x00000000ee880000,0x00000000ee880000,0x00000000f4e80000)
 ParOldGen       total 381440K, used 158714K [0x0000000080000000, 0x0000000097480000, 0x00000000d5580000)
  object space 381440K, 41% used [0x0000000080000000,0x0000000089afea00,0x0000000097480000)
 Metaspace       used 45060K, capacity 46062K, committed 46208K, reserved 1089536K
  class space    used 5415K, capacity 5727K, committed 5760K, reserved 1048576K
Event: 1305.754 GC heap after
Heap after GC invocations=31 (full 6):
 PSYoungGen      total 517120K, used 104418K [0x00000000d5580000, 0x00000000fc280000, 0x0000000100000000)
  eden space 412672K, 0% used [0x00000000d5580000,0x00000000d5580000,0x00000000ee880000)
  from space 104448K, 99% used [0x00000000ee880000,0x00000000f4e78898,0x00000000f4e80000)
  to   space 90624K, 0% used [0x00000000f4e80000,0x00000000f4e80000,0x00000000fa700000)
 ParOldGen       total 381440K, used 260228K [0x0000000080000000, 0x0000000097480000, 0x00000000d5580000)
  object space 381440K, 68% used [0x0000000080000000,0x000000008fe21210,0x0000000097480000)
 Metaspace       used 45060K, capacity 46062K, committed 46208K, reserved 1089536K
  class space    used 5415K, capacity 5727K, committed 5760K, reserved 1048576K
}
Event: 1306.202 GC heap before
{Heap before GC invocations=32 (full 6):
 PSYoungGen      total 517120K, used 517090K [0x00000000d5580000, 0x00000000fc280000, 0x0000000100000000)
  eden space 412672K, 100% used [0x00000000d5580000,0x00000000ee880000,0x00000000ee880000)
  from space 104448K, 99% used [0x00000000ee880000,0x00000000f4e78898,0x00000000f4e80000)
  to   space 90624K, 0% used [0x00000000f4e80000,0x00000000f4e80000,0x00000000fa700000)
 ParOldGen       total 381440K, used 260228K [0x0000000080000000, 0x0000000097480000, 0x00000000d5580000)
  object space 381440K, 68% used [0x0000000080000000,0x000000008fe21210,0x0000000097480000)
 Metaspace       used 45144K, capacity 46190K, committed 46464K, reserved 1089536K
  class space    used 5424K, capacity 5727K, committed 5760K, reserved 1048576K
Event: 1306.359 GC heap after
Heap after GC invocations=32 (full 6):
 PSYoungGen      total 503296K, used 38464K [0x00000000d5580000, 0x00000000fc280000, 0x0000000100000000)
  eden space 412672K, 0% used [0x00000000d5580000,0x00000000d5580000,0x00000000ee880000)
  from space 90624K, 42% used [0x00000000f4e80000,0x00000000f7410010,0x00000000fa700000)
  to   space 104448K, 0% used [0x00000000ee880000,0x00000000ee880000,0x00000000f4e80000)
 ParOldGen       total 381440K, used 364125K [0x0000000080000000, 0x0000000097480000, 0x00000000d5580000)
  object space 381440K, 95% used [0x0000000080000000,0x0000000096397648,0x0000000097480000)
 Metaspace       used 45144K, capacity 46190K, committed 46464K, reserved 1089536K
  class space    used 5424K, capacity 5727K, committed 5760K, reserved 1048576K
}
Event: 1306.359 GC heap before
{Heap before GC invocations=33 (full 7):
 PSYoungGen      total 503296K, used 38464K [0x00000000d5580000, 0x00000000fc280000, 0x0000000100000000)
  eden space 412672K, 0% used [0x00000000d5580000,0x00000000d5580000,0x00000000ee880000)
  from space 90624K, 42% used [0x00000000f4e80000,0x00000000f7410010,0x00000000fa700000)
  to   space 104448K, 0% used [0x00000000ee880000,0x00000000ee880000,0x00000000f4e80000)
 ParOldGen       total 381440K, used 364125K [0x0000000080000000, 0x0000000097480000, 0x00000000d5580000)
  object space 381440K, 95% used [0x0000000080000000,0x0000000096397648,0x0000000097480000)
 Metaspace       used 45144K, capacity 46190K, committed 46464K, reserved 1089536K
  class space    used 5424K, capacity 5727K, committed 5760K, reserved 1048576K
Event: 1306.904 GC heap after
Heap after GC invocations=33 (full 7):
 PSYoungGen      total 503296K, used 0K [0x00000000d5580000, 0x00000000fc280000, 0x0000000100000000)
  eden space 412672K, 0% used [0x00000000d5580000,0x00000000d5580000,0x00000000ee880000)
  from space 90624K, 0% used [0x00000000f4e80000,0x00000000f4e80000,0x00000000fa700000)
  to   space 104448K, 0% used [0x00000000ee880000,0x00000000ee880000,0x00000000f4e80000)
 ParOldGen       total 381440K, used 138671K [0x0000000080000000, 0x0000000097480000, 0x00000000d5580000)
  object space 381440K, 36% used [0x0000000080000000,0x000000008876bdd8,0x0000000097480000)
 Metaspace       used 43560K, capacity 44426K, committed 46464K, reserved 1089536K
  class space    used 5276K, capacity 5517K, committed 5760K, reserved 1048576K
}

Deoptimization events (10 events):
Event: 1307.401 Thread 0x000000001ed37000 Uncommon trap: reason=class_check action=maybe_recompile pc=0x0000000003ccfb40 method=com.squareup.javapoet.LineWrapper.append(Ljava/lang/String;)V @ 110
Event: 1307.401 Thread 0x000000001ed37000 Uncommon trap: reason=unstable_if action=reinterpret pc=0x00000000034fd658 method=com.squareup.javapoet.CodeWriter.resolve(Ljava/lang/String;)Lcom/squareup/javapoet/ClassName; @ 13
Event: 1307.403 Thread 0x000000001ed37000 Uncommon trap: reason=class_check action=maybe_recompile pc=0x0000000003c22fc8 method=com.squareup.javapoet.CodeBlock$Builder.argToType(Ljava/lang/Object;)Lcom/squareup/javapoet/TypeName; @ 1
Event: 1307.403 Thread 0x000000001ed37000 Uncommon trap: reason=class_check action=maybe_recompile pc=0x0000000003813b0c method=com.squareup.javapoet.CodeWriter.<init>(Ljava/lang/Appendable;Ljava/lang/String;Ljava/util/Map;Ljava/util/Set;)V @ 102
Event: 1307.405 Thread 0x000000001ed37000 Uncommon trap: reason=class_check action=maybe_recompile pc=0x0000000003c22fc8 method=com.squareup.javapoet.CodeBlock$Builder.argToType(Ljava/lang/Object;)Lcom/squareup/javapoet/TypeName; @ 1
Event: 1307.405 Thread 0x000000001ed37000 Uncommon trap: reason=class_check action=maybe_recompile pc=0x0000000003c22fc8 method=com.squareup.javapoet.CodeBlock$Builder.argToType(Ljava/lang/Object;)Lcom/squareup/javapoet/TypeName; @ 1
Event: 1307.406 Thread 0x000000001ed37000 Uncommon trap: reason=class_check action=maybe_recompile pc=0x0000000003813b18 method=com.squareup.javapoet.CodeWriter.<init>(Ljava/lang/Appendable;Ljava/lang/String;Ljava/util/Map;Ljava/util/Set;)V @ 120
Event: 1307.407 Thread 0x000000001ed37000 Uncommon trap: reason=class_check action=maybe_recompile pc=0x00000000034429b8 method=com.squareup.javapoet.CodeBlock$Builder.argToType(Ljava/lang/Object;)Lcom/squareup/javapoet/TypeName; @ 1
Event: 1307.407 Thread 0x000000001ed37000 Uncommon trap: reason=class_check action=maybe_recompile pc=0x0000000003813b0c method=com.squareup.javapoet.CodeWriter.<init>(Ljava/lang/Appendable;Ljava/lang/String;Ljava/util/Map;Ljava/util/Set;)V @ 102
Event: 1307.464 Thread 0x000000001ed37000 Uncommon trap: reason=unstable_if action=reinterpret pc=0x00000000032c6a80 method=com.squareup.javapoet.LineWrapper.append(Ljava/lang/String;)V @ 22

Classes redefined (0 events):
No events

Internal exceptions (10 events):
Event: 14.329 Thread 0x000000001e50e000 Implicit null exception at 0x0000000003c56539 to 0x0000000003c5769d
Event: 15.558 Thread 0x000000001ed35000 Exception <a 'java/lang/InterruptedException'> (0x00000000de525e60) thrown at [D:\src\AOSP-openjdk-cygwin\jdk8u\hotspot\src\share\vm\runtime\objectMonitor.cpp, line 1684]
Event: 234.396 Thread 0x000000001ed38000 Exception <a 'java/lang/InterruptedException'> (0x00000000def7ab68) thrown at [D:\src\AOSP-openjdk-cygwin\jdk8u\hotspot\src\share\vm\runtime\objectMonitor.cpp, line 1684]
Event: 236.816 Thread 0x000000001ed38800 Implicit null exception at 0x0000000002ac7b0c to 0x0000000002ac81e1
Event: 239.213 Thread 0x000000001ed38800 Implicit null exception at 0x0000000003beb514 to 0x0000000003beb6e4
Event: 250.548 Thread 0x000000001ed38800 Implicit null exception at 0x0000000002a91a27 to 0x0000000002a9295d
Event: 256.708 Thread 0x000000001c500000 Exception <a 'java/lang/InterruptedException'> (0x00000000dc01bf78) thrown at [D:\src\AOSP-openjdk-cygwin\jdk8u\hotspot\src\share\vm\runtime\objectMonitor.cpp, line 1684]
Event: 1286.710 Thread 0x000000001ed35800 Exception <a 'java/lang/InterruptedException'> (0x00000000dccf3068) thrown at [D:\src\AOSP-openjdk-cygwin\jdk8u\hotspot\src\share\vm\runtime\objectMonitor.cpp, line 1684]
Event: 1291.316 Thread 0x000000001c501000 Exception <a 'java/lang/InterruptedException'> (0x00000000dd504128) thrown at [D:\src\AOSP-openjdk-cygwin\jdk8u\hotspot\src\share\vm\runtime\objectMonitor.cpp, line 1684]
Event: 1291.319 Thread 0x000000001ed37000 Implicit null exception at 0x0000000002b3a041 to 0x0000000002b3a661

Events (10 events):
Event: 1307.406 Thread 0x000000001ed37000 DEOPT UNPACKING pc=0x00000000028d556a sp=0x000000002106b438 mode 2
Event: 1307.407 Thread 0x000000001ed37000 Uncommon trap: trap_request=0xffffffde fr.pc=0x00000000034429b8
Event: 1307.407 Thread 0x000000001ed37000 DEOPT PACKING pc=0x00000000034429b8 sp=0x000000002106ae90
Event: 1307.407 Thread 0x000000001ed37000 DEOPT UNPACKING pc=0x00000000028d556a sp=0x000000002106ae38 mode 2
Event: 1307.407 Thread 0x000000001ed37000 Uncommon trap: trap_request=0xffffffde fr.pc=0x0000000003813b0c
Event: 1307.407 Thread 0x000000001ed37000 DEOPT PACKING pc=0x0000000003813b0c sp=0x000000002106b4d0
Event: 1307.407 Thread 0x000000001ed37000 DEOPT UNPACKING pc=0x00000000028d556a sp=0x000000002106b4c0 mode 2
Event: 1307.464 Thread 0x000000001ed37000 Uncommon trap: trap_request=0xffffff65 fr.pc=0x00000000032c6a80
Event: 1307.464 Thread 0x000000001ed37000 DEOPT PACKING pc=0x00000000032c6a80 sp=0x000000002106b0f0
Event: 1307.464 Thread 0x000000001ed37000 DEOPT UNPACKING pc=0x00000000028d556a sp=0x000000002106b0e0 mode 2


Dynamic libraries:
0x000000013f030000 - 0x000000013f061000 	C:\Program Files\Android\Android Studio\jre\jre\bin\java.exe
0x0000000076fc0000 - 0x000000007716a000 	C:\Windows\SYSTEM32\ntdll.dll
0x00000000769e0000 - 0x0000000076aff000 	C:\Windows\system32\kernel32.dll
0x000007fefd330000 - 0x000007fefd39a000 	C:\Windows\system32\KERNELBASE.dll
0x000007fefd770000 - 0x000007fefd84b000 	C:\Windows\system32\ADVAPI32.dll
0x000007feff1a0000 - 0x000007feff23f000 	C:\Windows\system32\msvcrt.dll
0x000007fefdf60000 - 0x000007fefdf7f000 	C:\Windows\SYSTEM32\sechost.dll
0x000007fefde30000 - 0x000007fefdf5d000 	C:\Windows\system32\RPCRT4.dll
0x0000000076780000 - 0x000000007687a000 	C:\Windows\system32\USER32.dll
0x000007fefd9a0000 - 0x000007fefda07000 	C:\Windows\system32\GDI32.dll
0x000007feff070000 - 0x000007feff07e000 	C:\Windows\system32\LPK.dll
0x000007fefdd30000 - 0x000007fefddfb000 	C:\Windows\system32\USP10.dll
0x000007fefb9f0000 - 0x000007fefbbe4000 	C:\Windows\WinSxS\amd64_microsoft.windows.common-controls_6595b64144ccf1df_6.0.7601.18837_none_fa3b1e3d17594757\COMCTL32.dll
0x000007fefef50000 - 0x000007fefefc1000 	C:\Windows\system32\SHLWAPI.dll
0x000007fefde00000 - 0x000007fefde2e000 	C:\Windows\system32\IMM32.DLL
0x000007fefda20000 - 0x000007fefdb29000 	C:\Windows\system32\MSCTF.dll
0x0000000062bd0000 - 0x0000000062ca2000 	C:\Program Files\Android\Android Studio\jre\jre\bin\msvcr100.dll
0x00000000556c0000 - 0x0000000055efe000 	C:\Program Files\Android\Android Studio\jre\jre\bin\server\jvm.dll
0x000007fef81c0000 - 0x000007fef81c9000 	C:\Windows\system32\WSOCK32.dll
0x000007fefd950000 - 0x000007fefd99d000 	C:\Windows\system32\WS2_32.dll
0x000007fefda10000 - 0x000007fefda18000 	C:\Windows\system32\NSI.dll
0x000007fefd2b0000 - 0x000007fefd2eb000 	C:\Windows\system32\WINMM.dll
0x000007fefc320000 - 0x000007fefc32c000 	C:\Windows\system32\VERSION.dll
0x0000000077190000 - 0x0000000077197000 	C:\Windows\system32\PSAPI.DLL
0x000007fefbee0000 - 0x000007fefbeef000 	C:\Program Files\Android\Android Studio\jre\jre\bin\verify.dll
0x000007fef50b0000 - 0x000007fef50d9000 	C:\Program Files\Android\Android Studio\jre\jre\bin\java.dll
0x000007fef50f0000 - 0x000007fef5106000 	C:\Program Files\Android\Android Studio\jre\jre\bin\zip.dll
0x000007fefdf80000 - 0x000007fefed0a000 	C:\Windows\system32\SHELL32.dll
0x000007fefdb30000 - 0x000007fefdd2c000 	C:\Windows\system32\ole32.dll
0x000007fefd200000 - 0x000007fefd20f000 	C:\Windows\system32\profapi.dll
0x000007fef5920000 - 0x000007fef592d000 	C:\Program Files\Android\Android Studio\jre\jre\bin\management.dll
0x000007fefb9c0000 - 0x000007fefb9da000 	C:\Program Files\Android\Android Studio\jre\jre\bin\net.dll
0x000007fefc9f0000 - 0x000007fefca45000 	C:\Windows\system32\mswsock.dll
0x000007fefc9e0000 - 0x000007fefc9e7000 	C:\Windows\System32\wship6.dll
0x000007fef5090000 - 0x000007fef50a1000 	C:\Program Files\Android\Android Studio\jre\jre\bin\nio.dll
0x000007fefca50000 - 0x000007fefca68000 	C:\Windows\system32\CRYPTSP.dll
0x000007fefc750000 - 0x000007fefc797000 	C:\Windows\system32\rsaenh.dll
0x000007fefc500000 - 0x000007fefc51e000 	C:\Windows\system32\USERENV.dll
0x000007fefd0f0000 - 0x000007fefd0ff000 	C:\Windows\system32\CRYPTBASE.dll
0x000007fefad20000 - 0x000007fefad47000 	C:\Windows\system32\IPHLPAPI.DLL
0x000007fefad00000 - 0x000007fefad0b000 	C:\Windows\system32\WINNSI.DLL
0x000007fef9da0000 - 0x000007fef9db1000 	C:\Windows\system32\dhcpcsvc6.DLL
0x000007fefa760000 - 0x000007fefa778000 	C:\Windows\system32\dhcpcsvc.DLL

VM Arguments:
jvm_args: -Djava.awt.headless=true -Djava.rmi.server.hostname=localhost -Xmx2048m -XX:MaxPermSize=512m -Dkotlin.environment.keepalive 
java_command: org.jetbrains.kotlin.daemon.KotlinCompileDaemon --daemon-runFilesPath C:\Users\admin\AppData\Local\kotlin\daemon --daemon-autoshutdownIdleSeconds=7200 --daemon-compilerClasspath C:\Users\admin\.gradle\caches\jars-3\f58e399bf7514751475f325920291a60\kotlin-compiler-embeddable-1.1.51.jar;C:\Program Files\Android\Android Studio\jre\lib\tools.jar
java_class_path (initial): C:\Users\admin\.gradle\caches\jars-3\f58e399bf7514751475f325920291a60\kotlin-compiler-embeddable-1.1.51.jar;C:\Program Files\Android\Android Studio\jre\lib\tools.jar
Launcher Type: SUN_STANDARD

Environment Variables:
JAVA_HOME=D:\jdkjava\jdk1.8.0_31
CLASSPATH=.;D:\jdkjava\jdk1.8.0_31\lib\tools.jar;D:\jdkjava\jdk1.8.0_31\lib\dt.jar
PATH=E:\ffmpeg\bin;D:\jdkjava\jdk1.8.0_31\bin;C:\Python27\Scripts;C:\Python27;E:\Android\sdk\platform-tools;C:\Program Files (x86)\Git\cmd;D:\sdk\platform-tools;C:\ProgramData\Oracle\Java\javapath;D:\jdkjava\jdk1.8.0_31\bin;C:\Program Files (x86)\NVIDIA Corporation\PhysX\Common;C:\Windows\system32;C:\Windows;C:\Windows\System32\Wbem;C:\Windows\System32\WindowsPowerShell\v1.0\;C:\Program Files (x86)\Common Files\microsoft shared\TigerKin;C:\Program Files (x86)\Git\cmd;D:\Program Files\nodejs\;C:\Program Files\PuTTY\;C:\Program Files\TortoiseSVN\bin;C:\Users\admin\AppData\Roaming\npm;C:\Program Files (x86)\SSH Communications Security\SSH Secure Shell;C:\Users\admin\AppData\Local\Programs\Fiddler
USERNAME=admin
OS=Windows_NT
PROCESSOR_IDENTIFIER=Intel64 Family 6 Model 60 Stepping 3, GenuineIntel



---------------  S Y S T E M  ---------------

OS: Windows 7 , 64 bit Build 7601 (6.1.7601.23915)

CPU:total 4 (initial active 4) (4 cores per cpu, 1 threads per core) family 6 model 60 stepping 3, cmov, cx8, fxsr, mmx, sse, sse2, sse3, ssse3, sse4.1, sse4.2, popcnt, avx, avx2, aes, clmul, erms, rtm, lzcnt, tsc, tscinvbit, bmi1, bmi2

Memory: 4k page, physical 8286452k(485472k free), swap 9333168k(6592k free)

vm_info: OpenJDK 64-Bit Server VM (25.152-b01) for windows-amd64 JRE (1.8.0_152-release-915-b01), built by "builder" with MS VC++ 10.0 (VS2010)

time: Thu Jan 18 09:30:40 2018
elapsed time: 1307 seconds (0d 0h 21m 47s)

