#
# There is insufficient memory for the Java Runtime Environment to continue.
# Native memory allocation (malloc) failed to allocate 1317936 bytes for Chunk::new
# Possible reasons:
#   The system is out of physical RAM or swap space
#   In 32 bit mode, the process size limit was hit
# Possible solutions:
#   Reduce memory load on the system
#   Increase physical memory or swap space
#   Check if swap backing store is full
#   Use 64 bit Java on a 64 bit OS
#   Decrease Java heap size (-Xmx/-Xms)
#   Decrease number of Java threads
#   Decrease Java thread stack sizes (-Xss)
#   Set larger code cache with -XX:ReservedCodeCacheSize=
# This output file may be truncated or incomplete.
#
#  Out of Memory Error (allocation.cpp:390), pid=14932, tid=15008
#
# JRE version: Java(TM) SE Runtime Environment (8.0_66-b18) (build 1.8.0_66-b18)
# Java VM: Java HotSpot(TM) 64-Bit Server VM (25.66-b18 mixed mode windows-amd64 compressed oops)
# Failed to write core dump. Minidumps are not enabled by default on client versions of Windows
#

---------------  T H R E A D  ---------------

Current thread (0x00000000593b8800):  JavaThread "C2 CompilerThread1" daemon [_thread_in_native, id=15008, stack(0x0000000059c30000,0x0000000059d30000)]

Stack: [0x0000000059c30000,0x0000000059d30000]
[error occurred during error reporting (printing stack bounds), id 0xc0000005]

Native frames: (J=compiled Java code, j=interpreted, Vv=VM code, C=native code)


Current CompileTask:
C2:8234155 28317   !   4       com.android.dx.cf.cst.ConstantPoolParser::parse0 (731 bytes)


---------------  P R O C E S S  ---------------

Java Threads: ( => current thread )
  0x0000000062659000 JavaThread "pool-4-thread-4" [_thread_blocked, id=16792, stack(0x000000006ad40000,0x000000006ae40000)]
  0x000000005e418000 JavaThread "pool-4-thread-3" [_thread_blocked, id=16788, stack(0x000000006ae40000,0x000000006af40000)]
  0x000000005d4fe000 JavaThread "pool-16-thread-4" [_thread_blocked, id=16784, stack(0x000000006aad0000,0x000000006abd0000)]
  0x000000005d512000 JavaThread "pool-16-thread-3" [_thread_blocked, id=16780, stack(0x0000000060ae0000,0x0000000060be0000)]
  0x000000005d4ff000 JavaThread "pool-16-thread-2" [_thread_blocked, id=16776, stack(0x00000000690a0000,0x00000000691a0000)]
  0x000000005d714000 JavaThread "pool-17-thread-1" [_thread_blocked, id=16772, stack(0x000000006a970000,0x000000006aa70000)]
  0x000000005d717800 JavaThread "pool-16-thread-1" [_thread_blocked, id=16768, stack(0x000000006a390000,0x000000006a490000)]
  0x000000005d71a800 JavaThread "pool-4-thread-2" [_thread_in_native, id=16764, stack(0x0000000068620000,0x0000000068720000)]
  0x000000005d502800 JavaThread "pool-13-thread-4" [_thread_blocked, id=11400, stack(0x0000000068f90000,0x0000000069090000)]
  0x000000005d715800 JavaThread "pool-13-thread-3" [_thread_blocked, id=16144, stack(0x0000000063790000,0x0000000063890000)]
  0x000000005d714800 JavaThread "pool-13-thread-2" [_thread_blocked, id=14844, stack(0x0000000066db0000,0x0000000066eb0000)]
  0x000000005d717000 JavaThread "pool-13-thread-1" [_thread_blocked, id=7468, stack(0x0000000066980000,0x0000000066a80000)]
  0x000000005e414000 JavaThread "Task worker Thread 3" [_thread_blocked, id=10988, stack(0x0000000064980000,0x0000000064a80000)]
  0x000000005e413800 JavaThread "Task worker Thread 2" [_thread_blocked, id=14788, stack(0x000000005c690000,0x000000005c790000)]
  0x000000005e418800 JavaThread "Task worker" [_thread_blocked, id=16200, stack(0x00000000641a0000,0x00000000642a0000)]
  0x000000005e415000 JavaThread "Cache update executor" [_thread_blocked, id=16100, stack(0x00000000607c0000,0x00000000608c0000)]
  0x000000005e417000 JavaThread "Asynchronous log dispatcher for DefaultDaemonConnection: socket connection from /127.0.0.1:60032 to /127.0.0.1:62797" [_thread_blocked, id=12788, stack(0x000000005c180000,0x000000005c280000)]
  0x000000005e419800 JavaThread "Daemon worker Thread 4" [_thread_blocked, id=16096, stack(0x000000005c8b0000,0x000000005c9b0000)]
  0x000000005d50f800 JavaThread "Cancel handler" [_thread_blocked, id=15520, stack(0x000000005c790000,0x000000005c890000)]
  0x000000005d50f000 JavaThread "Handler for socket connection from /127.0.0.1:60032 to /127.0.0.1:62797" [_thread_in_native, id=16336, stack(0x000000005c540000,0x000000005c640000)]
  0x000000005d50d800 JavaThread "Daemon Thread 4" [_thread_blocked, id=16020, stack(0x000000005c310000,0x000000005c410000)]
  0x000000005d4fc800 JavaThread "pool-4-thread-1" [_thread_blocked, id=8564, stack(0x000000005cbd0000,0x000000005ccd0000)]
  0x000000005d50c800 JavaThread "pool-2-thread-1" [_thread_blocked, id=15108, stack(0x0000000060670000,0x0000000060770000)]
  0x000000005d50c000 JavaThread "File lock request listener" [_thread_in_native, id=15104, stack(0x0000000060be0000,0x0000000060ce0000)]
  0x000000005ba19000 JavaThread "Incoming local TCP Connector on port 60032" [_thread_in_native, id=15040, stack(0x0000000059d40000,0x0000000059e40000)]
  0x000000005b27d000 JavaThread "pool-1-thread-1" [_thread_blocked, id=15032, stack(0x000000005bc80000,0x000000005bd80000)]
  0x0000000059430800 JavaThread "Service Thread" daemon [_thread_blocked, id=15016, stack(0x0000000059e60000,0x0000000059f60000)]
  0x00000000593ba800 JavaThread "C1 CompilerThread2" daemon [_thread_blocked, id=15012, stack(0x0000000059b10000,0x0000000059c10000)]
=>0x00000000593b8800 JavaThread "C2 CompilerThread1" daemon [_thread_in_native, id=15008, stack(0x0000000059c30000,0x0000000059d30000)]
  0x00000000575dd000 JavaThread "C2 CompilerThread0" daemon [_thread_in_native, id=15004, stack(0x00000000590e0000,0x00000000591e0000)]
  0x00000000593a8800 JavaThread "Attach Listener" daemon [_thread_blocked, id=15000, stack(0x0000000059990000,0x0000000059a90000)]
  0x00000000575cf000 JavaThread "Signal Dispatcher" daemon [_thread_blocked, id=14996, stack(0x00000000597b0000,0x00000000598b0000)]
  0x0000000057578000 JavaThread "Finalizer" daemon [_thread_blocked, id=14992, stack(0x00000000592a0000,0x00000000593a0000)]
  0x0000000057571000 JavaThread "Reference Handler" daemon [_thread_blocked, id=14988, stack(0x0000000058fe0000,0x00000000590e0000)]
  0x000000000253f800 JavaThread "main" [_thread_blocked, id=14964, stack(0x0000000002620000,0x0000000002720000)]

Other Threads:
  0x000000005756b800 VMThread [stack: 0x0000000058ed0000,0x0000000058fd0000] [id=14984]
  0x0000000059485800 WatcherThread [stack: 0x000000005a070000,0x000000005a170000] [id=15020]

VM state:not at safepoint (normal execution)

VM Mutex/Monitor currently owned by a thread: None

Heap:
 PSYoungGen      total 518656K, used 435110K [0x00000000d5580000, 0x0000000100000000, 0x0000000100000000)
  eden space 361984K, 98% used [0x00000000d5580000,0x00000000eb1a77e8,0x00000000eb700000)
  from space 156672K, 50% used [0x00000000f6700000,0x00000000fb3c21a8,0x0000000100000000)
  to   space 168448K, 0% used [0x00000000eb700000,0x00000000eb700000,0x00000000f5b80000)
 ParOldGen       total 466944K, used 258947K [0x0000000080000000, 0x000000009c800000, 0x00000000d5580000)
  object space 466944K, 55% used [0x0000000080000000,0x000000008fce0d98,0x000000009c800000)
 Metaspace       used 86736K, capacity 91334K, committed 94592K, reserved 1132544K
  class space    used 10739K, capacity 11452K, committed 12160K, reserved 1048576K

Card table byte_map: [0x0000000011ae0000,0x0000000011ef0000] byte_map_base: 0x00000000116e0000

Marking Bits: (ParMarkBitMap*) 0x000000005803a5b0
 Begin Bits: [0x00000000127e0000, 0x00000000147e0000)
 End Bits:   [0x00000000147e0000, 0x00000000167e0000)

Polling page: 0x0000000000460000

CodeCache: size=245760Kb used=75611Kb max_used=77649Kb free=170149Kb
 bounds [0x0000000002720000, 0x00000000073d0000, 0x0000000011720000]
 total_blobs=20957 nmethods=20114 adapters=752
 compilation: enabled

Compilation events (10 events):
Event: 8233.372 Thread 0x00000000593ba800 28326   !   2       com.android.dx.cf.code.ExecutionStack::change (116 bytes)
Event: 8233.373 Thread 0x00000000593ba800 nmethod 28326 0x00000000071f46d0 code [0x00000000071f4960, 0x00000000071f53b8]
Event: 8233.394 Thread 0x00000000593ba800 28327       2       java.util.concurrent.ConcurrentHashMap$TreeNode::<init> (16 bytes)
Event: 8233.395 Thread 0x00000000593ba800 nmethod 28327 0x0000000004ffa150 code [0x0000000004ffa2a0, 0x0000000004ffa450]
Event: 8233.396 Thread 0x00000000593ba800 28328       2       com.android.dx.rop.code.Rops::opConv (231 bytes)
Event: 8233.397 Thread 0x00000000593ba800 nmethod 28328 0x00000000050a78d0 code [0x00000000050a7b60, 0x00000000050a86b8]
Event: 8233.398 Thread 0x00000000593ba800 28329 % !   3       java.util.concurrent.ConcurrentHashMap::putVal @ 162 (362 bytes)
Event: 8233.400 Thread 0x00000000593ba800 nmethod 28329% 0x000000000352bf90 code [0x000000000352c240, 0x000000000352def8]
Event: 8233.400 Thread 0x00000000593ba800 28330   !   3       java.util.concurrent.ConcurrentHashMap::putVal (362 bytes)
Event: 8233.401 Thread 0x00000000593ba800 nmethod 28330 0x0000000004a19dd0 code [0x0000000004a1a080, 0x0000000004a1b938]

GC Heap History (10 events):
Event: 8207.996 GC heap before
{Heap before GC invocations=30 (full 5):
 PSYoungGen      total 583168K, used 562280K [0x00000000d5580000, 0x0000000100000000, 0x0000000100000000)
  eden space 482816K, 100% used [0x00000000d5580000,0x00000000f2d00000,0x00000000f2d00000)
  from space 100352K, 79% used [0x00000000f9e00000,0x00000000feb9a218,0x0000000100000000)
  to   space 108032K, 0% used [0x00000000f2d00000,0x00000000f2d00000,0x00000000f9680000)
 ParOldGen       total 297984K, used 187485K [0x0000000080000000, 0x0000000092300000, 0x00000000d5580000)
  object space 297984K, 62% used [0x0000000080000000,0x000000008b717628,0x0000000092300000)
 Metaspace       used 87608K, capacity 93336K, committed 93440K, reserved 1130496K
  class space    used 11052K, capacity 12010K, committed 12032K, reserved 1048576K
Event: 8208.063 GC heap after
Heap after GC invocations=30 (full 5):
 PSYoungGen      total 583168K, used 100037K [0x00000000d5580000, 0x0000000100000000, 0x0000000100000000)
  eden space 482816K, 0% used [0x00000000d5580000,0x00000000d5580000,0x00000000f2d00000)
  from space 100352K, 99% used [0x00000000f2d00000,0x00000000f8eb14e8,0x00000000f8f00000)
  to   space 115712K, 0% used [0x00000000f8f00000,0x00000000f8f00000,0x0000000100000000)
 ParOldGen       total 297984K, used 187493K [0x0000000080000000, 0x0000000092300000, 0x00000000d5580000)
  object space 297984K, 62% used [0x0000000080000000,0x000000008b719628,0x0000000092300000)
 Metaspace       used 87608K, capacity 93336K, committed 93440K, reserved 1130496K
  class space    used 11052K, capacity 12010K, committed 12032K, reserved 1048576K
}
Event: 8220.296 GC heap before
{Heap before GC invocations=31 (full 5):
 PSYoungGen      total 583168K, used 582853K [0x00000000d5580000, 0x0000000100000000, 0x0000000100000000)
  eden space 482816K, 100% used [0x00000000d5580000,0x00000000f2d00000,0x00000000f2d00000)
  from space 100352K, 99% used [0x00000000f2d00000,0x00000000f8eb14e8,0x00000000f8f00000)
  to   space 115712K, 0% used [0x00000000f8f00000,0x00000000f8f00000,0x0000000100000000)
 ParOldGen       total 297984K, used 187493K [0x0000000080000000, 0x0000000092300000, 0x00000000d5580000)
  object space 297984K, 62% used [0x0000000080000000,0x000000008b719628,0x0000000092300000)
 Metaspace       used 88063K, capacity 93808K, committed 94080K, reserved 1130496K
  class space    used 11110K, capacity 12082K, committed 12160K, reserved 1048576K
Event: 8220.402 GC heap after
Heap after GC invocations=31 (full 5):
 PSYoungGen      total 509440K, used 115697K [0x00000000d5580000, 0x0000000100000000, 0x0000000100000000)
  eden space 393728K, 0% used [0x00000000d5580000,0x00000000d5580000,0x00000000ed600000)
  from space 115712K, 99% used [0x00000000f8f00000,0x00000000ffffc400,0x0000000100000000)
  to   space 152576K, 0% used [0x00000000ed600000,0x00000000ed600000,0x00000000f6b00000)
 ParOldGen       total 297984K, used 223924K [0x0000000080000000, 0x0000000092300000, 0x00000000d5580000)
  object space 297984K, 75% used [0x0000000080000000,0x000000008daad1c8,0x0000000092300000)
 Metaspace       used 88063K, capacity 93808K, committed 94080K, reserved 1130496K
  class space    used 11110K, capacity 12082K, committed 12160K, reserved 1048576K
}
Event: 8223.015 GC heap before
{Heap before GC invocations=32 (full 5):
 PSYoungGen      total 509440K, used 509425K [0x00000000d5580000, 0x0000000100000000, 0x0000000100000000)
  eden space 393728K, 100% used [0x00000000d5580000,0x00000000ed600000,0x00000000ed600000)
  from space 115712K, 99% used [0x00000000f8f00000,0x00000000ffffc400,0x0000000100000000)
  to   space 152576K, 0% used [0x00000000ed600000,0x00000000ed600000,0x00000000f6b00000)
 ParOldGen       total 297984K, used 223924K [0x0000000080000000, 0x0000000092300000, 0x00000000d5580000)
  object space 297984K, 75% used [0x0000000080000000,0x000000008daad1c8,0x0000000092300000)
 Metaspace       used 88652K, capacity 94358K, committed 94592K, reserved 1132544K
  class space    used 11156K, capacity 12115K, committed 12160K, reserved 1048576K
Event: 8223.129 GC heap after
Heap after GC invocations=32 (full 5):
 PSYoungGen      total 542208K, used 148266K [0x00000000d5580000, 0x0000000100000000, 0x0000000100000000)
  eden space 393728K, 0% used [0x00000000d5580000,0x00000000d5580000,0x00000000ed600000)
  from space 148480K, 99% used [0x00000000ed600000,0x00000000f66ca918,0x00000000f6700000)
  to   space 156672K, 0% used [0x00000000f6700000,0x00000000f6700000,0x0000000100000000)
 ParOldGen       total 297984K, used 254150K [0x0000000080000000, 0x0000000092300000, 0x00000000d5580000)
  object space 297984K, 85% used [0x0000000080000000,0x000000008f831858,0x0000000092300000)
 Metaspace       used 88652K, capacity 94358K, committed 94592K, reserved 1132544K
  class space    used 11156K, capacity 12115K, committed 12160K, reserved 1048576K
}
Event: 8223.129 GC heap before
{Heap before GC invocations=33 (full 6):
 PSYoungGen      total 542208K, used 148266K [0x00000000d5580000, 0x0000000100000000, 0x0000000100000000)
  eden space 393728K, 0% used [0x00000000d5580000,0x00000000d5580000,0x00000000ed600000)
  from space 148480K, 99% used [0x00000000ed600000,0x00000000f66ca918,0x00000000f6700000)
  to   space 156672K, 0% used [0x00000000f6700000,0x00000000f6700000,0x0000000100000000)
 ParOldGen       total 297984K, used 254150K [0x0000000080000000, 0x0000000092300000, 0x00000000d5580000)
  object space 297984K, 85% used [0x0000000080000000,0x000000008f831858,0x0000000092300000)
 Metaspace       used 88652K, capacity 94358K, committed 94592K, reserved 1132544K
  class space    used 11156K, capacity 12115K, committed 12160K, reserved 1048576K
Event: 8223.791 GC heap after
Heap after GC invocations=33 (full 6):
 PSYoungGen      total 542208K, used 0K [0x00000000d5580000, 0x0000000100000000, 0x0000000100000000)
  eden space 393728K, 0% used [0x00000000d5580000,0x00000000d5580000,0x00000000ed600000)
  from space 148480K, 0% used [0x00000000ed600000,0x00000000ed600000,0x00000000f6700000)
  to   space 156672K, 0% used [0x00000000f6700000,0x00000000f6700000,0x0000000100000000)
 ParOldGen       total 466944K, used 258939K [0x0000000080000000, 0x000000009c800000, 0x00000000d5580000)
  object space 466944K, 55% used [0x0000000080000000,0x000000008fcded98,0x000000009c800000)
 Metaspace       used 86592K, capacity 91062K, committed 94592K, reserved 1132544K
  class space    used 10722K, capacity 11410K, committed 12160K, reserved 1048576K
}
Event: 8226.699 GC heap before
{Heap before GC invocations=34 (full 6):
 PSYoungGen      total 542208K, used 393728K [0x00000000d5580000, 0x0000000100000000, 0x0000000100000000)
  eden space 393728K, 100% used [0x00000000d5580000,0x00000000ed600000,0x00000000ed600000)
  from space 148480K, 0% used [0x00000000ed600000,0x00000000ed600000,0x00000000f6700000)
  to   space 156672K, 0% used [0x00000000f6700000,0x00000000f6700000,0x0000000100000000)
 ParOldGen       total 466944K, used 258939K [0x0000000080000000, 0x000000009c800000, 0x00000000d5580000)
  object space 466944K, 55% used [0x0000000080000000,0x000000008fcded98,0x000000009c800000)
 Metaspace       used 86636K, capacity 91126K, committed 94592K, reserved 1132544K
  class space    used 10722K, capacity 11410K, committed 12160K, reserved 1048576K
Event: 8226.754 GC heap after
Heap after GC invocations=34 (full 6):
 PSYoungGen      total 518656K, used 78600K [0x00000000d5580000, 0x0000000100000000, 0x0000000100000000)
  eden space 361984K, 0% used [0x00000000d5580000,0x00000000d5580000,0x00000000eb700000)
  from space 156672K, 50% used [0x00000000f6700000,0x00000000fb3c21a8,0x0000000100000000)
  to   space 168448K, 0% used [0x00000000eb700000,0x00000000eb700000,0x00000000f5b80000)
 ParOldGen       total 466944K, used 258947K [0x0000000080000000, 0x000000009c800000, 0x00000000d5580000)
  object space 466944K, 55% used [0x0000000080000000,0x000000008fce0d98,0x000000009c800000)
 Metaspace       used 86636K, capacity 91126K, committed 94592K, reserved 1132544K
  class space    used 10722K, capacity 11410K, committed 12160K, reserved 1048576K
}

Deoptimization events (10 events):
Event: 8232.690 Thread 0x0000000062659000 Uncommon trap: reason=class_check action=maybe_recompile pc=0x00000000040576cc method=java.nio.file.attribute.FileTime.toMillis()J @ 15
Event: 8232.691 Thread 0x000000005e418000 Uncommon trap: reason=class_check action=maybe_recompile pc=0x00000000040576cc method=java.nio.file.attribute.FileTime.toMillis()J @ 15
Event: 8232.709 Thread 0x000000005e418000 Uncommon trap: reason=unstable_if action=reinterpret pc=0x0000000004f867a4 method=com.android.dx.ssa.SsaBasicBlock.scheduleMovesFromPhis()V @ 63
Event: 8232.724 Thread 0x000000006265e000 Uncommon trap: reason=unstable_if action=reinterpret pc=0x0000000004f56db0 method=com.android.dx.ssa.LiteralOpUpgrader$1.visitNonMoveInsn(Lcom/android/dx/ssa/NormalSsaInsn;)V @ 176
Event: 8232.806 Thread 0x0000000062440000 Uncommon trap: reason=unstable_if action=reinterpret pc=0x0000000005a449cc method=java.util.concurrent.ConcurrentHashMap.putVal(Ljava/lang/Object;Ljava/lang/Object;Z)Ljava/lang/Object; @ 331
Event: 8232.821 Thread 0x000000006265d000 Uncommon trap: reason=unstable_if action=reinterpret pc=0x0000000006becefc method=java.util.concurrent.locks.AbstractQueuedSynchronizer$ConditionObject.checkInterruptWhileWaiting(Ljava/util/concurrent/locks/AbstractQueuedSynchronizer$Node;)I @ 3
Event: 8232.826 Thread 0x000000006265a000 Uncommon trap: reason=unstable_if action=reinterpret pc=0x00000000039b8798 method=java.lang.ref.SoftReference.get()Ljava/lang/Object; @ 6
Event: 8232.826 Thread 0x0000000062659000 Uncommon trap: reason=unstable_if action=reinterpret pc=0x0000000003a25c38 method=java.util.Formatter$FormatSpecifier.localizedMagnitude(Ljava/lang/StringBuilder;[CLjava/util/Formatter$Flags;ILjava/util/Locale;)Ljava/lang/StringBuilder; @ 59
Event: 8232.853 Thread 0x000000005d717000 Uncommon trap: reason=unstable_if action=reinterpret pc=0x000000000424df30 method=sun.nio.fs.WindowsNativeDispatcher.asNativeBuffer(Ljava/lang/String;)Lsun/nio/fs/NativeBuffer; @ 33
Event: 8233.187 Thread 0x000000005d71a800 Uncommon trap: reason=unstable_if action=reinterpret pc=0x0000000003085620 method=java.util.concurrent.locks.ReentrantLock$FairSync.tryAcquire(I)Z @ 26

Internal exceptions (10 events):
Event: 8231.893 Thread 0x000000005d715800 Exception <a 'sun/nio/fs/WindowsException'> (0x00000000e0a5b940) thrown at [C:\re\workspace\8-2-build-windows-amd64-cygwin\jdk8u66\5298\hotspot\src\share\vm\prims\jni.cpp, line 709]
Event: 8231.893 Thread 0x000000005d715800 Exception <a 'sun/nio/fs/WindowsException'> (0x00000000e0a5c140) thrown at [C:\re\workspace\8-2-build-windows-amd64-cygwin\jdk8u66\5298\hotspot\src\share\vm\prims\jni.cpp, line 709]
Event: 8231.902 Thread 0x000000005d502800 Exception <a 'sun/nio/fs/WindowsException'> (0x00000000e0ab3db8) thrown at [C:\re\workspace\8-2-build-windows-amd64-cygwin\jdk8u66\5298\hotspot\src\share\vm\prims\jni.cpp, line 709]
Event: 8231.902 Thread 0x000000005d502800 Exception <a 'sun/nio/fs/WindowsException'> (0x00000000e0ab44e0) thrown at [C:\re\workspace\8-2-build-windows-amd64-cygwin\jdk8u66\5298\hotspot\src\share\vm\prims\jni.cpp, line 709]
Event: 8231.910 Thread 0x000000005d715800 Exception <a 'sun/nio/fs/WindowsException'> (0x00000000e0a5cf18) thrown at [C:\re\workspace\8-2-build-windows-amd64-cygwin\jdk8u66\5298\hotspot\src\share\vm\prims\jni.cpp, line 709]
Event: 8231.917 Thread 0x000000005d715800 Exception <a 'sun/nio/fs/WindowsException'> (0x00000000e0a5da38) thrown at [C:\re\workspace\8-2-build-windows-amd64-cygwin\jdk8u66\5298\hotspot\src\share\vm\prims\jni.cpp, line 709]
Event: 8231.917 Thread 0x000000005d715800 Exception <a 'sun/nio/fs/WindowsException'> (0x00000000e0a5e1d8) thrown at [C:\re\workspace\8-2-build-windows-amd64-cygwin\jdk8u66\5298\hotspot\src\share\vm\prims\jni.cpp, line 709]
Event: 8232.826 Thread 0x000000006265a000 Implicit null exception at 0x00000000039b7c67 to 0x00000000039b8765
Event: 8232.831 Thread 0x000000005d717000 Exception <a 'sun/nio/fs/WindowsException'> (0x00000000e09eb930) thrown at [C:\re\workspace\8-2-build-windows-amd64-cygwin\jdk8u66\5298\hotspot\src\share\vm\prims\jni.cpp, line 709]
Event: 8232.853 Thread 0x000000005d502800 Exception <a 'sun/nio/fs/WindowsException'> (0x00000000e0acf460) thrown at [C:\re\workspace\8-2-build-windows-amd64-cygwin\jdk8u66\5298\hotspot\src\share\vm\prims\jni.cpp, line 709]

Events (10 events):
Event: 8233.373 Executing VM operation: RevokeBias
Event: 8233.373 Executing VM operation: RevokeBias done
Event: 8233.383 Executing VM operation: RevokeBias
Event: 8233.383 Executing VM operation: RevokeBias done
Event: 8233.384 Executing VM operation: RevokeBias
Event: 8233.384 Executing VM operation: RevokeBias done
Event: 8233.398 Executing VM operation: RevokeBias
Event: 8233.398 Executing VM operation: RevokeBias done
Event: 8233.399 Executing VM operation: RevokeBias
Event: 8233.399 Executing VM operation: RevokeBias done


Dynamic libraries:
0x000000013f620000 - 0x000000013f657000 	D:\jdkjava\jdk1.8.0_31\bin\java.exe
0x0000000077bb0000 - 0x0000000077d5a000 	C:\Windows\SYSTEM32\ntdll.dll
0x0000000077a90000 - 0x0000000077baf000 	C:\Windows\system32\kernel32.dll
0x000007fefe110000 - 0x000007fefe17a000 	C:\Windows\system32\KERNELBASE.dll
0x000007fefe320000 - 0x000007fefe3fb000 	C:\Windows\system32\ADVAPI32.dll
0x000007feff540000 - 0x000007feff5df000 	C:\Windows\system32\msvcrt.dll
0x000007fefe260000 - 0x000007fefe27f000 	C:\Windows\SYSTEM32\sechost.dll
0x000007feffbb0000 - 0x000007feffcdd000 	C:\Windows\system32\RPCRT4.dll
0x0000000077990000 - 0x0000000077a8a000 	C:\Windows\system32\USER32.dll
0x000007fefe490000 - 0x000007fefe4f7000 	C:\Windows\system32\GDI32.dll
0x000007fefe700000 - 0x000007fefe70e000 	C:\Windows\system32\LPK.dll
0x000007feffd60000 - 0x000007feffe2b000 	C:\Windows\system32\USP10.dll
0x000007fefc500000 - 0x000007fefc6f4000 	C:\Windows\WinSxS\amd64_microsoft.windows.common-controls_6595b64144ccf1df_6.0.7601.18837_none_fa3b1e3d17594757\COMCTL32.dll
0x000007feff4c0000 - 0x000007feff531000 	C:\Windows\system32\SHLWAPI.dll
0x000007feffe90000 - 0x000007feffebe000 	C:\Windows\system32\IMM32.DLL
0x000007fefe5a0000 - 0x000007fefe6a9000 	C:\Windows\system32\MSCTF.dll
0x0000000068790000 - 0x0000000068862000 	D:\jdkjava\jdk1.8.0_31\jre\bin\msvcr100.dll
0x0000000057830000 - 0x00000000580b9000 	D:\jdkjava\jdk1.8.0_31\jre\bin\server\jvm.dll
0x000007fefcb30000 - 0x000007fefcb39000 	C:\Windows\system32\WSOCK32.dll
0x000007fefe6b0000 - 0x000007fefe6fd000 	C:\Windows\system32\WS2_32.dll
0x000007feff9c0000 - 0x000007feff9c8000 	C:\Windows\system32\NSI.dll
0x000007fefdee0000 - 0x000007fefdf1b000 	C:\Windows\system32\WINMM.dll
0x000007fefcf20000 - 0x000007fefcf2c000 	C:\Windows\system32\VERSION.dll
0x0000000077d70000 - 0x0000000077d77000 	C:\Windows\system32\PSAPI.DLL
0x0000000069350000 - 0x000000006935f000 	D:\jdkjava\jdk1.8.0_31\jre\bin\verify.dll
0x0000000068920000 - 0x0000000068949000 	D:\jdkjava\jdk1.8.0_31\jre\bin\java.dll
0x00000000692a0000 - 0x00000000692b6000 	D:\jdkjava\jdk1.8.0_31\jre\bin\zip.dll
0x000007fefe710000 - 0x000007feff49b000 	C:\Windows\system32\SHELL32.dll
0x000007feff6c0000 - 0x000007feff8bc000 	C:\Windows\system32\ole32.dll
0x000007fefddf0000 - 0x000007fefddff000 	C:\Windows\system32\profapi.dll
0x0000000069310000 - 0x000000006932a000 	D:\jdkjava\jdk1.8.0_31\jre\bin\net.dll
0x000007fefd5f0000 - 0x000007fefd645000 	C:\Windows\system32\mswsock.dll
0x000007fefd5e0000 - 0x000007fefd5e7000 	C:\Windows\System32\wship6.dll
0x0000000068900000 - 0x0000000068911000 	D:\jdkjava\jdk1.8.0_31\jre\bin\nio.dll
0x000007fefa830000 - 0x000007fefa84e000 	C:\Users\admin\.gradle\native\23\windows-amd64\native-platform.dll
0x000007fefd650000 - 0x000007fefd668000 	C:\Windows\system32\CRYPTSP.dll
0x000007fefd350000 - 0x000007fefd397000 	C:\Windows\system32\rsaenh.dll
0x000007fefd110000 - 0x000007fefd12e000 	C:\Windows\system32\USERENV.dll
0x000007fefdd20000 - 0x000007fefdd2f000 	C:\Windows\system32\CRYPTBASE.dll
0x000007fefb750000 - 0x000007fefb777000 	C:\Windows\system32\IPHLPAPI.DLL
0x000007fefb740000 - 0x000007fefb74b000 	C:\Windows\system32\WINNSI.DLL
0x000007fefa510000 - 0x000007fefa521000 	C:\Windows\system32\dhcpcsvc6.DLL
0x000007fefa4f0000 - 0x000007fefa508000 	C:\Windows\system32\dhcpcsvc.DLL
0x0000000069360000 - 0x000000006936d000 	D:\jdkjava\jdk1.8.0_31\jre\bin\management.dll
0x000007fefdc80000 - 0x000007fefdcd7000 	C:\Windows\system32\apphelp.dll
0x00000000688d0000 - 0x00000000688f4000 	D:\jdkjava\jdk1.8.0_31\jre\bin\sunec.dll
0x0000000069290000 - 0x000000006929b000 	D:\jdkjava\jdk1.8.0_31\jre\bin\sunmscapi.dll
0x000007fefdfa0000 - 0x000007fefe10d000 	C:\Windows\system32\CRYPT32.dll
0x000007fefde90000 - 0x000007fefde9f000 	C:\Windows\system32\MSASN1.dll
0x000007fefcff0000 - 0x000007fefcff7000 	C:\Windows\System32\wshtcpip.dll
0x000007fefd470000 - 0x000007fefd4cb000 	C:\Windows\system32\DNSAPI.dll
0x000007fef3cb0000 - 0x000007fef3cb8000 	C:\Windows\system32\rasadhlp.dll
0x000007fefa540000 - 0x000007fefa593000 	C:\Windows\System32\fwpuclnt.dll
0x000007fefba50000 - 0x000007fefba65000 	C:\Windows\system32\NLAapi.dll
0x000007fef6ee0000 - 0x000007fef6ef5000 	C:\Windows\system32\napinsp.dll
0x000007fef6ec0000 - 0x000007fef6ed9000 	C:\Windows\system32\pnrpnsp.dll
0x000007fef6eb0000 - 0x000007fef6ebb000 	C:\Windows\System32\winrnr.dll

VM Arguments:
jvm_args: -XX:MaxPermSize=512m -XX:+HeapDumpOnOutOfMemoryError -Xmx2048m -Dfile.encoding=UTF-8 -Duser.country=CN -Duser.language=zh -Duser.variant 
java_command: org.gradle.launcher.daemon.bootstrap.GradleDaemon 3.3
java_class_path (initial): C:\Users\admin\.gradle\wrapper\dists\gradle-3.3-all\55gk2rcmfc6p2dg9u9ohc3hw9\gradle-3.3\lib\gradle-launcher-3.3.jar
Launcher Type: SUN_STANDARD

Environment Variables:
JAVA_HOME=D:\jdkjava\jdk1.8.0_31
CLASSPATH=.;D:\jdkjava\jdk1.8.0_31\lib\tools.jar;D:\jdkjava\jdk1.8.0_31\lib\dt.jar
PATH=E:\ffmpeg\bin;D:\jdkjava\jdk1.8.0_31\bin;C:\Python27\Scripts;C:\Python27;E:\Android\sdk\platform-tools;C:\Program Files (x86)\Git\cmd;D:\sdk\platform-tools;C:\ProgramData\Oracle\Java\javapath;D:\jdkjava\jdk1.8.0_31\bin;C:\Program Files (x86)\NVIDIA Corporation\PhysX\Common;C:\Windows\system32;C:\Windows;C:\Windows\System32\Wbem;C:\Windows\System32\WindowsPowerShell\v1.0\;C:\Program Files (x86)\Common Files\microsoft shared\TigerKin;C:\Program Files (x86)\Git\cmd;D:\Program Files\nodejs\;C:\Program Files\TortoiseSVN\bin;C:\Program Files\PuTTY\;C:\Users\admin\AppData\Roaming\npm;C:\Program Files (x86)\SSH Communications Security\SSH Secure Shell;C:\Users\admin\AppData\Local\Programs\Fiddler
USERNAME=admin
OS=Windows_NT
PROCESSOR_IDENTIFIER=Intel64 Family 6 Model 60 Stepping 3, GenuineIntel



---------------  S Y S T E M  ---------------

OS: Windows 7 , 64 bit Build 7601 (6.1.7601.23807)

CPU:total 4 (4 cores per cpu, 1 threads per core) family 6 model 60 stepping 3, cmov, cx8, fxsr, mmx, sse, sse2, sse3, ssse3, sse4.1, sse4.2, popcnt, avx, avx2, aes, clmul, erms, rtm, lzcnt, tsc, tscinvbit, bmi1, bmi2

Memory: 4k page, physical 8286452k(733200k free), swap 9333168k(10116k free)

vm_info: Java HotSpot(TM) 64-Bit Server VM (25.66-b18) for windows-amd64 JRE (1.8.0_66-b18), built on Nov  9 2015 10:51:13 by "java_re" with MS VC++ 10.0 (VS2010)

time: Thu Oct 19 10:45:15 2017
elapsed time: 8233 seconds (0d 2h 17m 13s)

