#
# There is insufficient memory for the Java Runtime Environment to continue.
# Native memory allocation (malloc) failed to allocate 1340336 bytes for Chunk::new
# Possible reasons:
#   The system is out of physical RAM or swap space
#   In 32 bit mode, the process size limit was hit
# Possible solutions:
#   Reduce memory load on the system
#   Increase physical memory or swap space
#   Check if swap backing store is full
#   Use 64 bit Java on a 64 bit OS
#   Decrease Java heap size (-Xmx/-Xms)
#   Decrease number of Java threads
#   Decrease Java thread stack sizes (-Xss)
#   Set larger code cache with -XX:ReservedCodeCacheSize=
# This output file may be truncated or incomplete.
#
#  Out of Memory Error (allocation.cpp:390), pid=996, tid=0x0000000000001914
#
# JRE version: OpenJDK Runtime Environment (8.0_152-b01) (build 1.8.0_152-release-915-b01)
# Java VM: OpenJDK 64-Bit Server VM (25.152-b01 mixed mode windows-amd64 compressed oops)
# Failed to write core dump. Minidumps are not enabled by default on client versions of Windows
#

---------------  T H R E A D  ---------------

Current thread (0x000000001773e000):  JavaThread "C2 CompilerThread0" daemon [_thread_in_native, id=6420, stack(0x0000000018f40000,0x0000000019040000)]

Stack: [0x0000000018f40000,0x0000000019040000]
[error occurred during error reporting (printing stack bounds), id 0xc0000005]

Native frames: (J=compiled Java code, j=interpreted, Vv=VM code, C=native code)


Current CompileTask:
C2:   3608 2690       4       java.io.WinNTFileSystem::normalize (143 bytes)


---------------  P R O C E S S  ---------------

Java Threads: ( => current thread )
  0x000000001bfcc800 JavaThread "Cache worker for Artifact transforms cache (C:\Users\admin\.gradle\caches\transforms-1)" [_thread_blocked, id=5244, stack(0x0000000021020000,0x0000000021120000)]
  0x000000001b7d1000 JavaThread "Cache worker for file hash cache (E:\zdh_git_workspace\english\.gradle\4.1\fileHashes)" [_thread_blocked, id=7160, stack(0x000000001d460000,0x000000001d560000)]
  0x000000001b23e000 JavaThread "File lock request listener" [_thread_in_native, id=4404, stack(0x000000001cb80000,0x000000001cc80000)]
  0x000000001b585800 JavaThread "Cache worker for file hash cache (C:\Users\admin\.gradle\caches\4.1\fileHashes)" [_thread_blocked, id=5352, stack(0x000000001d190000,0x000000001d290000)]
  0x000000001b625000 JavaThread "Stdin handler" [_thread_blocked, id=6360, stack(0x000000001ce90000,0x000000001cf90000)]
  0x000000001b624000 JavaThread "Asynchronous log dispatcher for DefaultDaemonConnection: socket connection from /127.0.0.1:50746 to /127.0.0.1:50747" [_thread_blocked_trans, id=6560, stack(0x000000001cd50000,0x000000001ce50000)]
  0x000000001b07a000 JavaThread "Daemon worker" [_thread_blocked, id=1996, stack(0x000000001c940000,0x000000001ca40000)]
  0x000000001b137800 JavaThread "Cancel handler" [_thread_blocked, id=6116, stack(0x000000001ca80000,0x000000001cb80000)]
  0x000000001a580000 JavaThread "Handler for socket connection from /127.0.0.1:50746 to /127.0.0.1:50747" [_thread_in_native, id=5000, stack(0x00000000195b0000,0x00000000196b0000)]
  0x000000001a57d000 JavaThread "Daemon" [_thread_blocked, id=6532, stack(0x000000001c5d0000,0x000000001c6d0000)]
  0x000000001a75c000 JavaThread "Daemon periodic checks" [_thread_blocked, id=6460, stack(0x0000000018800000,0x0000000018900000)]
  0x000000001a5a2000 JavaThread "Incoming local TCP Connector on port 50746" [_thread_in_native, id=6188, stack(0x000000001a210000,0x000000001a310000)]
  0x0000000018aa0800 JavaThread "Service Thread" daemon [_thread_blocked, id=3440, stack(0x00000000196e0000,0x00000000197e0000)]
  0x0000000018a24000 JavaThread "C1 CompilerThread2" daemon [_thread_blocked, id=3468, stack(0x00000000194b0000,0x00000000195b0000)]
  0x0000000018a22800 JavaThread "C2 CompilerThread1" daemon [_thread_blocked, id=7028, stack(0x0000000019240000,0x0000000019340000)]
=>0x000000001773e000 JavaThread "C2 CompilerThread0" daemon [_thread_in_native, id=6420, stack(0x0000000018f40000,0x0000000019040000)]
  0x0000000018a0a800 JavaThread "Attach Listener" daemon [_thread_blocked, id=5768, stack(0x00000000190d0000,0x00000000191d0000)]
  0x000000001772e000 JavaThread "Signal Dispatcher" daemon [_thread_blocked, id=6712, stack(0x0000000018e40000,0x0000000018f40000)]
  0x000000001771a000 JavaThread "Finalizer" daemon [_thread_blocked, id=5900, stack(0x0000000018900000,0x0000000018a00000)]
  0x00000000176d3000 JavaThread "Reference Handler" daemon [_thread_blocked, id=6620, stack(0x00000000186d0000,0x00000000187d0000)]
  0x0000000002438000 JavaThread "main" [_thread_blocked, id=5856, stack(0x0000000002760000,0x0000000002860000)]

Other Threads:
  0x00000000176cb800 VMThread [stack: 0x0000000018520000,0x0000000018620000] [id=5972]
  0x0000000018a58800 WatcherThread [stack: 0x0000000019890000,0x0000000019990000] [id=5184]

VM state:at safepoint (normal execution)

VM Mutex/Monitor currently owned by a thread:  ([mutex/lock_event])
[0x00000000002eddd0] Threads_lock - owner thread: 0x00000000176cb800
[0x00000000002ee2d0] Heap_lock - owner thread: 0x000000001b07a000

Heap:
 PSYoungGen      total 115712K, used 13966K [0x00000000d5580000, 0x00000000dd400000, 0x0000000100000000)
  eden space 105472K, 3% used [0x00000000d5580000,0x00000000d5926828,0x00000000dbc80000)
  from space 10240K, 99% used [0x00000000dc800000,0x00000000dd1fd2c8,0x00000000dd200000)
  to   space 11776K, 61% used [0x00000000dbc80000,0x00000000dc389040,0x00000000dc800000)
 ParOldGen       total 65024K, used 11590K [0x0000000080000000, 0x0000000083f80000, 0x00000000d5580000)
  object space 65024K, 17% used [0x0000000080000000,0x0000000080b51be8,0x0000000083f80000)
 Metaspace       used 32271K, capacity 33068K, committed 33280K, reserved 1081344K
  class space    used 4466K, capacity 4765K, committed 4864K, reserved 1048576K

Card table byte_map: [0x0000000011c20000,0x0000000012030000] byte_map_base: 0x0000000011820000

Marking Bits: (ParMarkBitMap*) 0x0000000055e83950
 Begin Bits: [0x0000000012940000, 0x0000000014940000)
 End Bits:   [0x0000000014940000, 0x0000000016940000)

Polling page: 0x0000000000260000

CodeCache: size=245760Kb used=10674Kb max_used=10735Kb free=235085Kb
 bounds [0x0000000002860000, 0x00000000032e0000, 0x0000000011860000]
 total_blobs=3421 nmethods=2747 adapters=586
 compilation: disabled (not enough contiguous free space left)

Compilation events (10 events):
Event: 3.587 Thread 0x0000000018a24000 nmethod 2763 0x00000000032de190 code [0x00000000032de2e0, 0x00000000032de3f0]
Event: 3.587 Thread 0x0000000018a24000 2764 %     3       sun.security.util.Cache$EqualByteArray::hashCode @ 19 (57 bytes)
Event: 3.587 Thread 0x0000000018a24000 nmethod 2764% 0x00000000032de450 code [0x00000000032de5c0, 0x00000000032de890]
Event: 3.587 Thread 0x0000000018a24000 2765       3       sun.security.util.Cache$EqualByteArray::hashCode (57 bytes)
Event: 3.587 Thread 0x0000000018a24000 nmethod 2765 0x00000000032de9d0 code [0x00000000032deb40, 0x00000000032dedb0]
Event: 3.587 Thread 0x0000000018a24000 2766       1       java.io.ByteArrayInputStream::mark (9 bytes)
Event: 3.587 Thread 0x0000000018a24000 nmethod 2766 0x00000000032dee90 code [0x00000000032defe0, 0x00000000032df0f0]
Event: 3.587 Thread 0x0000000018a24000 2767       3       sun.security.x509.RDN::<init> (85 bytes)
Event: 3.591 Thread 0x0000000018a24000 

Event: 3.592 Thread 0x0000000018a22800 


GC Heap History (10 events):
Event: 1.463 GC heap after
Heap after GC invocations=3 (full 0):
 PSYoungGen      total 38400K, used 5112K [0x00000000d5580000, 0x00000000da080000, 0x0000000100000000)
  eden space 33280K, 0% used [0x00000000d5580000,0x00000000d5580000,0x00000000d7600000)
  from space 5120K, 99% used [0x00000000d7600000,0x00000000d7afe050,0x00000000d7b00000)
  to   space 5120K, 0% used [0x00000000d9b80000,0x00000000d9b80000,0x00000000da080000)
 ParOldGen       total 87552K, used 4403K [0x0000000080000000, 0x0000000085580000, 0x00000000d5580000)
  object space 87552K, 5% used [0x0000000080000000,0x000000008044cda0,0x0000000085580000)
 Metaspace       used 16051K, capacity 16432K, committed 16512K, reserved 1062912K
  class space    used 2262K, capacity 2380K, committed 2432K, reserved 1048576K
}
Event: 2.029 GC heap before
{Heap before GC invocations=4 (full 0):
 PSYoungGen      total 38400K, used 29397K [0x00000000d5580000, 0x00000000da080000, 0x0000000100000000)
  eden space 33280K, 72% used [0x00000000d5580000,0x00000000d6d376f0,0x00000000d7600000)
  from space 5120K, 99% used [0x00000000d7600000,0x00000000d7afe050,0x00000000d7b00000)
  to   space 5120K, 0% used [0x00000000d9b80000,0x00000000d9b80000,0x00000000da080000)
 ParOldGen       total 87552K, used 4403K [0x0000000080000000, 0x0000000085580000, 0x00000000d5580000)
  object space 87552K, 5% used [0x0000000080000000,0x000000008044cda0,0x0000000085580000)
 Metaspace       used 20635K, capacity 21092K, committed 21248K, reserved 1067008K
  class space    used 2846K, capacity 3007K, committed 3072K, reserved 1048576K
Event: 2.039 GC heap after
Heap after GC invocations=4 (full 0):
 PSYoungGen      total 71680K, used 5104K [0x00000000d5580000, 0x00000000da080000, 0x0000000100000000)
  eden space 66560K, 0% used [0x00000000d5580000,0x00000000d5580000,0x00000000d9680000)
  from space 5120K, 99% used [0x00000000d9b80000,0x00000000da07c320,0x00000000da080000)
  to   space 5120K, 0% used [0x00000000d9680000,0x00000000d9680000,0x00000000d9b80000)
 ParOldGen       total 87552K, used 8240K [0x0000000080000000, 0x0000000085580000, 0x00000000d5580000)
  object space 87552K, 9% used [0x0000000080000000,0x000000008080c0c8,0x0000000085580000)
 Metaspace       used 20635K, capacity 21092K, committed 21248K, reserved 1067008K
  class space    used 2846K, capacity 3007K, committed 3072K, reserved 1048576K
}
Event: 2.039 GC heap before
{Heap before GC invocations=5 (full 1):
 PSYoungGen      total 71680K, used 5104K [0x00000000d5580000, 0x00000000da080000, 0x0000000100000000)
  eden space 66560K, 0% used [0x00000000d5580000,0x00000000d5580000,0x00000000d9680000)
  from space 5120K, 99% used [0x00000000d9b80000,0x00000000da07c320,0x00000000da080000)
  to   space 5120K, 0% used [0x00000000d9680000,0x00000000d9680000,0x00000000d9b80000)
 ParOldGen       total 87552K, used 8240K [0x0000000080000000, 0x0000000085580000, 0x00000000d5580000)
  object space 87552K, 9% used [0x0000000080000000,0x000000008080c0c8,0x0000000085580000)
 Metaspace       used 20635K, capacity 21092K, committed 21248K, reserved 1067008K
  class space    used 2846K, capacity 3007K, committed 3072K, reserved 1048576K
Event: 2.068 GC heap after
Heap after GC invocations=5 (full 1):
 PSYoungGen      total 71680K, used 0K [0x00000000d5580000, 0x00000000da080000, 0x0000000100000000)
  eden space 66560K, 0% used [0x00000000d5580000,0x00000000d5580000,0x00000000d9680000)
  from space 5120K, 0% used [0x00000000d9b80000,0x00000000d9b80000,0x00000000da080000)
  to   space 5120K, 0% used [0x00000000d9680000,0x00000000d9680000,0x00000000d9b80000)
 ParOldGen       total 65024K, used 8740K [0x0000000080000000, 0x0000000083f80000, 0x00000000d5580000)
  object space 65024K, 13% used [0x0000000080000000,0x00000000808893e8,0x0000000083f80000)
 Metaspace       used 20635K, capacity 21092K, committed 21248K, reserved 1067008K
  class space    used 2846K, capacity 3007K, committed 3072K, reserved 1048576K
}
Event: 2.687 GC heap before
{Heap before GC invocations=6 (full 1):
 PSYoungGen      total 71680K, used 66560K [0x00000000d5580000, 0x00000000da080000, 0x0000000100000000)
  eden space 66560K, 100% used [0x00000000d5580000,0x00000000d9680000,0x00000000d9680000)
  from space 5120K, 0% used [0x00000000d9b80000,0x00000000d9b80000,0x00000000da080000)
  to   space 5120K, 0% used [0x00000000d9680000,0x00000000d9680000,0x00000000d9b80000)
 ParOldGen       total 65024K, used 8740K [0x0000000080000000, 0x0000000083f80000, 0x00000000d5580000)
  object space 65024K, 13% used [0x0000000080000000,0x00000000808893e8,0x0000000083f80000)
 Metaspace       used 26180K, capacity 26670K, committed 26880K, reserved 1073152K
  class space    used 3554K, capacity 3750K, committed 3840K, reserved 1048576K
Event: 2.716 GC heap after
Heap after GC invocations=6 (full 1):
 PSYoungGen      total 71680K, used 5097K [0x00000000d5580000, 0x00000000dd200000, 0x0000000100000000)
  eden space 66560K, 0% used [0x00000000d5580000,0x00000000d5580000,0x00000000d9680000)
  from space 5120K, 99% used [0x00000000d9680000,0x00000000d9b7a7b8,0x00000000d9b80000)
  to   space 10240K, 0% used [0x00000000dc800000,0x00000000dc800000,0x00000000dd200000)
 ParOldGen       total 65024K, used 10565K [0x0000000080000000, 0x0000000083f80000, 0x00000000d5580000)
  object space 65024K, 16% used [0x0000000080000000,0x0000000080a515a8,0x0000000083f80000)
 Metaspace       used 26180K, capacity 26670K, committed 26880K, reserved 1073152K
  class space    used 3554K, capacity 3750K, committed 3840K, reserved 1048576K
}
Event: 3.569 GC heap before
{Heap before GC invocations=7 (full 1):
 PSYoungGen      total 71680K, used 71657K [0x00000000d5580000, 0x00000000dd200000, 0x0000000100000000)
  eden space 66560K, 100% used [0x00000000d5580000,0x00000000d9680000,0x00000000d9680000)
  from space 5120K, 99% used [0x00000000d9680000,0x00000000d9b7a7b8,0x00000000d9b80000)
  to   space 10240K, 0% used [0x00000000dc800000,0x00000000dc800000,0x00000000dd200000)
 ParOldGen       total 65024K, used 10565K [0x0000000080000000, 0x0000000083f80000, 0x00000000d5580000)
  object space 65024K, 16% used [0x0000000080000000,0x0000000080a515a8,0x0000000083f80000)
 Metaspace       used 32180K, capacity 32992K, committed 33280K, reserved 1077248K
  class space    used 4457K, capacity 4763K, committed 4864K, reserved 1048576K
Event: 3.584 GC heap after
Heap after GC invocations=7 (full 1):
 PSYoungGen      total 115712K, used 10228K [0x00000000d5580000, 0x00000000dd400000, 0x0000000100000000)
  eden space 105472K, 0% used [0x00000000d5580000,0x00000000d5580000,0x00000000dbc80000)
  from space 10240K, 99% used [0x00000000dc800000,0x00000000dd1fd2c8,0x00000000dd200000)
  to   space 11776K, 0% used [0x00000000dbc80000,0x00000000dbc80000,0x00000000dc800000)
 ParOldGen       total 65024K, used 11582K [0x0000000080000000, 0x0000000083f80000, 0x00000000d5580000)
  object space 65024K, 17% used [0x0000000080000000,0x0000000080b4fbe8,0x0000000083f80000)
 Metaspace       used 32180K, capacity 32992K, committed 33280K, reserved 1077248K
  class space    used 4457K, capacity 4763K, committed 4864K, reserved 1048576K
}
Event: 3.602 GC heap before
{Heap before GC invocations=8 (full 1):
 PSYoungGen      total 115712K, used 13966K [0x00000000d5580000, 0x00000000dd400000, 0x0000000100000000)
  eden space 105472K, 3% used [0x00000000d5580000,0x00000000d5926828,0x00000000dbc80000)
  from space 10240K, 99% used [0x00000000dc800000,0x00000000dd1fd2c8,0x00000000dd200000)
  to   space 11776K, 0% used [0x00000000dbc80000,0x00000000dbc80000,0x00000000dc800000)
 ParOldGen       total 65024K, used 11582K [0x0000000080000000, 0x0000000083f80000, 0x00000000d5580000)
  object space 65024K, 17% used [0x0000000080000000,0x0000000080b4fbe8,0x0000000083f80000)
 Metaspace       used 32271K, capacity 33068K, committed 33280K, reserved 1081344K
  class space    used 4466K, capacity 4765K, committed 4864K, reserved 1048576K

Deoptimization events (10 events):
Event: 2.975 Thread 0x000000001b07a000 Uncommon trap: reason=class_check action=maybe_recompile pc=0x0000000002e3bb80 method=java.lang.reflect.Method.equals(Ljava/lang/Object;)Z @ 5
Event: 2.975 Thread 0x000000001b07a000 Uncommon trap: reason=class_check action=maybe_recompile pc=0x0000000002e3bb80 method=java.lang.reflect.Method.equals(Ljava/lang/Object;)Z @ 5
Event: 3.008 Thread 0x000000001b07a000 Uncommon trap: reason=unstable_if action=reinterpret pc=0x000000000310cbac method=java.net.URLClassLoader.isSealed(Ljava/lang/String;Ljava/util/jar/Manifest;)Z @ 26
Event: 3.066 Thread 0x000000001b07a000 Uncommon trap: reason=bimorphic action=maybe_recompile pc=0x0000000003059024 method=org.codehaus.groovy.runtime.metaclass.MetaMethodIndex.addMethodToList(Ljava/lang/Object;Lgroovy/lang/MetaMethod;)Ljava/lang/Object; @ 96
Event: 3.154 Thread 0x000000001b07a000 Uncommon trap: reason=unstable_if action=reinterpret pc=0x0000000002d18008 method=sun.nio.cs.UTF_8$Decoder.decodeArrayLoop(Ljava/nio/ByteBuffer;Ljava/nio/CharBuffer;)Ljava/nio/charset/CoderResult; @ 84
Event: 3.257 Thread 0x000000001b07a000 Uncommon trap: reason=unstable_if action=reinterpret pc=0x0000000002b18298 method=java.net.URI.match(CJJ)Z @ 45
Event: 3.271 Thread 0x000000001b07a000 Uncommon trap: reason=unstable_if action=reinterpret pc=0x00000000029ae960 method=java.net.URI.match(CJJ)Z @ 45
Event: 3.406 Thread 0x000000001b07a000 Uncommon trap: reason=class_check action=maybe_recompile pc=0x00000000031e339c method=com.google.common.io.CountingInputStream.read([BII)I @ 7
Event: 3.438 Thread 0x000000001b07a000 Uncommon trap: reason=class_check action=maybe_recompile pc=0x00000000031e339c method=com.google.common.io.CountingInputStream.read([BII)I @ 7
Event: 3.553 Thread 0x000000001b07a000 Uncommon trap: reason=unstable_if action=reinterpret pc=0x00000000031df51c method=java.util.HashMap.putVal(ILjava/lang/Object;Ljava/lang/Object;ZZ)Ljava/lang/Object; @ 236

Classes redefined (0 events):
No events

Internal exceptions (10 events):
Event: 3.196 Thread 0x000000001b07a000 Exception <a 'java/lang/ClassNotFoundException': build_buklic292ffx0lbcbwil0k0vdBeanInfo> (0x00000000d80748c8) thrown at [D:\src\AOSP-openjdk-cygwin\jdk8u\hotspot\src\share\vm\classfile\systemDictionary.cpp, line 210]
Event: 3.196 Thread 0x000000001b07a000 Exception <a 'java/lang/ClassNotFoundException': org/gradle/api/internal/project/ProjectScriptBeanInfo> (0x00000000d80863d8) thrown at [D:\src\AOSP-openjdk-cygwin\jdk8u\hotspot\src\share\vm\classfile\systemDictionary.cpp, line 210]
Event: 3.196 Thread 0x000000001b07a000 Exception <a 'java/lang/ClassNotFoundException': org/gradle/api/internal/project/ProjectScriptCustomizer> (0x00000000d80984f0) thrown at [D:\src\AOSP-openjdk-cygwin\jdk8u\hotspot\src\share\vm\classfile\systemDictionary.cpp, line 210]
Event: 3.197 Thread 0x000000001b07a000 Exception <a 'java/lang/ClassNotFoundException': build_buklic292ffx0lbcbwil0k0vdCustomizer> (0x00000000d80b69e8) thrown at [D:\src\AOSP-openjdk-cygwin\jdk8u\hotspot\src\share\vm\classfile\systemDictionary.cpp, line 210]
Event: 3.234 Thread 0x000000001b07a000 Exception <a 'java/lang/ClassNotFoundException': groovy/lang/GString$1BeanInfo> (0x00000000d81ca8b0) thrown at [D:\src\AOSP-openjdk-cygwin\jdk8u\hotspot\src\share\vm\classfile\systemDictionary.cpp, line 210]
Event: 3.234 Thread 0x000000001b07a000 Exception <a 'java/lang/ClassNotFoundException': groovy/lang/GStringBeanInfo> (0x00000000d81e3c50) thrown at [D:\src\AOSP-openjdk-cygwin\jdk8u\hotspot\src\share\vm\classfile\systemDictionary.cpp, line 210]
Event: 3.235 Thread 0x000000001b07a000 Exception <a 'java/lang/ClassNotFoundException': groovy/lang/GStringCustomizer> (0x00000000d81fd850) thrown at [D:\src\AOSP-openjdk-cygwin\jdk8u\hotspot\src\share\vm\classfile\systemDictionary.cpp, line 210]
Event: 3.235 Thread 0x000000001b07a000 Exception <a 'java/lang/ClassNotFoundException': groovy/lang/GString$1Customizer> (0x00000000d8223a78) thrown at [D:\src\AOSP-openjdk-cygwin\jdk8u\hotspot\src\share\vm\classfile\systemDictionary.cpp, line 210]
Event: 3.237 Thread 0x000000001b07a000 Exception <a 'java/lang/ClassNotFoundException': org/codehaus/groovy/runtime/GStringImplBeanInfo> (0x00000000d8275fb0) thrown at [D:\src\AOSP-openjdk-cygwin\jdk8u\hotspot\src\share\vm\classfile\systemDictionary.cpp, line 210]
Event: 3.238 Thread 0x000000001b07a000 Exception <a 'java/lang/ClassNotFoundException': org/codehaus/groovy/runtime/GStringImplCustomizer> (0x00000000d8297480) thrown at [D:\src\AOSP-openjdk-cygwin\jdk8u\hotspot\src\share\vm\classfile\systemDictionary.cpp, line 210]

Events (10 events):
Event: 3.601 loading class javax/net/ssl/X509ExtendedTrustManager done
Event: 3.601 loading class sun/security/ssl/X509TrustManagerImpl done
Event: 3.601 loading class sun/security/validator/KeyStores
Event: 3.602 loading class sun/security/validator/KeyStores done
Event: 3.602 loading class javax/net/ssl/KeyManagerFactory
Event: 3.602 loading class javax/net/ssl/KeyManagerFactory done
Event: 3.602 loading class javax/net/ssl/KeyManagerFactory$1
Event: 3.602 loading class javax/net/ssl/KeyManagerFactory$1 done
Event: 3.602 loading class javax/net/ssl/SSLContext
Event: 3.602 Executing VM operation: CollectForMetadataAllocation


Dynamic libraries:
0x000000013f4e0000 - 0x000000013f511000 	C:\Program Files\Android\Android Studio\jre\bin\java.exe
0x0000000076fc0000 - 0x000000007716a000 	C:\Windows\SYSTEM32\ntdll.dll
0x00000000769e0000 - 0x0000000076aff000 	C:\Windows\system32\kernel32.dll
0x000007fefd330000 - 0x000007fefd39a000 	C:\Windows\system32\KERNELBASE.dll
0x000007fefd770000 - 0x000007fefd84b000 	C:\Windows\system32\ADVAPI32.dll
0x000007feff1a0000 - 0x000007feff23f000 	C:\Windows\system32\msvcrt.dll
0x000007fefdf60000 - 0x000007fefdf7f000 	C:\Windows\SYSTEM32\sechost.dll
0x000007fefde30000 - 0x000007fefdf5d000 	C:\Windows\system32\RPCRT4.dll
0x0000000076780000 - 0x000000007687a000 	C:\Windows\system32\USER32.dll
0x000007fefd9a0000 - 0x000007fefda07000 	C:\Windows\system32\GDI32.dll
0x000007feff070000 - 0x000007feff07e000 	C:\Windows\system32\LPK.dll
0x000007fefdd30000 - 0x000007fefddfb000 	C:\Windows\system32\USP10.dll
0x000007fefb9f0000 - 0x000007fefbbe4000 	C:\Windows\WinSxS\amd64_microsoft.windows.common-controls_6595b64144ccf1df_6.0.7601.18837_none_fa3b1e3d17594757\COMCTL32.dll
0x000007fefef50000 - 0x000007fefefc1000 	C:\Windows\system32\SHLWAPI.dll
0x000007fefde00000 - 0x000007fefde2e000 	C:\Windows\system32\IMM32.DLL
0x000007fefda20000 - 0x000007fefdb29000 	C:\Windows\system32\MSCTF.dll
0x0000000053370000 - 0x0000000053442000 	C:\Program Files\Android\Android Studio\jre\jre\bin\msvcr100.dll
0x00000000556c0000 - 0x0000000055efe000 	C:\Program Files\Android\Android Studio\jre\jre\bin\server\jvm.dll
0x000007fef81c0000 - 0x000007fef81c9000 	C:\Windows\system32\WSOCK32.dll
0x000007fefd950000 - 0x000007fefd99d000 	C:\Windows\system32\WS2_32.dll
0x000007fefda10000 - 0x000007fefda18000 	C:\Windows\system32\NSI.dll
0x000007fefd2b0000 - 0x000007fefd2eb000 	C:\Windows\system32\WINMM.dll
0x000007fefc320000 - 0x000007fefc32c000 	C:\Windows\system32\VERSION.dll
0x0000000077190000 - 0x0000000077197000 	C:\Windows\system32\PSAPI.DLL
0x000007fefbee0000 - 0x000007fefbeef000 	C:\Program Files\Android\Android Studio\jre\jre\bin\verify.dll
0x000007fef50b0000 - 0x000007fef50d9000 	C:\Program Files\Android\Android Studio\jre\jre\bin\java.dll
0x000007fef50f0000 - 0x000007fef5106000 	C:\Program Files\Android\Android Studio\jre\jre\bin\zip.dll
0x000007fefdf80000 - 0x000007fefed0a000 	C:\Windows\system32\SHELL32.dll
0x000007fefdb30000 - 0x000007fefdd2c000 	C:\Windows\system32\ole32.dll
0x000007fefd200000 - 0x000007fefd20f000 	C:\Windows\system32\profapi.dll
0x000007fef5090000 - 0x000007fef50aa000 	C:\Program Files\Android\Android Studio\jre\jre\bin\net.dll
0x000007fefc9f0000 - 0x000007fefca45000 	C:\Windows\system32\mswsock.dll
0x000007fefc9e0000 - 0x000007fefc9e7000 	C:\Windows\System32\wship6.dll
0x000007fef3670000 - 0x000007fef3681000 	C:\Program Files\Android\Android Studio\jre\jre\bin\nio.dll
0x000007fef35f0000 - 0x000007fef360e000 	C:\Users\admin\.gradle\native\25\windows-amd64\native-platform.dll
0x000007fefbef0000 - 0x000007fefbefd000 	C:\Program Files\Android\Android Studio\jre\jre\bin\management.dll
0x000007fefca50000 - 0x000007fefca68000 	C:\Windows\system32\CRYPTSP.dll
0x000007fefc750000 - 0x000007fefc797000 	C:\Windows\system32\rsaenh.dll
0x000007fefc500000 - 0x000007fefc51e000 	C:\Windows\system32\USERENV.dll
0x000007fefd0f0000 - 0x000007fefd0ff000 	C:\Windows\system32\CRYPTBASE.dll
0x000007fefad20000 - 0x000007fefad47000 	C:\Windows\system32\IPHLPAPI.DLL
0x000007fefad00000 - 0x000007fefad0b000 	C:\Windows\system32\WINNSI.DLL
0x000007fef9da0000 - 0x000007fef9db1000 	C:\Windows\system32\dhcpcsvc6.DLL
0x000007fefa760000 - 0x000007fefa778000 	C:\Windows\system32\dhcpcsvc.DLL
0x000007fef3610000 - 0x000007fef3634000 	C:\Program Files\Android\Android Studio\jre\jre\bin\sunec.dll

VM Arguments:
jvm_args: -XX:MaxPermSize=512m -XX:+HeapDumpOnOutOfMemoryError -Xmx2048m -Dfile.encoding=UTF-8 -Duser.country=CN -Duser.language=zh -Duser.variant 
java_command: org.gradle.launcher.daemon.bootstrap.GradleDaemon 4.1
java_class_path (initial): C:\Program Files\Android\Android Studio\gradle\gradle-4.1\lib\gradle-launcher-4.1.jar
Launcher Type: SUN_STANDARD

Environment Variables:
JAVA_HOME=D:\jdkjava\jdk1.8.0_31
CLASSPATH=.;D:\jdkjava\jdk1.8.0_31\lib\tools.jar;D:\jdkjava\jdk1.8.0_31\lib\dt.jar
PATH=E:\ffmpeg\bin;D:\jdkjava\jdk1.8.0_31\bin;C:\Python27\Scripts;C:\Python27;E:\Android\sdk\platform-tools;C:\Program Files (x86)\Git\cmd;D:\sdk\platform-tools;C:\ProgramData\Oracle\Java\javapath;D:\jdkjava\jdk1.8.0_31\bin;C:\Program Files (x86)\NVIDIA Corporation\PhysX\Common;C:\Windows\system32;C:\Windows;C:\Windows\System32\Wbem;C:\Windows\System32\WindowsPowerShell\v1.0\;C:\Program Files (x86)\Common Files\microsoft shared\TigerKin;C:\Program Files (x86)\Git\cmd;D:\Program Files\nodejs\;C:\Program Files\PuTTY\;C:\Program Files\TortoiseSVN\bin;C:\Users\admin\AppData\Roaming\npm;C:\Program Files (x86)\SSH Communications Security\SSH Secure Shell;C:\Users\admin\AppData\Local\Programs\Fiddler
USERNAME=admin
OS=Windows_NT
PROCESSOR_IDENTIFIER=Intel64 Family 6 Model 60 Stepping 3, GenuineIntel



---------------  S Y S T E M  ---------------

OS: Windows 7 , 64 bit Build 7601 (6.1.7601.23915)

CPU:total 4 (initial active 4) (4 cores per cpu, 1 threads per core) family 6 model 60 stepping 3, cmov, cx8, fxsr, mmx, sse, sse2, sse3, ssse3, sse4.1, sse4.2, popcnt, avx, avx2, aes, clmul, erms, rtm, lzcnt, tsc, tscinvbit, bmi1, bmi2

Memory: 4k page, physical 8286452k(663196k free), swap 9333168k(5308k free)

vm_info: OpenJDK 64-Bit Server VM (25.152-b01) for windows-amd64 JRE (1.8.0_152-release-915-b01), built by "builder" with MS VC++ 10.0 (VS2010)

time: Wed Jan 17 15:51:38 2018
elapsed time: 3 seconds (0d 0h 0m 3s)

