#
# There is insufficient memory for the Java Runtime Environment to continue.
# Native memory allocation (malloc) failed to allocate 32744 bytes for ChunkPool::allocate
# Possible reasons:
#   The system is out of physical RAM or swap space
#   In 32 bit mode, the process size limit was hit
# Possible solutions:
#   Reduce memory load on the system
#   Increase physical memory or swap space
#   Check if swap backing store is full
#   Use 64 bit Java on a 64 bit OS
#   Decrease Java heap size (-Xmx/-Xms)
#   Decrease number of Java threads
#   Decrease Java thread stack sizes (-Xss)
#   Set larger code cache with -XX:ReservedCodeCacheSize=
# This output file may be truncated or incomplete.
#
#  Out of Memory Error (allocation.cpp:273), pid=4616, tid=0x0000000000000418
#
# JRE version: OpenJDK Runtime Environment (8.0_152-b01) (build 1.8.0_152-release-915-b01)
# Java VM: OpenJDK 64-Bit Server VM (25.152-b01 mixed mode windows-amd64 compressed oops)
# Failed to write core dump. Minidumps are not enabled by default on client versions of Windows
#

---------------  T H R E A D  ---------------

Current thread (0x0000000058bb4000):  JavaThread "C2 CompilerThread1" daemon [_thread_in_native, id=1048, stack(0x0000000058940000,0x0000000058a40000)]

Stack: [0x0000000058940000,0x0000000058a40000]
[error occurred during error reporting (printing stack bounds), id 0xc0000005]

Native frames: (J=compiled Java code, j=interpreted, Vv=VM code, C=native code)


Current CompileTask:
C2:  92516 16778       4       proguard.classfile.util.ClassReferenceInitializer::visitClassConstant (29 bytes)


---------------  P R O C E S S  ---------------

Java Threads: ( => current thread )
  0x000000005e60d800 JavaThread "RMI TCP Connection(idle)" daemon [_thread_blocked, id=8040, stack(0x000000006b3e0000,0x000000006b4e0000)]
  0x000000005e60c800 JavaThread "RMI TCP Connection(idle)" daemon [_thread_blocked, id=7276, stack(0x000000006b270000,0x000000006b370000)]
  0x0000000058d76800 JavaThread "RMI TCP Connection(idle)" daemon [_thread_blocked, id=7668, stack(0x0000000069a50000,0x0000000069b50000)]
  0x000000005e28c800 JavaThread "RMI Reaper" [_thread_blocked, id=6200, stack(0x00000000698f0000,0x00000000699f0000)]
  0x000000005e281000 JavaThread "RMI TCP Accept-0" daemon [_thread_in_native, id=980, stack(0x00000000697c0000,0x00000000698c0000)]
  0x0000000058d74800 JavaThread "GC Daemon" daemon [_thread_blocked, id=2892, stack(0x0000000069410000,0x0000000069510000)]
  0x0000000058d75000 JavaThread "RMI Scheduler(0)" daemon [_thread_blocked, id=2940, stack(0x0000000066c60000,0x0000000066d60000)]
  0x0000000058d73000 JavaThread "Cache worker for Java compile cache (E:\zdh_git_workspace\english\.gradle\4.1\javaCompile)" [_thread_blocked, id=7716, stack(0x0000000067100000,0x0000000067200000)]
  0x0000000058d72000 JavaThread "Task worker for ':' Thread 3" [_thread_blocked, id=7540, stack(0x0000000066b60000,0x0000000066c60000)]
  0x0000000058d71800 JavaThread "Task worker for ':' Thread 2" [_thread_blocked, id=6240, stack(0x00000000628b0000,0x00000000629b0000)]
  0x0000000058d70800 JavaThread "Task worker for ':'" [_thread_blocked, id=8088, stack(0x00000000669b0000,0x0000000066ab0000)]
  0x000000005e284000 JavaThread "Cache worker for task history cache (E:\zdh_git_workspace\english\.gradle\4.1\taskHistory)" [_thread_blocked, id=6476, stack(0x0000000066840000,0x0000000066940000)]
  0x000000005e28b000 JavaThread "Cache worker for file content cache (E:\zdh_git_workspace\english\.gradle\4.1\fileContent)" [_thread_blocked, id=7500, stack(0x0000000064ad0000,0x0000000064bd0000)]
  0x000000005e289800 JavaThread "Memory manager" [_thread_blocked, id=7124, stack(0x00000000642d0000,0x00000000643d0000)]
  0x000000005e288800 JavaThread "pool-1-thread-1" [_thread_blocked, id=4764, stack(0x0000000063f70000,0x0000000064070000)]
  0x000000005e287000 JavaThread "build operations Thread 4" [_thread_blocked, id=5404, stack(0x0000000062a10000,0x0000000062b10000)]
  0x000000005e286800 JavaThread "build operations Thread 3" [_thread_blocked, id=2260, stack(0x0000000062500000,0x0000000062600000)]
  0x000000005e285800 JavaThread "build operations Thread 2" [_thread_blocked, id=4796, stack(0x0000000062760000,0x0000000062860000)]
  0x000000005e285000 JavaThread "build operations" [_thread_blocked, id=3252, stack(0x0000000061e60000,0x0000000061f60000)]
  0x000000005e283800 JavaThread "Cache worker for Artifact transforms cache (C:\Users\admin\.gradle\caches\transforms-1)" [_thread_blocked, id=6224, stack(0x000000005d070000,0x000000005d170000)]
  0x000000005bba4800 JavaThread "Cache worker for file hash cache (E:\zdh_git_workspace\english\.gradle\4.1\fileHashes)" [_thread_blocked, id=7008, stack(0x000000005e180000,0x000000005e280000)]
  0x000000005b79b800 JavaThread "File lock request listener" [_thread_in_native, id=7868, stack(0x000000005dfe0000,0x000000005e0e0000)]
  0x000000005ad6f000 JavaThread "Cache worker for file hash cache (C:\Users\admin\.gradle\caches\4.1\fileHashes)" [_thread_blocked, id=7472, stack(0x000000005dea0000,0x000000005dfa0000)]
  0x000000005af2e800 JavaThread "Asynchronous log dispatcher for DefaultDaemonConnection: socket connection from /127.0.0.1:50321 to /127.0.0.1:50322" [_thread_blocked, id=4776, stack(0x000000005d940000,0x000000005da40000)]
  0x000000005b452800 JavaThread "Daemon worker" [_thread_in_Java, id=6576, stack(0x000000005d750000,0x000000005d850000)]
  0x000000005af2a800 JavaThread "Cancel handler" [_thread_blocked, id=3808, stack(0x000000005d550000,0x000000005d650000)]
  0x000000005ae41800 JavaThread "Handler for socket connection from /127.0.0.1:50321 to /127.0.0.1:50322" [_thread_in_native, id=3440, stack(0x000000005d1d0000,0x000000005d2d0000)]
  0x000000005ae3b000 JavaThread "Daemon" [_thread_blocked, id=2868, stack(0x000000005cf30000,0x000000005d030000)]
  0x000000005affe800 JavaThread "Daemon periodic checks" [_thread_blocked, id=5328, stack(0x000000005ce30000,0x000000005cf30000)]
  0x000000005ad2e800 JavaThread "Incoming local TCP Connector on port 50321" [_thread_in_native, id=7416, stack(0x000000005cae0000,0x000000005cbe0000)]
  0x0000000058c30000 JavaThread "Service Thread" daemon [_thread_blocked, id=6368, stack(0x00000000595b0000,0x00000000596b0000)]
  0x0000000058bb7800 JavaThread "C1 CompilerThread2" daemon [_thread_blocked, id=6092, stack(0x0000000058700000,0x0000000058800000)]
=>0x0000000058bb4000 JavaThread "C2 CompilerThread1" daemon [_thread_in_native, id=1048, stack(0x0000000058940000,0x0000000058a40000)]
  0x0000000058b9e800 JavaThread "C2 CompilerThread0" daemon [_thread_in_native, id=6752, stack(0x00000000593e0000,0x00000000594e0000)]
  0x0000000058b8b000 JavaThread "Attach Listener" daemon [_thread_blocked, id=7804, stack(0x0000000059230000,0x0000000059330000)]
  0x0000000058b8a800 JavaThread "Signal Dispatcher" daemon [_thread_blocked, id=3272, stack(0x00000000590a0000,0x00000000591a0000)]
  0x00000000575ee000 JavaThread "Finalizer" daemon [_thread_blocked, id=5392, stack(0x0000000058a80000,0x0000000058b80000)]
  0x00000000575a7000 JavaThread "Reference Handler" daemon [_thread_blocked, id=6108, stack(0x0000000058840000,0x0000000058940000)]
  0x0000000002398000 JavaThread "main" [_thread_blocked, id=4036, stack(0x00000000026b0000,0x00000000027b0000)]

Other Threads:
  0x000000005759b800 VMThread [stack: 0x00000000585d0000,0x00000000586d0000] [id=7284]
  0x0000000058be0000 WatcherThread [stack: 0x00000000596b0000,0x00000000597b0000] [id=7112]

VM state:not at safepoint (normal execution)

VM Mutex/Monitor currently owned by a thread: None

Heap:
 PSYoungGen      total 389632K, used 35584K [0x00000000d5580000, 0x00000000f7300000, 0x0000000100000000)
  eden space 288768K, 4% used [0x00000000d5580000,0x00000000d6378068,0x00000000e6f80000)
  from space 100864K, 21% used [0x00000000e6f80000,0x00000000e8448000,0x00000000ed200000)
  to   space 97280K, 0% used [0x00000000f1400000,0x00000000f1400000,0x00000000f7300000)
 ParOldGen       total 408064K, used 242120K [0x0000000080000000, 0x0000000098e80000, 0x00000000d5580000)
  object space 408064K, 59% used [0x0000000080000000,0x000000008ec72238,0x0000000098e80000)
 Metaspace       used 83856K, capacity 87808K, committed 88152K, reserved 1126400K
  class space    used 10589K, capacity 11531K, committed 11608K, reserved 1048576K

Card table byte_map: [0x0000000011b70000,0x0000000011f80000] byte_map_base: 0x0000000011770000

Marking Bits: (ParMarkBitMap*) 0x000000005a8c3950
 Begin Bits: [0x0000000012810000, 0x0000000014810000)
 End Bits:   [0x0000000014810000, 0x0000000016810000)

Polling page: 0x0000000000160000

CodeCache: size=245760Kb used=44975Kb max_used=44993Kb free=200784Kb
 bounds [0x00000000027b0000, 0x00000000053e0000, 0x00000000117b0000]
 total_blobs=14843 nmethods=13955 adapters=798
 compilation: enabled

Compilation events (10 events):
Event: 92.291 Thread 0x0000000058bb4000 nmethod 16755 0x00000000038b5990 code [0x00000000038b5ac0, 0x00000000038b5b38]
Event: 92.291 Thread 0x0000000058bb4000 16760   !   4       proguard.classfile.ProgramClass::getName (66 bytes)
Event: 92.292 Thread 0x0000000058bb4000 nmethod 16760 0x00000000038b5590 code [0x00000000038b56e0, 0x00000000038b5808]
Event: 92.292 Thread 0x0000000058bb4000 16797       4       proguard.classfile.util.InternalTypeEnumeration::skipClass (59 bytes)
Event: 92.293 Thread 0x0000000058bb4000 nmethod 16797 0x00000000038b5190 code [0x00000000038b52e0, 0x00000000038b5408]
Event: 92.293 Thread 0x0000000058bb4000 16774   !   4       proguard.classfile.ProgramClass::getType (66 bytes)
Event: 92.294 Thread 0x0000000058bb4000 nmethod 16774 0x00000000038b4d90 code [0x00000000038b4ee0, 0x00000000038b5008]
Event: 92.294 Thread 0x0000000058bb4000 16775   !   4       proguard.classfile.util.MemberFinder::findMember (76 bytes)
Event: 92.298 Thread 0x0000000058bb4000 nmethod 16775 0x00000000038b6710 code [0x00000000038b68c0, 0x00000000038b6e68]
Event: 92.298 Thread 0x0000000058bb4000 16778       4       proguard.classfile.util.ClassReferenceInitializer::visitClassConstant (29 bytes)

GC Heap History (10 events):
Event: 29.599 GC heap before
{Heap before GC invocations=19 (full 3):
 PSYoungGen      total 271360K, used 260306K [0x00000000d5580000, 0x00000000ec080000, 0x0000000100000000)
  eden space 237568K, 100% used [0x00000000d5580000,0x00000000e3d80000,0x00000000e3d80000)
  from space 33792K, 67% used [0x00000000e3d80000,0x00000000e53b48d0,0x00000000e5e80000)
  to   space 34816K, 0% used [0x00000000e9e80000,0x00000000e9e80000,0x00000000ec080000)
 ParOldGen       total 157696K, used 80880K [0x0000000080000000, 0x0000000089a00000, 0x00000000d5580000)
  object space 157696K, 51% used [0x0000000080000000,0x0000000084efc1e0,0x0000000089a00000)
 Metaspace       used 76649K, capacity 80518K, committed 80728K, reserved 1120256K
  class space    used 9587K, capacity 10516K, committed 10584K, reserved 1048576K
Event: 29.635 GC heap after
Heap after GC invocations=19 (full 3):
 PSYoungGen      total 326656K, used 28698K [0x00000000d5580000, 0x00000000ebe80000, 0x0000000100000000)
  eden space 293888K, 0% used [0x00000000d5580000,0x00000000d5580000,0x00000000e7480000)
  from space 32768K, 87% used [0x00000000e9e80000,0x00000000eba86998,0x00000000ebe80000)
  to   space 37888K, 0% used [0x00000000e7480000,0x00000000e7480000,0x00000000e9980000)
 ParOldGen       total 157696K, used 80888K [0x0000000080000000, 0x0000000089a00000, 0x00000000d5580000)
  object space 157696K, 51% used [0x0000000080000000,0x0000000084efe1e0,0x0000000089a00000)
 Metaspace       used 76649K, capacity 80518K, committed 80728K, reserved 1120256K
  class space    used 9587K, capacity 10516K, committed 10584K, reserved 1048576K
}
Event: 90.198 GC heap before
{Heap before GC invocations=20 (full 3):
 PSYoungGen      total 326656K, used 322586K [0x00000000d5580000, 0x00000000ebe80000, 0x0000000100000000)
  eden space 293888K, 100% used [0x00000000d5580000,0x00000000e7480000,0x00000000e7480000)
  from space 32768K, 87% used [0x00000000e9e80000,0x00000000eba86998,0x00000000ebe80000)
  to   space 37888K, 0% used [0x00000000e7480000,0x00000000e7480000,0x00000000e9980000)
 ParOldGen       total 157696K, used 80888K [0x0000000080000000, 0x0000000089a00000, 0x00000000d5580000)
  object space 157696K, 51% used [0x0000000080000000,0x0000000084efe1e0,0x0000000089a00000)
 Metaspace       used 83639K, capacity 87616K, committed 87896K, reserved 1126400K
  class space    used 10561K, capacity 11505K, committed 11608K, reserved 1048576K
Event: 90.273 GC heap after
Heap after GC invocations=20 (full 3):
 PSYoungGen      total 331776K, used 37860K [0x00000000d5580000, 0x00000000f0900000, 0x0000000100000000)
  eden space 293888K, 0% used [0x00000000d5580000,0x00000000d5580000,0x00000000e7480000)
  from space 37888K, 99% used [0x00000000e7480000,0x00000000e9979010,0x00000000e9980000)
  to   space 56320K, 0% used [0x00000000ed200000,0x00000000ed200000,0x00000000f0900000)
 ParOldGen       total 157696K, used 116270K [0x0000000080000000, 0x0000000089a00000, 0x00000000d5580000)
  object space 157696K, 73% used [0x0000000080000000,0x000000008718b9b8,0x0000000089a00000)
 Metaspace       used 83639K, capacity 87616K, committed 87896K, reserved 1126400K
  class space    used 10561K, capacity 11505K, committed 11608K, reserved 1048576K
}
Event: 91.273 GC heap before
{Heap before GC invocations=21 (full 3):
 PSYoungGen      total 331776K, used 331748K [0x00000000d5580000, 0x00000000f0900000, 0x0000000100000000)
  eden space 293888K, 100% used [0x00000000d5580000,0x00000000e7480000,0x00000000e7480000)
  from space 37888K, 99% used [0x00000000e7480000,0x00000000e9979010,0x00000000e9980000)
  to   space 56320K, 0% used [0x00000000ed200000,0x00000000ed200000,0x00000000f0900000)
 ParOldGen       total 157696K, used 116270K [0x0000000080000000, 0x0000000089a00000, 0x00000000d5580000)
  object space 157696K, 73% used [0x0000000080000000,0x000000008718b9b8,0x0000000089a00000)
 Metaspace       used 83866K, capacity 87840K, committed 88152K, reserved 1126400K
  class space    used 10592K, capacity 11537K, committed 11608K, reserved 1048576K
Event: 91.395 GC heap after
Heap after GC invocations=21 (full 3):
 PSYoungGen      total 345088K, used 56296K [0x00000000d5580000, 0x00000000f7280000, 0x0000000100000000)
  eden space 288768K, 0% used [0x00000000d5580000,0x00000000d5580000,0x00000000e6f80000)
  from space 56320K, 99% used [0x00000000ed200000,0x00000000f08fa030,0x00000000f0900000)
  to   space 100864K, 0% used [0x00000000e6f80000,0x00000000e6f80000,0x00000000ed200000)
 ParOldGen       total 212992K, used 212750K [0x0000000080000000, 0x000000008d000000, 0x00000000d5580000)
  object space 212992K, 99% used [0x0000000080000000,0x000000008cfc3b28,0x000000008d000000)
 Metaspace       used 83866K, capacity 87840K, committed 88152K, reserved 1126400K
  class space    used 10592K, capacity 11537K, committed 11608K, reserved 1048576K
}
Event: 91.395 GC heap before
{Heap before GC invocations=22 (full 4):
 PSYoungGen      total 345088K, used 56296K [0x00000000d5580000, 0x00000000f7280000, 0x0000000100000000)
  eden space 288768K, 0% used [0x00000000d5580000,0x00000000d5580000,0x00000000e6f80000)
  from space 56320K, 99% used [0x00000000ed200000,0x00000000f08fa030,0x00000000f0900000)
  to   space 100864K, 0% used [0x00000000e6f80000,0x00000000e6f80000,0x00000000ed200000)
 ParOldGen       total 212992K, used 212750K [0x0000000080000000, 0x000000008d000000, 0x00000000d5580000)
  object space 212992K, 99% used [0x0000000080000000,0x000000008cfc3b28,0x000000008d000000)
 Metaspace       used 83866K, capacity 87840K, committed 88152K, reserved 1126400K
  class space    used 10592K, capacity 11537K, committed 11608K, reserved 1048576K
Event: 92.037 GC heap after
Heap after GC invocations=22 (full 4):
 PSYoungGen      total 345088K, used 31655K [0x00000000d5580000, 0x00000000f7280000, 0x0000000100000000)
  eden space 288768K, 0% used [0x00000000d5580000,0x00000000d5580000,0x00000000e6f80000)
  from space 56320K, 56% used [0x00000000ed200000,0x00000000ef0e9ca0,0x00000000f0900000)
  to   space 100864K, 0% used [0x00000000e6f80000,0x00000000e6f80000,0x00000000ed200000)
 ParOldGen       total 408064K, used 212604K [0x0000000080000000, 0x0000000098e80000, 0x00000000d5580000)
  object space 408064K, 52% used [0x0000000080000000,0x000000008cf9f328,0x0000000098e80000)
 Metaspace       used 83856K, capacity 87808K, committed 88152K, reserved 1126400K
  class space    used 10589K, capacity 11531K, committed 11608K, reserved 1048576K
}
Event: 92.392 GC heap before
{Heap before GC invocations=23 (full 4):
 PSYoungGen      total 345088K, used 320423K [0x00000000d5580000, 0x00000000f7280000, 0x0000000100000000)
  eden space 288768K, 100% used [0x00000000d5580000,0x00000000e6f80000,0x00000000e6f80000)
  from space 56320K, 56% used [0x00000000ed200000,0x00000000ef0e9ca0,0x00000000f0900000)
  to   space 100864K, 0% used [0x00000000e6f80000,0x00000000e6f80000,0x00000000ed200000)
 ParOldGen       total 408064K, used 212604K [0x0000000080000000, 0x0000000098e80000, 0x00000000d5580000)
  object space 408064K, 52% used [0x0000000080000000,0x000000008cf9f328,0x0000000098e80000)
 Metaspace       used 83856K, capacity 87808K, committed 88152K, reserved 1126400K
  class space    used 10589K, capacity 11531K, committed 11608K, reserved 1048576K
Event: 92.494 GC heap after
Heap after GC invocations=23 (full 4):
 PSYoungGen      total 389632K, used 21280K [0x00000000d5580000, 0x00000000f7300000, 0x0000000100000000)
  eden space 288768K, 0% used [0x00000000d5580000,0x00000000d5580000,0x00000000e6f80000)
  from space 100864K, 21% used [0x00000000e6f80000,0x00000000e8448000,0x00000000ed200000)
  to   space 97280K, 0% used [0x00000000f1400000,0x00000000f1400000,0x00000000f7300000)
 ParOldGen       total 408064K, used 242120K [0x0000000080000000, 0x0000000098e80000, 0x00000000d5580000)
  object space 408064K, 59% used [0x0000000080000000,0x000000008ec72238,0x0000000098e80000)
 Metaspace       used 83856K, capacity 87808K, committed 88152K, reserved 1126400K
  class space    used 10589K, capacity 11531K, committed 11608K, reserved 1048576K
}

Deoptimization events (10 events):
Event: 91.172 Thread 0x000000005b452800 Uncommon trap: reason=bimorphic action=maybe_recompile pc=0x0000000005319870 method=proguard.classfile.attribute.annotation.RuntimeInvisibleAnnotationsAttribute.accept(Lproguard/classfile/Clazz;Lproguard/classfile/Method;Lproguard/classfile/attribute/visi
Event: 91.172 Thread 0x000000005b452800 Uncommon trap: reason=bimorphic action=maybe_recompile pc=0x000000000531e928 method=proguard.classfile.util.SimplifiedVisitor.visitRuntimeInvisibleAnnotationsAttribute(Lproguard/classfile/Clazz;Lproguard/classfile/attribute/annotation/RuntimeInvisibleAnno
Event: 91.173 Thread 0x000000005b452800 Uncommon trap: reason=class_check action=maybe_recompile pc=0x00000000052e4058 method=proguard.classfile.attribute.annotation.ConstantElementValue.accept(Lproguard/classfile/Clazz;Lproguard/classfile/attribute/annotation/Annotation;Lproguard/classfile/att
Event: 91.178 Thread 0x000000005b452800 Uncommon trap: reason=class_check action=maybe_recompile pc=0x00000000052e4058 method=proguard.classfile.attribute.annotation.ConstantElementValue.accept(Lproguard/classfile/Clazz;Lproguard/classfile/attribute/annotation/Annotation;Lproguard/classfile/att
Event: 91.178 Thread 0x000000005b452800 Uncommon trap: reason=class_check action=maybe_recompile pc=0x00000000052e4058 method=proguard.classfile.attribute.annotation.ConstantElementValue.accept(Lproguard/classfile/Clazz;Lproguard/classfile/attribute/annotation/Annotation;Lproguard/classfile/att
Event: 91.178 Thread 0x000000005b452800 Uncommon trap: reason=class_check action=maybe_recompile pc=0x00000000052e4058 method=proguard.classfile.attribute.annotation.ConstantElementValue.accept(Lproguard/classfile/Clazz;Lproguard/classfile/attribute/annotation/Annotation;Lproguard/classfile/att
Event: 91.185 Thread 0x000000005b452800 Uncommon trap: reason=bimorphic action=maybe_recompile pc=0x0000000005318e9c method=proguard.classfile.attribute.ExceptionsAttribute.accept(Lproguard/classfile/Clazz;Lproguard/classfile/Method;Lproguard/classfile/attribute/visitor/AttributeVisitor;)V @ 4
Event: 91.187 Thread 0x000000005b452800 Uncommon trap: reason=bimorphic action=maybe_recompile pc=0x0000000005318e9c method=proguard.classfile.attribute.ExceptionsAttribute.accept(Lproguard/classfile/Clazz;Lproguard/classfile/Method;Lproguard/classfile/attribute/visitor/AttributeVisitor;)V @ 4
Event: 91.187 Thread 0x000000005b452800 Uncommon trap: reason=bimorphic action=maybe_recompile pc=0x0000000005318e9c method=proguard.classfile.attribute.ExceptionsAttribute.accept(Lproguard/classfile/Clazz;Lproguard/classfile/Method;Lproguard/classfile/attribute/visitor/AttributeVisitor;)V @ 4
Event: 91.187 Thread 0x000000005b452800 Uncommon trap: reason=bimorphic action=maybe_recompile pc=0x0000000005318e9c method=proguard.classfile.attribute.ExceptionsAttribute.accept(Lproguard/classfile/Clazz;Lproguard/classfile/Method;Lproguard/classfile/attribute/visitor/AttributeVisitor;)V @ 4

Classes redefined (0 events):
No events

Internal exceptions (10 events):
Event: 53.258 Thread 0x0000000058d76800 Exception <a 'java/lang/ClassNotFoundException': com/android/build/gradle/internal/dependency/VariantDependenciesBeanInfo> (0x00000000dd088958) thrown at [D:\src\AOSP-openjdk-cygwin\jdk8u\hotspot\src\share\vm\classfile\systemDictionary.cpp, line 210]
Event: 53.258 Thread 0x0000000058d76800 Exception <a 'java/lang/ClassNotFoundException': com/android/build/gradle/internal/dependency/VariantDependenciesCustomizer> (0x00000000dd0a1270) thrown at [D:\src\AOSP-openjdk-cygwin\jdk8u\hotspot\src\share\vm\classfile\systemDictionary.cpp, line 210]
Event: 53.260 Thread 0x0000000058d76800 Exception <a 'java/lang/ClassNotFoundException': com/android/build/gradle/internal/dependency/DependencyContainerImplBeanInfo> (0x00000000dd0f4230) thrown at [D:\src\AOSP-openjdk-cygwin\jdk8u\hotspot\src\share\vm\classfile\systemDictionary.cpp, line 210]
Event: 53.260 Thread 0x0000000058d76800 Exception <a 'java/lang/ClassNotFoundException': com/android/build/gradle/internal/dependency/DependencyContainerImplCustomizer> (0x00000000dd10e0e8) thrown at [D:\src\AOSP-openjdk-cygwin\jdk8u\hotspot\src\share\vm\classfile\systemDictionary.cpp, line 210
Event: 53.262 Thread 0x0000000058d76800 Exception <a 'java/lang/ClassNotFoundException': com/android/builder/dependency/level2/AndroidDependencyBeanInfo> (0x00000000dd16e908) thrown at [D:\src\AOSP-openjdk-cygwin\jdk8u\hotspot\src\share\vm\classfile\systemDictionary.cpp, line 210]
Event: 53.262 Thread 0x0000000058d76800 Exception <a 'java/lang/ClassNotFoundException': com/android/builder/dependency/level2/ExtractedDependencyBeanInfo> (0x00000000dd185b48) thrown at [D:\src\AOSP-openjdk-cygwin\jdk8u\hotspot\src\share\vm\classfile\systemDictionary.cpp, line 210]
Event: 53.262 Thread 0x0000000058d76800 Exception <a 'java/lang/ClassNotFoundException': com/android/builder/dependency/level2/DependencyBeanInfo> (0x00000000dd19ac50) thrown at [D:\src\AOSP-openjdk-cygwin\jdk8u\hotspot\src\share\vm\classfile\systemDictionary.cpp, line 210]
Event: 53.262 Thread 0x0000000058d76800 Exception <a 'java/lang/ClassNotFoundException': com/android/builder/dependency/level2/DependencyCustomizer> (0x00000000dd1aff48) thrown at [D:\src\AOSP-openjdk-cygwin\jdk8u\hotspot\src\share\vm\classfile\systemDictionary.cpp, line 210]
Event: 53.263 Thread 0x0000000058d76800 Exception <a 'java/lang/ClassNotFoundException': com/android/builder/dependency/level2/ExtractedDependencyCustomizer> (0x00000000dd1d2c18) thrown at [D:\src\AOSP-openjdk-cygwin\jdk8u\hotspot\src\share\vm\classfile\systemDictionary.cpp, line 210]
Event: 53.263 Thread 0x0000000058d76800 Exception <a 'java/lang/ClassNotFoundException': com/android/builder/dependency/level2/AndroidDependencyCustomizer> (0x00000000dd1f6e58) thrown at [D:\src\AOSP-openjdk-cygwin\jdk8u\hotspot\src\share\vm\classfile\systemDictionary.cpp, line 210]

Events (10 events):
Event: 92.037 Executing VM operation: ParallelGCFailedAllocation done
Event: 92.043 Thread 0x0000000058bb7800 flushing nmethod 0x00000000029e9b50
Event: 92.046 Executing VM operation: BulkRevokeBias
Event: 92.047 Executing VM operation: BulkRevokeBias done
Event: 92.048 Thread 0x0000000058bb7800 flushing nmethod 0x0000000003029e90
Event: 92.095 Thread 0x0000000058b9e800 flushing nmethod 0x00000000038b4610
Event: 92.243 Thread 0x000000005b452800 DEOPT PACKING pc=0x0000000005371d71 sp=0x000000005d84a930
Event: 92.243 Thread 0x000000005b452800 DEOPT UNPACKING pc=0x00000000027f75bf sp=0x000000005d84a688 mode 0
Event: 92.392 Executing VM operation: ParallelGCFailedAllocation
Event: 92.494 Executing VM operation: ParallelGCFailedAllocation done


Dynamic libraries:
0x000000013fb90000 - 0x000000013fbc1000 	C:\Program Files\Android\Android Studio\jre\bin\java.exe
0x0000000076d10000 - 0x0000000076eba000 	C:\Windows\SYSTEM32\ntdll.dll
0x00000000764d0000 - 0x00000000765ef000 	C:\Windows\system32\kernel32.dll
0x000007fefd120000 - 0x000007fefd18a000 	C:\Windows\system32\KERNELBASE.dll
0x000007fefd8a0000 - 0x000007fefd97b000 	C:\Windows\system32\ADVAPI32.dll
0x000007fefdaa0000 - 0x000007fefdb3f000 	C:\Windows\system32\msvcrt.dll
0x000007fefda80000 - 0x000007fefda9f000 	C:\Windows\SYSTEM32\sechost.dll
0x000007fefdff0000 - 0x000007fefe11d000 	C:\Windows\system32\RPCRT4.dll
0x0000000076c10000 - 0x0000000076d0a000 	C:\Windows\system32\USER32.dll
0x000007fefd780000 - 0x000007fefd7e7000 	C:\Windows\system32\GDI32.dll
0x000007fefe120000 - 0x000007fefe12e000 	C:\Windows\system32\LPK.dll
0x000007fefe130000 - 0x000007fefe1fb000 	C:\Windows\system32\USP10.dll
0x000007fefb780000 - 0x000007fefb974000 	C:\Windows\WinSxS\amd64_microsoft.windows.common-controls_6595b64144ccf1df_6.0.7601.18837_none_fa3b1e3d17594757\COMCTL32.dll
0x000007fefda00000 - 0x000007fefda71000 	C:\Windows\system32\SHLWAPI.dll
0x000007fefef90000 - 0x000007fefefbe000 	C:\Windows\system32\IMM32.DLL
0x000007fefde40000 - 0x000007fefdf49000 	C:\Windows\system32\MSCTF.dll
0x0000000069c20000 - 0x0000000069cf2000 	C:\Program Files\Android\Android Studio\jre\jre\bin\msvcr100.dll
0x000000005a100000 - 0x000000005a93e000 	C:\Program Files\Android\Android Studio\jre\jre\bin\server\jvm.dll
0x000007fef57f0000 - 0x000007fef57f9000 	C:\Windows\system32\WSOCK32.dll
0x000007fefd550000 - 0x000007fefd59d000 	C:\Windows\system32\WS2_32.dll
0x000007fefd7f0000 - 0x000007fefd7f8000 	C:\Windows\system32\NSI.dll
0x000007fefd0a0000 - 0x000007fefd0db000 	C:\Windows\system32\WINMM.dll
0x000007fefc0a0000 - 0x000007fefc0ac000 	C:\Windows\system32\VERSION.dll
0x0000000076ee0000 - 0x0000000076ee7000 	C:\Windows\system32\PSAPI.DLL
0x000007fefbc90000 - 0x000007fefbc9f000 	C:\Program Files\Android\Android Studio\jre\jre\bin\verify.dll
0x000007fef8460000 - 0x000007fef8489000 	C:\Program Files\Android\Android Studio\jre\jre\bin\java.dll
0x000007fefbc70000 - 0x000007fefbc86000 	C:\Program Files\Android\Android Studio\jre\jre\bin\zip.dll
0x000007fefe200000 - 0x000007fefef8a000 	C:\Windows\system32\SHELL32.dll
0x000007fefdc40000 - 0x000007fefde3c000 	C:\Windows\system32\ole32.dll
0x000007fefcf50000 - 0x000007fefcf5f000 	C:\Windows\system32\profapi.dll
0x000007fef8440000 - 0x000007fef845a000 	C:\Program Files\Android\Android Studio\jre\jre\bin\net.dll
0x000007fefc750000 - 0x000007fefc7a5000 	C:\Windows\system32\mswsock.dll
0x000007fefc7c0000 - 0x000007fefc7c7000 	C:\Windows\System32\wship6.dll
0x000007fef8420000 - 0x000007fef8431000 	C:\Program Files\Android\Android Studio\jre\jre\bin\nio.dll
0x000007fef17b0000 - 0x000007fef17ce000 	C:\Users\admin\.gradle\native\25\windows-amd64\native-platform.dll
0x000007fefbca0000 - 0x000007fefbcad000 	C:\Program Files\Android\Android Studio\jre\jre\bin\management.dll
0x000007fefc9c0000 - 0x000007fefc9d8000 	C:\Windows\system32\CRYPTSP.dll
0x000007fefc500000 - 0x000007fefc547000 	C:\Windows\system32\rsaenh.dll
0x000007fefc280000 - 0x000007fefc29e000 	C:\Windows\system32\USERENV.dll
0x000007fefce40000 - 0x000007fefce4f000 	C:\Windows\system32\CRYPTBASE.dll
0x000007fefaab0000 - 0x000007fefaad7000 	C:\Windows\system32\IPHLPAPI.DLL
0x000007fefaa70000 - 0x000007fefaa7b000 	C:\Windows\system32\WINNSI.DLL
0x000007fefa950000 - 0x000007fefa961000 	C:\Windows\system32\dhcpcsvc6.DLL
0x000007fefa930000 - 0x000007fefa948000 	C:\Windows\system32\dhcpcsvc.DLL
0x000007fef5da0000 - 0x000007fef5dc4000 	C:\Program Files\Android\Android Studio\jre\jre\bin\sunec.dll
0x000007fefc170000 - 0x000007fefc177000 	C:\Windows\System32\wshtcpip.dll
0x000007fefc5c0000 - 0x000007fefc61b000 	C:\Windows\system32\DNSAPI.dll
0x000007fefa100000 - 0x000007fefa108000 	C:\Windows\system32\rasadhlp.dll
0x000007fefa8a0000 - 0x000007fefa8f3000 	C:\Windows\System32\fwpuclnt.dll
0x000007fef5d90000 - 0x000007fef5d9b000 	C:\Program Files\Android\Android Studio\jre\jre\bin\sunmscapi.dll
0x000007fefd250000 - 0x000007fefd3bd000 	C:\Windows\system32\CRYPT32.dll
0x000007fefcff0000 - 0x000007fefcfff000 	C:\Windows\system32\MSASN1.dll
0x000007fef1f40000 - 0x000007fef1f5e000 	C:\Users\admin\AppData\Local\Temp\native-platform2707357369344362057dir\native-platform.dll
0x000007fefcde0000 - 0x000007fefce37000 	C:\Windows\system32\apphelp.dll

VM Arguments:
jvm_args: -XX:MaxPermSize=512m -XX:+HeapDumpOnOutOfMemoryError -Xmx2048m -Dfile.encoding=UTF-8 -Duser.country=CN -Duser.language=zh -Duser.variant 
java_command: org.gradle.launcher.daemon.bootstrap.GradleDaemon 4.1
java_class_path (initial): C:\Program Files\Android\Android Studio\gradle\gradle-4.1\lib\gradle-launcher-4.1.jar
Launcher Type: SUN_STANDARD

Environment Variables:
JAVA_HOME=D:\jdkjava\jdk1.8.0_31
CLASSPATH=.;D:\jdkjava\jdk1.8.0_31\lib\tools.jar;D:\jdkjava\jdk1.8.0_31\lib\dt.jar
PATH=E:\ffmpeg\bin;D:\jdkjava\jdk1.8.0_31\bin;C:\Python27\Scripts;C:\Python27;E:\Android\sdk\platform-tools;C:\Program Files (x86)\Git\cmd;D:\sdk\platform-tools;C:\ProgramData\Oracle\Java\javapath;D:\jdkjava\jdk1.8.0_31\bin;C:\Program Files (x86)\NVIDIA Corporation\PhysX\Common;C:\Windows\system32;C:\Windows;C:\Windows\System32\Wbem;C:\Windows\System32\WindowsPowerShell\v1.0\;C:\Program Files (x86)\Common Files\microsoft shared\TigerKin;C:\Program Files (x86)\Git\cmd;C:\Program Files\PuTTY\;C:\Program Files\TortoiseSVN\bin;C:\Program Files\nodejs\;C:\Program Files (x86)\SSH Communications Security\SSH Secure Shell;C:\Users\admin\AppData\Local\Programs\Fiddler;C:\Users\admin\AppData\Roaming\npm
USERNAME=admin
OS=Windows_NT
PROCESSOR_IDENTIFIER=Intel64 Family 6 Model 60 Stepping 3, GenuineIntel



---------------  S Y S T E M  ---------------

OS: Windows 7 , 64 bit Build 7601 (6.1.7601.23915)

CPU:total 4 (initial active 4) (4 cores per cpu, 1 threads per core) family 6 model 60 stepping 3, cmov, cx8, fxsr, mmx, sse, sse2, sse3, ssse3, sse4.1, sse4.2, popcnt, avx, avx2, aes, clmul, erms, rtm, lzcnt, tsc, tscinvbit, bmi1, bmi2

Memory: 4k page, physical 8286452k(1401580k free), swap 9333168k(5124k free)

vm_info: OpenJDK 64-Bit Server VM (25.152-b01) for windows-amd64 JRE (1.8.0_152-release-915-b01), built by "builder" with MS VC++ 10.0 (VS2010)

time: Wed Feb 28 16:10:49 2018
elapsed time: 92 seconds (0d 0h 1m 32s)

