#
# There is insufficient memory for the Java Runtime Environment to continue.
# Native memory allocation (malloc) failed to allocate 32744 bytes for ChunkPool::allocate
# Possible reasons:
#   The system is out of physical RAM or swap space
#   In 32 bit mode, the process size limit was hit
# Possible solutions:
#   Reduce memory load on the system
#   Increase physical memory or swap space
#   Check if swap backing store is full
#   Use 64 bit Java on a 64 bit OS
#   Decrease Java heap size (-Xmx/-Xms)
#   Decrease number of Java threads
#   Decrease Java thread stack sizes (-Xss)
#   Set larger code cache with -XX:ReservedCodeCacheSize=
# This output file may be truncated or incomplete.
#
#  Out of Memory Error (allocation.cpp:273), pid=6424, tid=0x00000000000017a0
#
# JRE version: OpenJDK Runtime Environment (8.0_152-b01) (build 1.8.0_152-release-915-b01)
# Java VM: OpenJDK 64-Bit Server VM (25.152-b01 mixed mode windows-amd64 compressed oops)
# Failed to write core dump. Minidumps are not enabled by default on client versions of Windows
#

---------------  T H R E A D  ---------------

Current thread (0x00000000175cb800):  VMThread [stack: 0x00000000185a0000,0x00000000186a0000] [id=6048]

Stack: [0x00000000185a0000,0x00000000186a0000]
[error occurred during error reporting (printing stack bounds), id 0xc0000005]

Native frames: (J=compiled Java code, j=interpreted, Vv=VM code, C=native code)

VM_Operation (0x000000001897eb40): RevokeBias, mode: safepoint, requested by thread 0x000000001761a000


---------------  P R O C E S S  ---------------

Java Threads: ( => current thread )
  0x000000001be25800 JavaThread "build operations Thread 4" [_thread_blocked, id=884, stack(0x0000000022180000,0x0000000022280000)]
  0x000000001be24800 JavaThread "build operations Thread 3" [_thread_blocked, id=6224, stack(0x0000000022030000,0x0000000022130000)]
  0x000000001be24000 JavaThread "build operations Thread 2" [_thread_blocked, id=5252, stack(0x0000000020040000,0x0000000020140000)]
  0x000000001be23000 JavaThread "build operations" [_thread_blocked, id=6692, stack(0x00000000219c0000,0x0000000021ac0000)]
  0x000000001be1f800 JavaThread "Cache worker for Artifact transforms cache (C:\Users\admin\.gradle\caches\transforms-1)" [_thread_blocked, id=5532, stack(0x000000001fd30000,0x000000001fe30000)]
  0x000000001b17e000 JavaThread "Cache worker for file hash cache (E:\zdh_git_workspace\english\.gradle\4.1\fileHashes)" [_thread_blocked, id=6292, stack(0x000000001d530000,0x000000001d630000)]
  0x000000001a446000 JavaThread "File lock request listener" [_thread_in_native, id=6492, stack(0x000000001d400000,0x000000001d500000)]
  0x000000001ac57000 JavaThread "Cache worker for file hash cache (C:\Users\admin\.gradle\caches\4.1\fileHashes)" [_thread_blocked, id=6060, stack(0x000000001d080000,0x000000001d180000)]
  0x000000001a384000 JavaThread "Stdin handler" [_thread_blocked, id=7060, stack(0x000000001ccf0000,0x000000001cdf0000)]
  0x000000001a38b800 JavaThread "Asynchronous log dispatcher for DefaultDaemonConnection: socket connection from /127.0.0.1:50737 to /127.0.0.1:50738" [_thread_blocked, id=7128, stack(0x000000001cf10000,0x000000001d010000)]
  0x000000001a394800 JavaThread "Daemon worker" [_thread_blocked, id=3872, stack(0x000000001ce10000,0x000000001cf10000)]
  0x000000001adb8800 JavaThread "Cancel handler" [_thread_blocked, id=6340, stack(0x000000001cb60000,0x000000001cc60000)]
  0x000000001adaf800 JavaThread "Handler for socket connection from /127.0.0.1:50737 to /127.0.0.1:50738" [_thread_in_native, id=1028, stack(0x000000001c750000,0x000000001c850000)]
  0x000000001a324000 JavaThread "Daemon" [_thread_blocked, id=7144, stack(0x000000001c650000,0x000000001c750000)]
  0x000000001a845000 JavaThread "Daemon periodic checks" [_thread_blocked, id=3596, stack(0x000000001c4d0000,0x000000001c5d0000)]
  0x000000001ab6c000 JavaThread "Incoming local TCP Connector on port 50737" [_thread_in_native, id=5928, stack(0x000000001c2d0000,0x000000001c3d0000)]
  0x0000000018a25000 JavaThread "Service Thread" daemon [_thread_blocked, id=5960, stack(0x0000000019420000,0x0000000019520000)]
  0x00000000189a6000 JavaThread "C1 CompilerThread2" daemon [_thread_blocked, id=6464, stack(0x0000000019260000,0x0000000019360000)]
  0x00000000189a4800 JavaThread "C2 CompilerThread1" daemon [_thread_in_native, id=6760, stack(0x00000000190f0000,0x00000000191f0000)]
  0x000000001899c000 JavaThread "C2 CompilerThread0" daemon [_thread_blocked, id=6904, stack(0x0000000018f60000,0x0000000019060000)]
  0x000000001898a800 JavaThread "Attach Listener" daemon [_thread_blocked, id=6788, stack(0x0000000018dc0000,0x0000000018ec0000)]
  0x000000001762e000 JavaThread "Signal Dispatcher" daemon [_thread_blocked, id=5732, stack(0x0000000018750000,0x0000000018850000)]
  0x000000001761a000 JavaThread "Finalizer" daemon [_thread_blocked, id=6888, stack(0x0000000018880000,0x0000000018980000)]
  0x00000000175d3000 JavaThread "Reference Handler" daemon [_thread_blocked, id=6196, stack(0x0000000018480000,0x0000000018580000)]
  0x0000000002398000 JavaThread "main" [_thread_blocked, id=5908, stack(0x0000000002580000,0x0000000002680000)]

Other Threads:
=>0x00000000175cb800 VMThread [stack: 0x00000000185a0000,0x00000000186a0000] [id=6048]
  0x0000000018a26000 WatcherThread [stack: 0x0000000019600000,0x0000000019700000] [id=6744]

VM state:at safepoint (normal execution)

VM Mutex/Monitor currently owned by a thread:  ([mutex/lock_event])
[0x000000000037ddd0] Threads_lock - owner thread: 0x00000000175cb800

Heap:
 PSYoungGen      total 95232K, used 4543K [0x00000000d5580000, 0x00000000dbf00000, 0x0000000100000000)
  eden space 83456K, 1% used [0x00000000d5580000,0x00000000d56efd30,0x00000000da700000)
  from space 11776K, 26% used [0x00000000db380000,0x00000000db680000,0x00000000dbf00000)
  to   space 12288K, 0% used [0x00000000da700000,0x00000000da700000,0x00000000db300000)
 ParOldGen       total 99328K, used 16826K [0x0000000080000000, 0x0000000086100000, 0x00000000d5580000)
  object space 99328K, 16% used [0x0000000080000000,0x000000008106eb48,0x0000000086100000)
 Metaspace       used 36294K, capacity 37372K, committed 37632K, reserved 1081344K
  class space    used 4906K, capacity 5295K, committed 5376K, reserved 1048576K

Card table byte_map: [0x0000000011a40000,0x0000000011e50000] byte_map_base: 0x0000000011640000

Marking Bits: (ParMarkBitMap*) 0x0000000055e83950
 Begin Bits: [0x0000000012840000, 0x0000000014840000)
 End Bits:   [0x0000000014840000, 0x0000000016840000)

Polling page: 0x0000000000360000

CodeCache: size=245760Kb used=12665Kb max_used=14487Kb free=233094Kb
 bounds [0x0000000002680000, 0x00000000034b0000, 0x0000000011680000]
 total_blobs=4320 nmethods=3605 adapters=627
 compilation: enabled

Compilation events (10 events):
Event: 11.175 Thread 0x00000000189a6000 nmethod 4157 0x00000000028265d0 code [0x0000000002826780, 0x0000000002826d48]
Event: 11.175 Thread 0x00000000189a6000 4159  s    3       sun.misc.URLClassPath::validateLookupCache (80 bytes)
Event: 11.175 Thread 0x00000000189a6000 nmethod 4159 0x0000000002825cd0 code [0x0000000002825e60, 0x0000000002826418]
Event: 11.175 Thread 0x00000000189a6000 4158       3       sun.misc.URLClassPath$JarLoader::access$702 (7 bytes)
Event: 11.175 Thread 0x00000000189a6000 nmethod 4158 0x00000000028d0310 code [0x00000000028d0460, 0x00000000028d05b0]
Event: 11.177 Thread 0x000000001899c000 4160   !   4       sun.net.www.ParseUtil::decode (316 bytes)
Event: 11.178 Thread 0x00000000189a6000 4161       3       java.util.jar.JarFile::isKnownNotToHaveSpecialAttributes (358 bytes)
Event: 11.180 Thread 0x00000000189a6000 nmethod 4161 0x00000000031e0950 code [0x00000000031e0fc0, 0x00000000031e6148]
Event: 11.199 Thread 0x00000000189a6000 4163   !   3       org.gradle.internal.classloader.FilteringClassLoader::loadClass (62 bytes)
Event: 11.200 Thread 0x00000000189a6000 nmethod 4163 0x0000000002b4e6d0 code [0x0000000002b4e900, 0x0000000002b4f4d8]

GC Heap History (10 events):
Event: 3.368 GC heap before
{Heap before GC invocations=6 (full 1):
 PSYoungGen      total 71680K, used 66560K [0x00000000d5580000, 0x00000000da080000, 0x0000000100000000)
  eden space 66560K, 100% used [0x00000000d5580000,0x00000000d9680000,0x00000000d9680000)
  from space 5120K, 0% used [0x00000000d9b80000,0x00000000d9b80000,0x00000000da080000)
  to   space 5120K, 0% used [0x00000000d9680000,0x00000000d9680000,0x00000000d9b80000)
 ParOldGen       total 62976K, used 8903K [0x0000000080000000, 0x0000000083d80000, 0x00000000d5580000)
  object space 62976K, 14% used [0x0000000080000000,0x00000000808b1cb0,0x0000000083d80000)
 Metaspace       used 26117K, capacity 26688K, committed 26880K, reserved 1073152K
  class space    used 3554K, capacity 3756K, committed 3840K, reserved 1048576K
Event: 3.376 GC heap after
Heap after GC invocations=6 (full 1):
 PSYoungGen      total 71680K, used 5104K [0x00000000d5580000, 0x00000000da080000, 0x0000000100000000)
  eden space 66560K, 0% used [0x00000000d5580000,0x00000000d5580000,0x00000000d9680000)
  from space 5120K, 99% used [0x00000000d9680000,0x00000000d9b7c0f0,0x00000000d9b80000)
  to   space 5120K, 0% used [0x00000000d9b80000,0x00000000d9b80000,0x00000000da080000)
 ParOldGen       total 62976K, used 10776K [0x0000000080000000, 0x0000000083d80000, 0x00000000d5580000)
  object space 62976K, 17% used [0x0000000080000000,0x0000000080a86338,0x0000000083d80000)
 Metaspace       used 26117K, capacity 26688K, committed 26880K, reserved 1073152K
  class space    used 3554K, capacity 3756K, committed 3840K, reserved 1048576K
}
Event: 5.819 GC heap before
{Heap before GC invocations=7 (full 1):
 PSYoungGen      total 71680K, used 71664K [0x00000000d5580000, 0x00000000da080000, 0x0000000100000000)
  eden space 66560K, 100% used [0x00000000d5580000,0x00000000d9680000,0x00000000d9680000)
  from space 5120K, 99% used [0x00000000d9680000,0x00000000d9b7c0f0,0x00000000d9b80000)
  to   space 5120K, 0% used [0x00000000d9b80000,0x00000000d9b80000,0x00000000da080000)
 ParOldGen       total 62976K, used 10776K [0x0000000080000000, 0x0000000083d80000, 0x00000000d5580000)
  object space 62976K, 17% used [0x0000000080000000,0x0000000080a86338,0x0000000083d80000)
 Metaspace       used 32278K, capacity 33132K, committed 33536K, reserved 1077248K
  class space    used 4457K, capacity 4765K, committed 4864K, reserved 1048576K
Event: 5.829 GC heap after
Heap after GC invocations=7 (full 1):
 PSYoungGen      total 64512K, used 5120K [0x00000000d5580000, 0x00000000dcb80000, 0x0000000100000000)
  eden space 59392K, 0% used [0x00000000d5580000,0x00000000d5580000,0x00000000d8f80000)
  from space 5120K, 100% used [0x00000000d9b80000,0x00000000da080000,0x00000000da080000)
  to   space 12288K, 0% used [0x00000000d8f80000,0x00000000d8f80000,0x00000000d9b80000)
 ParOldGen       total 62976K, used 17244K [0x0000000080000000, 0x0000000083d80000, 0x00000000d5580000)
  object space 62976K, 27% used [0x0000000080000000,0x00000000810d73a8,0x0000000083d80000)
 Metaspace       used 32278K, capacity 33132K, committed 33536K, reserved 1077248K
  class space    used 4457K, capacity 4765K, committed 4864K, reserved 1048576K
}
Event: 6.506 GC heap before
{Heap before GC invocations=8 (full 1):
 PSYoungGen      total 64512K, used 23587K [0x00000000d5580000, 0x00000000dcb80000, 0x0000000100000000)
  eden space 59392K, 31% used [0x00000000d5580000,0x00000000d6788f98,0x00000000d8f80000)
  from space 5120K, 100% used [0x00000000d9b80000,0x00000000da080000,0x00000000da080000)
  to   space 12288K, 0% used [0x00000000d8f80000,0x00000000d8f80000,0x00000000d9b80000)
 ParOldGen       total 62976K, used 17244K [0x0000000080000000, 0x0000000083d80000, 0x00000000d5580000)
  object space 62976K, 27% used [0x0000000080000000,0x00000000810d73a8,0x0000000083d80000)
 Metaspace       used 34319K, capacity 35224K, committed 35416K, reserved 1079296K
  class space    used 4715K, capacity 5055K, committed 5120K, reserved 1048576K
Event: 6.513 GC heap after
Heap after GC invocations=8 (full 1):
 PSYoungGen      total 71680K, used 7579K [0x00000000d5580000, 0x00000000dbf00000, 0x0000000100000000)
  eden space 59392K, 0% used [0x00000000d5580000,0x00000000d5580000,0x00000000d8f80000)
  from space 12288K, 61% used [0x00000000d8f80000,0x00000000d96e6d90,0x00000000d9b80000)
  to   space 11776K, 0% used [0x00000000db380000,0x00000000db380000,0x00000000dbf00000)
 ParOldGen       total 62976K, used 17252K [0x0000000080000000, 0x0000000083d80000, 0x00000000d5580000)
  object space 62976K, 27% used [0x0000000080000000,0x00000000810d93a8,0x0000000083d80000)
 Metaspace       used 34319K, capacity 35224K, committed 35416K, reserved 1079296K
  class space    used 4715K, capacity 5055K, committed 5120K, reserved 1048576K
}
Event: 6.513 GC heap before
{Heap before GC invocations=9 (full 2):
 PSYoungGen      total 71680K, used 7579K [0x00000000d5580000, 0x00000000dbf00000, 0x0000000100000000)
  eden space 59392K, 0% used [0x00000000d5580000,0x00000000d5580000,0x00000000d8f80000)
  from space 12288K, 61% used [0x00000000d8f80000,0x00000000d96e6d90,0x00000000d9b80000)
  to   space 11776K, 0% used [0x00000000db380000,0x00000000db380000,0x00000000dbf00000)
 ParOldGen       total 62976K, used 17252K [0x0000000080000000, 0x0000000083d80000, 0x00000000d5580000)
  object space 62976K, 27% used [0x0000000080000000,0x00000000810d93a8,0x0000000083d80000)
 Metaspace       used 34319K, capacity 35224K, committed 35416K, reserved 1079296K
  class space    used 4715K, capacity 5055K, committed 5120K, reserved 1048576K
Event: 6.568 GC heap after
Heap after GC invocations=9 (full 2):
 PSYoungGen      total 71680K, used 0K [0x00000000d5580000, 0x00000000dbf00000, 0x0000000100000000)
  eden space 59392K, 0% used [0x00000000d5580000,0x00000000d5580000,0x00000000d8f80000)
  from space 12288K, 0% used [0x00000000d8f80000,0x00000000d8f80000,0x00000000d9b80000)
  to   space 11776K, 0% used [0x00000000db380000,0x00000000db380000,0x00000000dbf00000)
 ParOldGen       total 99328K, used 16826K [0x0000000080000000, 0x0000000086100000, 0x00000000d5580000)
  object space 99328K, 16% used [0x0000000080000000,0x000000008106eb48,0x0000000086100000)
 Metaspace       used 34319K, capacity 35224K, committed 35416K, reserved 1079296K
  class space    used 4715K, capacity 5055K, committed 5120K, reserved 1048576K
}
Event: 11.200 GC heap before
{Heap before GC invocations=10 (full 2):
 PSYoungGen      total 71680K, used 59392K [0x00000000d5580000, 0x00000000dbf00000, 0x0000000100000000)
  eden space 59392K, 100% used [0x00000000d5580000,0x00000000d8f80000,0x00000000d8f80000)
  from space 12288K, 0% used [0x00000000d8f80000,0x00000000d8f80000,0x00000000d9b80000)
  to   space 11776K, 0% used [0x00000000db380000,0x00000000db380000,0x00000000dbf00000)
 ParOldGen       total 99328K, used 16826K [0x0000000080000000, 0x0000000086100000, 0x00000000d5580000)
  object space 99328K, 16% used [0x0000000080000000,0x000000008106eb48,0x0000000086100000)
 Metaspace       used 36294K, capacity 37372K, committed 37632K, reserved 1081344K
  class space    used 4906K, capacity 5295K, committed 5376K, reserved 1048576K
Event: 11.206 GC heap after
Heap after GC invocations=10 (full 2):
 PSYoungGen      total 95232K, used 3072K [0x00000000d5580000, 0x00000000dbf00000, 0x0000000100000000)
  eden space 83456K, 0% used [0x00000000d5580000,0x00000000d5580000,0x00000000da700000)
  from space 11776K, 26% used [0x00000000db380000,0x00000000db680000,0x00000000dbf00000)
  to   space 12288K, 0% used [0x00000000da700000,0x00000000da700000,0x00000000db300000)
 ParOldGen       total 99328K, used 16826K [0x0000000080000000, 0x0000000086100000, 0x00000000d5580000)
  object space 99328K, 16% used [0x0000000080000000,0x000000008106eb48,0x0000000086100000)
 Metaspace       used 36294K, capacity 37372K, committed 37632K, reserved 1081344K
  class space    used 4906K, capacity 5295K, committed 5376K, reserved 1048576K
}

Deoptimization events (10 events):
Event: 9.076 Thread 0x000000001a394800 Uncommon trap: reason=unstable_if action=reinterpret pc=0x0000000003318e28 method=com.sun.org.apache.xerces.internal.parsers.AbstractDOMParser.characters(Lcom/sun/org/apache/xerces/internal/xni/XMLString;Lcom/sun/org/apache/xerces/internal/xni/Augmentatio
Event: 9.584 Thread 0x000000001a394800 Uncommon trap: reason=unstable_if action=reinterpret pc=0x00000000032ed1a4 method=com.sun.org.apache.xerces.internal.impl.XMLEntityScanner.scanContent(Lcom/sun/org/apache/xerces/internal/xni/XMLString;)I @ 670
Event: 9.653 Thread 0x000000001a394800 Uncommon trap: reason=unstable_if action=reinterpret pc=0x00000000032c2b80 method=com.sun.org.apache.xerces.internal.impl.XMLEntityScanner.checkBeforeLoad(Lcom/sun/xml/internal/stream/Entity$ScannedEntity;II)I @ 18
Event: 9.656 Thread 0x000000001a394800 Uncommon trap: reason=unstable_if action=reinterpret pc=0x000000000320c534 method=com.sun.org.apache.xerces.internal.impl.XMLEntityScanner.checkBeforeLoad(Lcom/sun/xml/internal/stream/Entity$ScannedEntity;II)I @ 18
Event: 10.057 Thread 0x000000001a394800 Uncommon trap: reason=unstable_if action=reinterpret pc=0x00000000032d672c method=com.sun.org.apache.xerces.internal.impl.io.UTF8Reader.read([CII)I @ 131
Event: 10.459 Thread 0x000000001a394800 Uncommon trap: reason=unstable_if action=reinterpret pc=0x00000000033d8f20 method=com.sun.org.apache.xerces.internal.impl.XMLEntityScanner.scanName(Lcom/sun/org/apache/xerces/internal/impl/XMLScanner$NameType;)Ljava/lang/String; @ 69
Event: 10.600 Thread 0x000000001a394800 Uncommon trap: reason=unstable_if action=reinterpret pc=0x0000000003304bc0 method=com.sun.org.apache.xerces.internal.impl.XMLDocumentFragmentScannerImpl$FragmentContentDriver.next()I @ 823
Event: 10.789 Thread 0x000000001be23000 Uncommon trap: reason=unstable_if action=reinterpret pc=0x000000000349a22c method=com.esotericsoftware.kryo.io.Output.writeString(Ljava/lang/CharSequence;)V @ 1
Event: 10.881 Thread 0x000000001be24800 Uncommon trap: reason=unstable_if action=reinterpret pc=0x0000000002d82f30 method=java.util.concurrent.ConcurrentHashMap.get(Ljava/lang/Object;)Ljava/lang/Object; @ 86
Event: 11.138 Thread 0x000000001a394800 Uncommon trap: reason=range_check action=make_not_entrant pc=0x00000000030470d8 method=java.lang.String.charAt(I)C @ 27

Classes redefined (0 events):
No events

Internal exceptions (10 events):
Event: 11.187 Thread 0x000000001a394800 Exception <a 'java/security/PrivilegedActionException'> (0x00000000d8df8d90) thrown at [D:\src\AOSP-openjdk-cygwin\jdk8u\hotspot\src\share\vm\prims\jvm.cpp, line 1390]
Event: 11.187 Thread 0x000000001a394800 Exception <a 'java/security/PrivilegedActionException'> (0x00000000d8dfb200) thrown at [D:\src\AOSP-openjdk-cygwin\jdk8u\hotspot\src\share\vm\prims\jvm.cpp, line 1390]
Event: 11.187 Thread 0x000000001a394800 Exception <a 'java/security/PrivilegedActionException'> (0x00000000d8dfbd98) thrown at [D:\src\AOSP-openjdk-cygwin\jdk8u\hotspot\src\share\vm\prims\jvm.cpp, line 1390]
Event: 11.194 Thread 0x000000001a394800 Exception <a 'java/lang/ClassNotFoundException': org/gradle/api/tasks/Delete_DecoratedBeanInfo> (0x00000000d8e2b248) thrown at [D:\src\AOSP-openjdk-cygwin\jdk8u\hotspot\src\share\vm\classfile\systemDictionary.cpp, line 210]
Event: 11.195 Thread 0x000000001a394800 Exception <a 'java/lang/ClassNotFoundException': org/gradle/api/tasks/DeleteBeanInfo> (0x00000000d8e4e830) thrown at [D:\src\AOSP-openjdk-cygwin\jdk8u\hotspot\src\share\vm\classfile\systemDictionary.cpp, line 210]
Event: 11.196 Thread 0x000000001a394800 Exception <a 'java/lang/ClassNotFoundException': org/gradle/api/internal/ConventionTaskBeanInfo> (0x00000000d8e76c38) thrown at [D:\src\AOSP-openjdk-cygwin\jdk8u\hotspot\src\share\vm\classfile\systemDictionary.cpp, line 210]
Event: 11.196 Thread 0x000000001a394800 Exception <a 'java/lang/ClassNotFoundException': org/gradle/api/DefaultTaskBeanInfo> (0x00000000d8e983b0) thrown at [D:\src\AOSP-openjdk-cygwin\jdk8u\hotspot\src\share\vm\classfile\systemDictionary.cpp, line 210]
Event: 11.197 Thread 0x000000001a394800 Exception <a 'java/lang/ClassNotFoundException': org/gradle/api/internal/AbstractTaskBeanInfo> (0x00000000d8ebfc70) thrown at [D:\src\AOSP-openjdk-cygwin\jdk8u\hotspot\src\share\vm\classfile\systemDictionary.cpp, line 210]
Event: 11.198 Thread 0x000000001a394800 Exception <a 'java/lang/ClassNotFoundException': org/gradle/api/internal/AbstractTaskCustomizer> (0x00000000d8ee8028) thrown at [D:\src\AOSP-openjdk-cygwin\jdk8u\hotspot\src\share\vm\classfile\systemDictionary.cpp, line 210]
Event: 11.200 Thread 0x000000001a394800 Exception <a 'java/lang/ClassNotFoundException': org/gradle/api/DefaultTaskCustomizer> (0x00000000d8f69ad0) thrown at [D:\src\AOSP-openjdk-cygwin\jdk8u\hotspot\src\share\vm\classfile\systemDictionary.cpp, line 210]

Events (10 events):
Event: 11.199 loading class org/gradle/api/DefaultTaskCustomizer done
Event: 11.200 loading class org/gradle/api/DefaultTaskCustomizer
Event: 11.200 loading class org/gradle/api/DefaultTaskCustomizer done
Event: 11.200 loading class org/gradle/api/internal/ConventionTaskCustomizer
Event: 11.200 loading class org/gradle/api/internal/ConventionTaskCustomizer done
Event: 11.200 Executing VM operation: ParallelGCFailedAllocation
Event: 11.206 Executing VM operation: ParallelGCFailedAllocation done
Event: 11.206 loading class org/gradle/api/internal/ConventionTaskCustomizer
Event: 11.206 loading class org/gradle/api/internal/ConventionTaskCustomizer done
Event: 11.206 Executing VM operation: RevokeBias


Dynamic libraries:
0x000000013f1b0000 - 0x000000013f1e1000 	C:\Program Files\Android\Android Studio\jre\bin\java.exe
0x0000000076fc0000 - 0x000000007716a000 	C:\Windows\SYSTEM32\ntdll.dll
0x00000000769e0000 - 0x0000000076aff000 	C:\Windows\system32\kernel32.dll
0x000007fefd330000 - 0x000007fefd39a000 	C:\Windows\system32\KERNELBASE.dll
0x000007fefd770000 - 0x000007fefd84b000 	C:\Windows\system32\ADVAPI32.dll
0x000007feff1a0000 - 0x000007feff23f000 	C:\Windows\system32\msvcrt.dll
0x000007fefdf60000 - 0x000007fefdf7f000 	C:\Windows\SYSTEM32\sechost.dll
0x000007fefde30000 - 0x000007fefdf5d000 	C:\Windows\system32\RPCRT4.dll
0x0000000076780000 - 0x000000007687a000 	C:\Windows\system32\USER32.dll
0x000007fefd9a0000 - 0x000007fefda07000 	C:\Windows\system32\GDI32.dll
0x000007feff070000 - 0x000007feff07e000 	C:\Windows\system32\LPK.dll
0x000007fefdd30000 - 0x000007fefddfb000 	C:\Windows\system32\USP10.dll
0x000007fefb9f0000 - 0x000007fefbbe4000 	C:\Windows\WinSxS\amd64_microsoft.windows.common-controls_6595b64144ccf1df_6.0.7601.18837_none_fa3b1e3d17594757\COMCTL32.dll
0x000007fefef50000 - 0x000007fefefc1000 	C:\Windows\system32\SHLWAPI.dll
0x000007fefde00000 - 0x000007fefde2e000 	C:\Windows\system32\IMM32.DLL
0x000007fefda20000 - 0x000007fefdb29000 	C:\Windows\system32\MSCTF.dll
0x0000000053370000 - 0x0000000053442000 	C:\Program Files\Android\Android Studio\jre\jre\bin\msvcr100.dll
0x00000000556c0000 - 0x0000000055efe000 	C:\Program Files\Android\Android Studio\jre\jre\bin\server\jvm.dll
0x000007fef81c0000 - 0x000007fef81c9000 	C:\Windows\system32\WSOCK32.dll
0x000007fefd950000 - 0x000007fefd99d000 	C:\Windows\system32\WS2_32.dll
0x000007fefda10000 - 0x000007fefda18000 	C:\Windows\system32\NSI.dll
0x000007fefd2b0000 - 0x000007fefd2eb000 	C:\Windows\system32\WINMM.dll
0x000007fefc320000 - 0x000007fefc32c000 	C:\Windows\system32\VERSION.dll
0x0000000077190000 - 0x0000000077197000 	C:\Windows\system32\PSAPI.DLL
0x000007fefbee0000 - 0x000007fefbeef000 	C:\Program Files\Android\Android Studio\jre\jre\bin\verify.dll
0x000007fef50b0000 - 0x000007fef50d9000 	C:\Program Files\Android\Android Studio\jre\jre\bin\java.dll
0x000007fef50f0000 - 0x000007fef5106000 	C:\Program Files\Android\Android Studio\jre\jre\bin\zip.dll
0x000007fefdf80000 - 0x000007fefed0a000 	C:\Windows\system32\SHELL32.dll
0x000007fefdb30000 - 0x000007fefdd2c000 	C:\Windows\system32\ole32.dll
0x000007fefd200000 - 0x000007fefd20f000 	C:\Windows\system32\profapi.dll
0x000007fef5090000 - 0x000007fef50aa000 	C:\Program Files\Android\Android Studio\jre\jre\bin\net.dll
0x000007fefc9f0000 - 0x000007fefca45000 	C:\Windows\system32\mswsock.dll
0x000007fefc9e0000 - 0x000007fefc9e7000 	C:\Windows\System32\wship6.dll
0x000007fef3670000 - 0x000007fef3681000 	C:\Program Files\Android\Android Studio\jre\jre\bin\nio.dll
0x000007fef35f0000 - 0x000007fef360e000 	C:\Users\admin\.gradle\native\25\windows-amd64\native-platform.dll
0x000007fefbef0000 - 0x000007fefbefd000 	C:\Program Files\Android\Android Studio\jre\jre\bin\management.dll
0x000007fefca50000 - 0x000007fefca68000 	C:\Windows\system32\CRYPTSP.dll
0x000007fefc750000 - 0x000007fefc797000 	C:\Windows\system32\rsaenh.dll
0x000007fefc500000 - 0x000007fefc51e000 	C:\Windows\system32\USERENV.dll
0x000007fefd0f0000 - 0x000007fefd0ff000 	C:\Windows\system32\CRYPTBASE.dll
0x000007fefad20000 - 0x000007fefad47000 	C:\Windows\system32\IPHLPAPI.DLL
0x000007fefad00000 - 0x000007fefad0b000 	C:\Windows\system32\WINNSI.DLL
0x000007fef9da0000 - 0x000007fef9db1000 	C:\Windows\system32\dhcpcsvc6.DLL
0x000007fefa760000 - 0x000007fefa778000 	C:\Windows\system32\dhcpcsvc.DLL
0x000007fef3610000 - 0x000007fef3634000 	C:\Program Files\Android\Android Studio\jre\jre\bin\sunec.dll
0x000007fefc3f0000 - 0x000007fefc3f7000 	C:\Windows\System32\wshtcpip.dll
0x000007fefc870000 - 0x000007fefc8cb000 	C:\Windows\system32\DNSAPI.dll
0x000007fef4970000 - 0x000007fef4978000 	C:\Windows\system32\rasadhlp.dll
0x000007fefaba0000 - 0x000007fefabf3000 	C:\Windows\System32\fwpuclnt.dll
0x000007fefb9d0000 - 0x000007fefb9db000 	C:\Program Files\Android\Android Studio\jre\jre\bin\sunmscapi.dll
0x000007fefd410000 - 0x000007fefd57d000 	C:\Windows\system32\CRYPT32.dll
0x000007fefd2a0000 - 0x000007fefd2af000 	C:\Windows\system32\MSASN1.dll

VM Arguments:
jvm_args: -XX:MaxPermSize=512m -XX:+HeapDumpOnOutOfMemoryError -Xmx2048m -Dfile.encoding=UTF-8 -Duser.country=CN -Duser.language=zh -Duser.variant 
java_command: org.gradle.launcher.daemon.bootstrap.GradleDaemon 4.1
java_class_path (initial): C:\Program Files\Android\Android Studio\gradle\gradle-4.1\lib\gradle-launcher-4.1.jar
Launcher Type: SUN_STANDARD

Environment Variables:
JAVA_HOME=D:\jdkjava\jdk1.8.0_31
CLASSPATH=.;D:\jdkjava\jdk1.8.0_31\lib\tools.jar;D:\jdkjava\jdk1.8.0_31\lib\dt.jar
PATH=E:\ffmpeg\bin;D:\jdkjava\jdk1.8.0_31\bin;C:\Python27\Scripts;C:\Python27;E:\Android\sdk\platform-tools;C:\Program Files (x86)\Git\cmd;D:\sdk\platform-tools;C:\ProgramData\Oracle\Java\javapath;D:\jdkjava\jdk1.8.0_31\bin;C:\Program Files (x86)\NVIDIA Corporation\PhysX\Common;C:\Windows\system32;C:\Windows;C:\Windows\System32\Wbem;C:\Windows\System32\WindowsPowerShell\v1.0\;C:\Program Files (x86)\Common Files\microsoft shared\TigerKin;C:\Program Files (x86)\Git\cmd;D:\Program Files\nodejs\;C:\Program Files\PuTTY\;C:\Program Files\TortoiseSVN\bin;C:\Users\admin\AppData\Roaming\npm;C:\Program Files (x86)\SSH Communications Security\SSH Secure Shell;C:\Users\admin\AppData\Local\Programs\Fiddler
USERNAME=admin
OS=Windows_NT
PROCESSOR_IDENTIFIER=Intel64 Family 6 Model 60 Stepping 3, GenuineIntel



---------------  S Y S T E M  ---------------

OS: Windows 7 , 64 bit Build 7601 (6.1.7601.23915)

CPU:total 4 (initial active 4) (4 cores per cpu, 1 threads per core) family 6 model 60 stepping 3, cmov, cx8, fxsr, mmx, sse, sse2, sse3, ssse3, sse4.1, sse4.2, popcnt, avx, avx2, aes, clmul, erms, rtm, lzcnt, tsc, tscinvbit, bmi1, bmi2

Memory: 4k page, physical 8286452k(677036k free), swap 9333168k(5576k free)

vm_info: OpenJDK 64-Bit Server VM (25.152-b01) for windows-amd64 JRE (1.8.0_152-release-915-b01), built by "builder" with MS VC++ 10.0 (VS2010)

time: Wed Jan 17 15:51:21 2018
elapsed time: 11 seconds (0d 0h 0m 11s)

