#
# There is insufficient memory for the Java Runtime Environment to continue.
# Native memory allocation (malloc) failed to allocate 1951456 bytes for Chunk::new
# Possible reasons:
#   The system is out of physical RAM or swap space
#   In 32 bit mode, the process size limit was hit
# Possible solutions:
#   Reduce memory load on the system
#   Increase physical memory or swap space
#   Check if swap backing store is full
#   Use 64 bit Java on a 64 bit OS
#   Decrease Java heap size (-Xmx/-Xms)
#   Decrease number of Java threads
#   Decrease Java thread stack sizes (-Xss)
#   Set larger code cache with -XX:ReservedCodeCacheSize=
# This output file may be truncated or incomplete.
#
#  Out of Memory Error (allocation.cpp:390), pid=6732, tid=7388
#
# JRE version: Java(TM) SE Runtime Environment (8.0_66-b18) (build 1.8.0_66-b18)
# Java VM: Java HotSpot(TM) 64-Bit Server VM (25.66-b18 mixed mode windows-amd64 compressed oops)
# Failed to write core dump. Minidumps are not enabled by default on client versions of Windows
#

---------------  T H R E A D  ---------------

Current thread (0x0000000058c3e000):  JavaThread "C2 CompilerThread0" daemon [_thread_in_native, id=7388, stack(0x0000000059320000,0x0000000059420000)]

Stack: [0x0000000059320000,0x0000000059420000]
[error occurred during error reporting (printing stack bounds), id 0xc0000005]

Native frames: (J=compiled Java code, j=interpreted, Vv=VM code, C=native code)


Current CompileTask:
C2:    699  418       4       com.android.multidex.ClassReferenceListBuilder::checkDescriptor (92 bytes)


---------------  P R O C E S S  ---------------

Java Threads: ( => current thread )
  0x0000000058cc8000 JavaThread "Service Thread" daemon [_thread_blocked, id=1132, stack(0x0000000059870000,0x0000000059970000)]
  0x000000005767f000 JavaThread "C1 CompilerThread2" daemon [_thread_blocked, id=7804, stack(0x0000000059680000,0x0000000059780000)]
  0x000000005767d800 JavaThread "C2 CompilerThread1" daemon [_thread_in_native, id=7668, stack(0x00000000594a0000,0x00000000595a0000)]
=>0x0000000058c3e000 JavaThread "C2 CompilerThread0" daemon [_thread_in_native, id=7388, stack(0x0000000059320000,0x0000000059420000)]
  0x0000000058c3c800 JavaThread "Attach Listener" daemon [_thread_blocked, id=8036, stack(0x0000000059160000,0x0000000059260000)]
  0x0000000058c3b000 JavaThread "Signal Dispatcher" daemon [_thread_blocked, id=3800, stack(0x00000000586a0000,0x00000000587a0000)]
  0x0000000057617000 JavaThread "Finalizer" daemon [_thread_blocked, id=3360, stack(0x0000000058b30000,0x0000000058c30000)]
  0x0000000057610000 JavaThread "Reference Handler" daemon [_thread_blocked, id=7756, stack(0x0000000058a20000,0x0000000058b20000)]
  0x000000000252e800 JavaThread "main" [_thread_in_native, id=5860, stack(0x00000000028a0000,0x00000000029a0000)]

Other Threads:
  0x000000005760a800 VMThread [stack: 0x0000000058820000,0x0000000058920000] [id=6148]
  0x0000000058d0e800 WatcherThread [stack: 0x0000000059040000,0x0000000059140000] [id=8124]

VM state:not at safepoint (normal execution)

VM Mutex/Monitor currently owned by a thread: None

Heap:
 PSYoungGen      total 38400K, used 30045K [0x00000000d5d80000, 0x00000000da880000, 0x0000000100000000)
  eden space 33280K, 77% used [0x00000000d5d80000,0x00000000d76ab178,0x00000000d7e00000)
  from space 5120K, 83% used [0x00000000d7e00000,0x00000000d822c320,0x00000000d8300000)
  to   space 5120K, 0% used [0x00000000da380000,0x00000000da380000,0x00000000da880000)
 ParOldGen       total 87552K, used 8K [0x0000000081800000, 0x0000000086d80000, 0x00000000d5d80000)
  object space 87552K, 0% used [0x0000000081800000,0x0000000081802000,0x0000000086d80000)
 Metaspace       used 3759K, capacity 5144K, committed 5376K, reserved 1056768K
  class space    used 399K, capacity 456K, committed 512K, reserved 1048576K

Card table byte_map: [0x0000000011d60000,0x0000000012160000] byte_map_base: 0x0000000011954000

Marking Bits: (ParMarkBitMap*) 0x000000006051a5b0
 Begin Bits: [0x0000000012940000, 0x00000000148e0000)
 End Bits:   [0x00000000148e0000, 0x0000000016880000)

Polling page: 0x0000000000160000

CodeCache: size=245760Kb used=3063Kb max_used=3063Kb free=242696Kb
 bounds [0x00000000029a0000, 0x0000000002cb0000, 0x00000000119a0000]
 total_blobs=747 nmethods=497 adapters=163
 compilation: enabled

Compilation events (10 events):
Event: 0.568 Thread 0x000000005767f000  501       3       com.android.dx.cf.direct.StdAttributeFactory::runtimeInvisibleParameterAnnotations (44 bytes)
Event: 0.568 Thread 0x000000005767f000 nmethod 501 0x0000000002c7b990 code [0x0000000002c7bb40, 0x0000000002c7c058]
Event: 0.577 Thread 0x000000005767f000  503       3       com.android.dx.cf.direct.StdAttributeFactory::parse0 (532 bytes)
Event: 0.579 Thread 0x000000005767f000 nmethod 503 0x0000000002c995d0 code [0x0000000002c99d80, 0x0000000002c9e248]
Event: 0.611 Thread 0x000000005767f000  505       1       com.android.dx.cf.direct.DirectClassFile$DcfTypeList::size (5 bytes)
Event: 0.611 Thread 0x000000005767f000 nmethod 505 0x0000000002c7e110 code [0x0000000002c7e260, 0x0000000002c7e370]
Event: 0.617 Thread 0x000000005767f000  506       1       com.android.dx.cf.attrib.AttDeprecated::byteLength (3 bytes)
Event: 0.617 Thread 0x000000005767f000 nmethod 506 0x0000000002c7de50 code [0x0000000002c7dfa0, 0x0000000002c7e0b0]
Event: 0.624 Thread 0x000000005767f000  507       3       com.android.dx.cf.attrib.BaseParameterAnnotations::byteLength (8 bytes)
Event: 0.624 Thread 0x000000005767f000 nmethod 507 0x0000000002c94350 code [0x0000000002c944a0, 0x0000000002c945f0]

GC Heap History (2 events):
Event: 0.469 GC heap before
{Heap before GC invocations=1 (full 0):
 PSYoungGen      total 38400K, used 33280K [0x00000000d5d80000, 0x00000000d8800000, 0x0000000100000000)
  eden space 33280K, 100% used [0x00000000d5d80000,0x00000000d7e00000,0x00000000d7e00000)
  from space 5120K, 0% used [0x00000000d8300000,0x00000000d8300000,0x00000000d8800000)
  to   space 5120K, 0% used [0x00000000d7e00000,0x00000000d7e00000,0x00000000d8300000)
 ParOldGen       total 87552K, used 0K [0x0000000081800000, 0x0000000086d80000, 0x00000000d5d80000)
  object space 87552K, 0% used [0x0000000081800000,0x0000000081800000,0x0000000086d80000)
 Metaspace       used 3737K, capacity 5144K, committed 5376K, reserved 1056768K
  class space    used 398K, capacity 456K, committed 512K, reserved 1048576K
Event: 0.483 GC heap after
Heap after GC invocations=1 (full 0):
 PSYoungGen      total 38400K, used 4272K [0x00000000d5d80000, 0x00000000da880000, 0x0000000100000000)
  eden space 33280K, 0% used [0x00000000d5d80000,0x00000000d5d80000,0x00000000d7e00000)
  from space 5120K, 83% used [0x00000000d7e00000,0x00000000d822c320,0x00000000d8300000)
  to   space 5120K, 0% used [0x00000000da380000,0x00000000da380000,0x00000000da880000)
 ParOldGen       total 87552K, used 8K [0x0000000081800000, 0x0000000086d80000, 0x00000000d5d80000)
  object space 87552K, 0% used [0x0000000081800000,0x0000000081802000,0x0000000086d80000)
 Metaspace       used 3737K, capacity 5144K, committed 5376K, reserved 1056768K
  class space    used 398K, capacity 456K, committed 512K, reserved 1048576K
}

Deoptimization events (2 events):
Event: 0.365 Thread 0x000000000252e800 Uncommon trap: reason=unloaded action=reinterpret pc=0x0000000002ba7710 method=com.android.dx.cf.cst.ConstantPoolParser.parse0(ILjava/util/BitSet;)Lcom/android/dx/rop/cst/Constant; @ 220
Event: 0.576 Thread 0x000000000252e800 Uncommon trap: reason=unstable_if action=reinterpret pc=0x0000000002c52b24 method=com.android.dx.cf.direct.StdAttributeFactory.parse0(Lcom/android/dx/cf/direct/DirectClassFile;ILjava/lang/String;IILcom/android/dx/cf/iface/ParseObserver;)Lcom/android/dx/cf/

Internal exceptions (2 events):
Event: 0.035 Thread 0x000000000252e800 Exception <a 'java/lang/NoSuchMethodError': Method sun.misc.Unsafe.defineClass(Ljava/lang/String;[BII)Ljava/lang/Class; name or signature does not match> (0x00000000d5d93070) thrown at [C:\re\workspace\8-2-build-windows-amd64-cygwin\jdk8u66\5298\hotspot\sr_p,/ܡ?
Event: 0.035 Thread 0x000000000252e800 Exception <a 'java/lang/NoSuchMethodError': Method sun.misc.Unsafe.prefetchRead(Ljava/lang/Object;J)V name or signature does not match> (0x00000000d5d93358) thrown at [C:\re\workspace\8-2-build-windows-amd64-cygwin\jdk8u66\5298\hotspot\src\share\vm\prims\j

Events (10 events):
Event: 0.384 loading class com/android/dx/cf/attrib/AttExceptions done
Event: 0.398 loading class com/android/dx/cf/iface/ParseObserver
Event: 0.398 loading class com/android/dx/cf/iface/ParseObserver done
Event: 0.469 Executing VM operation: ParallelGCFailedAllocation
Event: 0.483 Executing VM operation: ParallelGCFailedAllocation done
Event: 0.576 Thread 0x000000000252e800 Uncommon trap: trap_request=0xffffff65 fr.pc=0x0000000002c52b24
Event: 0.576 Thread 0x000000000252e800 DEOPT PACKING pc=0x0000000002c52b24 sp=0x000000000299e550
Event: 0.576 Thread 0x000000000252e800 DEOPT UNPACKING pc=0x00000000029e582a sp=0x000000000299e548 mode 2
Event: 0.576 loading class com/android/dx/cf/attrib/AttRuntimeVisibleParameterAnnotations
Event: 0.576 loading class com/android/dx/cf/attrib/AttRuntimeVisibleParameterAnnotations done


Dynamic libraries:
0x000000013f360000 - 0x000000013f397000 	D:\jdkjava\jdk1.8.0_31\bin\java.exe
0x0000000077390000 - 0x000000007753a000 	C:\Windows\SYSTEM32\ntdll.dll
0x0000000077270000 - 0x000000007738f000 	C:\Windows\system32\kernel32.dll
0x000007fefd690000 - 0x000007fefd6fa000 	C:\Windows\system32\KERNELBASE.dll
0x000007feff1e0000 - 0x000007feff2bb000 	C:\Windows\system32\ADVAPI32.dll
0x000007fefedd0000 - 0x000007fefee6f000 	C:\Windows\system32\msvcrt.dll
0x000007feff1b0000 - 0x000007feff1cf000 	C:\Windows\SYSTEM32\sechost.dll
0x000007feff2c0000 - 0x000007feff3ed000 	C:\Windows\system32\RPCRT4.dll
0x0000000076b50000 - 0x0000000076c4a000 	C:\Windows\system32\USER32.dll
0x000007fefebf0000 - 0x000007fefec57000 	C:\Windows\system32\GDI32.dll
0x000007feff1d0000 - 0x000007feff1de000 	C:\Windows\system32\LPK.dll
0x000007fefed00000 - 0x000007fefedca000 	C:\Windows\system32\USP10.dll
0x000007fefbe10000 - 0x000007fefc004000 	C:\Windows\WinSxS\amd64_microsoft.windows.common-controls_6595b64144ccf1df_6.0.7601.18837_none_fa3b1e3d17594757\COMCTL32.dll
0x000007fefdb60000 - 0x000007fefdbd1000 	C:\Windows\system32\SHLWAPI.dll
0x000007fefda50000 - 0x000007fefda7e000 	C:\Windows\system32\IMM32.DLL
0x000007fefef70000 - 0x000007feff079000 	C:\Windows\system32\MSCTF.dll
0x0000000060df0000 - 0x0000000060ec2000 	D:\jdkjava\jdk1.8.0_31\jre\bin\msvcr100.dll
0x000000005fd10000 - 0x0000000060599000 	D:\jdkjava\jdk1.8.0_31\jre\bin\server\jvm.dll
0x000007feedc10000 - 0x000007feedc19000 	C:\Windows\system32\WSOCK32.dll
0x000007feff160000 - 0x000007feff1ad000 	C:\Windows\system32\WS2_32.dll
0x000007fefda40000 - 0x000007fefda48000 	C:\Windows\system32\NSI.dll
0x000007fefd920000 - 0x000007fefd95b000 	C:\Windows\system32\WINMM.dll
0x000007fefc700000 - 0x000007fefc70c000 	C:\Windows\system32\VERSION.dll
0x0000000077560000 - 0x0000000077567000 	C:\Windows\system32\PSAPI.DLL
0x0000000071240000 - 0x000000007124f000 	D:\jdkjava\jdk1.8.0_31\jre\bin\verify.dll
0x0000000071210000 - 0x0000000071239000 	D:\jdkjava\jdk1.8.0_31\jre\bin\java.dll
0x00000000711f0000 - 0x0000000071206000 	D:\jdkjava\jdk1.8.0_31\jre\bin\zip.dll
0x000007fefde60000 - 0x000007fefebe9000 	C:\Windows\system32\SHELL32.dll
0x000007feff4a0000 - 0x000007feff69c000 	C:\Windows\system32\ole32.dll
0x000007fefd5d0000 - 0x000007fefd5df000 	C:\Windows\system32\profapi.dll

VM Arguments:
jvm_args: -Djava.awt.headless=true -Dfile.encoding=UTF-8 -Duser.country=CN -Duser.language=zh -Duser.variant 
java_command: com.android.multidex.ClassReferenceListBuilder E:\zdh_git_workspace\english\app\build\intermediates\multi-dex\debug\componentClasses.jar E:\zdh_git_workspace\english\app\build\intermediates\transforms\jarMerging\debug\jars\1\1f\combined.jar
java_class_path (initial): E:\Android\sdk\build-tools\25.0.2\lib\dx.jar
Launcher Type: SUN_STANDARD

Environment Variables:
JAVA_HOME=D:\jdkjava\jdk1.8.0_31
CLASSPATH=.;D:\jdkjava\jdk1.8.0_31\lib\tools.jar;D:\jdkjava\jdk1.8.0_31\lib\dt.jar
PATH=D:\jdkjava\jdk1.8.0_31\bin;C:\Python27\Scripts;C:\Python27;E:\Android\sdk\platform-tools;C:\Program Files (x86)\Git\cmd;D:\sdk\platform-tools;C:\ProgramData\Oracle\Java\javapath;D:\jdkjava\jdk1.8.0_31\bin;C:\Program Files (x86)\NVIDIA Corporation\PhysX\Common;C:\Windows\system32;C:\Windows;C:\Windows\System32\Wbem;C:\Windows\System32\WindowsPowerShell\v1.0\;C:\Program Files (x86)\Common Files\microsoft shared\TigerKin;C:\Program Files (x86)\Git\cmd;D:\Program Files\nodejs\;C:\Program Files\TortoiseSVN\bin;C:\Program Files\PuTTY\;C:\Users\admin\AppData\Roaming\npm;C:\Program Files (x86)\SSH Communications Security\SSH Secure Shell
USERNAME=admin
OS=Windows_NT
PROCESSOR_IDENTIFIER=Intel64 Family 6 Model 60 Stepping 3, GenuineIntel



---------------  S Y S T E M  ---------------

OS: Windows 7 , 64 bit Build 7601 (6.1.7601.23796)

CPU:total 4 (4 cores per cpu, 1 threads per core) family 6 model 60 stepping 3, cmov, cx8, fxsr, mmx, sse, sse2, sse3, ssse3, sse4.1, sse4.2, popcnt, avx, avx2, aes, clmul, erms, rtm, lzcnt, tsc, tscinvbit, bmi1, bmi2

Memory: 4k page, physical 8286452k(565532k free), swap 9333168k(5128k free)

vm_info: Java HotSpot(TM) 64-Bit Server VM (25.66-b18) for windows-amd64 JRE (1.8.0_66-b18), built on Nov  9 2015 10:51:13 by "java_re" with MS VC++ 10.0 (VS2010)

time: Wed Aug 16 20:06:22 2017
elapsed time: 0 seconds (0d 0h 0m 0s)

